[0.442s] Invoking command in '/home/vihaan/ros2_ws/src/custom_explorer': PYTHONPATH=/home/vihaan/ros2_ws/build/custom_explorer/prefix_override:/usr/lib/python3/dist-packages/colcon_core/task/python/colcon_distutils_commands:/home/vihaan/ros2_ws/install/custom_explorer/lib/python3.10/site-packages:${PYTHONPATH} /usr/bin/python3 -W ignore:setup.py install is deprecated -W ignore:easy_install command is deprecated setup.py egg_info --egg-base ../../build/custom_explorer build --build-base /home/vihaan/ros2_ws/build/custom_explorer/build install --record /home/vihaan/ros2_ws/build/custom_explorer/install.log --single-version-externally-managed install_data
[0.615s] running egg_info
[0.615s] writing ../../build/custom_explorer/custom_explorer.egg-info/PKG-INFO
[0.615s] writing dependency_links to ../../build/custom_explorer/custom_explorer.egg-info/dependency_links.txt
[0.615s] writing entry points to ../../build/custom_explorer/custom_explorer.egg-info/entry_points.txt
[0.616s] writing requirements to ../../build/custom_explorer/custom_explorer.egg-info/requires.txt
[0.616s] writing top-level names to ../../build/custom_explorer/custom_explorer.egg-info/top_level.txt
[0.617s] reading manifest file '../../build/custom_explorer/custom_explorer.egg-info/SOURCES.txt'
[0.617s] writing manifest file '../../build/custom_explorer/custom_explorer.egg-info/SOURCES.txt'
[0.617s] running build
[0.617s] running build_py
[0.618s] running install
[0.618s] running install_lib
[0.619s] running install_data
[0.619s] running install_egg_info
[0.620s] removing '/home/vihaan/ros2_ws/install/custom_explorer/lib/python3.10/site-packages/custom_explorer-0.0.0-py3.10.egg-info' (and everything under it)
[0.620s] Copying ../../build/custom_explorer/custom_explorer.egg-info to /home/vihaan/ros2_ws/install/custom_explorer/lib/python3.10/site-packages/custom_explorer-0.0.0-py3.10.egg-info
[0.621s] running install_scripts
[0.636s] Installing explorer script to /home/vihaan/ros2_ws/install/custom_explorer/lib/custom_explorer
[0.636s] Installing launcher script to /home/vihaan/ros2_ws/install/custom_explorer/lib/custom_explorer
[0.636s] writing list of installed files to '/home/vihaan/ros2_ws/build/custom_explorer/install.log'
[0.653s] Invoked command in '/home/vihaan/ros2_ws/src/custom_explorer' returned '0': PYTHONPATH=/home/vihaan/ros2_ws/build/custom_explorer/prefix_override:/usr/lib/python3/dist-packages/colcon_core/task/python/colcon_distutils_commands:/home/vihaan/ros2_ws/install/custom_explorer/lib/python3.10/site-packages:${PYTHONPATH} /usr/bin/python3 -W ignore:setup.py install is deprecated -W ignore:easy_install command is deprecated setup.py egg_info --egg-base ../../build/custom_explorer build --build-base /home/vihaan/ros2_ws/build/custom_explorer/build install --record /home/vihaan/ros2_ws/build/custom_explorer/install.log --single-version-externally-managed install_data
