[0.702s] Invoking command in '/home/vihaan/ros2_ws/src/robot_config': PYTHONPATH=/home/vihaan/ros2_ws/build/robot_config/prefix_override:/usr/lib/python3/dist-packages/colcon_core/task/python/colcon_distutils_commands:/home/vihaan/ros2_ws/install/robot_config/lib/python3.10/site-packages:${PYTHONPATH} /usr/bin/python3 -W ignore:setup.py install is deprecated -W ignore:easy_install command is deprecated setup.py egg_info --egg-base ../../build/robot_config build --build-base /home/vihaan/ros2_ws/build/robot_config/build install --record /home/vihaan/ros2_ws/build/robot_config/install.log --single-version-externally-managed install_data
[0.891s] running egg_info
[0.892s] writing ../../build/robot_config/robot_config.egg-info/PKG-INFO
[0.892s] writing dependency_links to ../../build/robot_config/robot_config.egg-info/dependency_links.txt
[0.892s] writing entry points to ../../build/robot_config/robot_config.egg-info/entry_points.txt
[0.892s] writing requirements to ../../build/robot_config/robot_config.egg-info/requires.txt
[0.892s] writing top-level names to ../../build/robot_config/robot_config.egg-info/top_level.txt
[0.894s] reading manifest file '../../build/robot_config/robot_config.egg-info/SOURCES.txt'
[0.894s] writing manifest file '../../build/robot_config/robot_config.egg-info/SOURCES.txt'
[0.894s] running build
[0.894s] running build_py
[0.895s] running install
[0.896s] running install_lib
[0.897s] running install_data
[0.897s] copying robot_config/nav2_params.yaml -> /home/vihaan/ros2_ws/install/robot_config/share/robot_config/robot_config
[0.898s] running install_egg_info
[0.899s] removing '/home/vihaan/ros2_ws/install/robot_config/lib/python3.10/site-packages/robot_config-0.0.0-py3.10.egg-info' (and everything under it)
[0.899s] Copying ../../build/robot_config/robot_config.egg-info to /home/vihaan/ros2_ws/install/robot_config/lib/python3.10/site-packages/robot_config-0.0.0-py3.10.egg-info
[0.900s] running install_scripts
[0.916s] writing list of installed files to '/home/vihaan/ros2_ws/build/robot_config/install.log'
[0.939s] Invoked command in '/home/vihaan/ros2_ws/src/robot_config' returned '0': PYTHONPATH=/home/vihaan/ros2_ws/build/robot_config/prefix_override:/usr/lib/python3/dist-packages/colcon_core/task/python/colcon_distutils_commands:/home/vihaan/ros2_ws/install/robot_config/lib/python3.10/site-packages:${PYTHONPATH} /usr/bin/python3 -W ignore:setup.py install is deprecated -W ignore:easy_install command is deprecated setup.py egg_info --egg-base ../../build/robot_config build --build-base /home/vihaan/ros2_ws/build/robot_config/build install --record /home/vihaan/ros2_ws/build/robot_config/install.log --single-version-externally-managed install_data
