[1.818s] Invoking command in '/home/vihaan/ros2_ws/src/fire_flare': PYTHONPATH=/home/vihaan/ros2_ws/build/fire_flare/prefix_override:/usr/lib/python3/dist-packages/colcon_core/task/python/colcon_distutils_commands:/home/vihaan/ros2_ws/install/fire_flare/lib/python3.10/site-packages:${PYTHONPATH} /usr/bin/python3 -W ignore:setup.py install is deprecated -W ignore:easy_install command is deprecated setup.py egg_info --egg-base ../../build/fire_flare build --build-base /home/vihaan/ros2_ws/build/fire_flare/build install --record /home/vihaan/ros2_ws/build/fire_flare/install.log --single-version-externally-managed install_data
[2.119s] running egg_info
[2.120s] creating ../../build/fire_flare/fire_flare.egg-info
[2.121s] writing ../../build/fire_flare/fire_flare.egg-info/PKG-INFO
[2.121s] writing dependency_links to ../../build/fire_flare/fire_flare.egg-info/dependency_links.txt
[2.121s] writing entry points to ../../build/fire_flare/fire_flare.egg-info/entry_points.txt
[2.122s] writing requirements to ../../build/fire_flare/fire_flare.egg-info/requires.txt
[2.122s] writing top-level names to ../../build/fire_flare/fire_flare.egg-info/top_level.txt
[2.122s] writing manifest file '../../build/fire_flare/fire_flare.egg-info/SOURCES.txt'
[2.124s] reading manifest file '../../build/fire_flare/fire_flare.egg-info/SOURCES.txt'
[2.125s] writing manifest file '../../build/fire_flare/fire_flare.egg-info/SOURCES.txt'
[2.125s] running build
[2.125s] running build_py
[2.125s] creating /home/vihaan/ros2_ws/build/fire_flare/build
[2.126s] creating /home/vihaan/ros2_ws/build/fire_flare/build/lib
[2.126s] creating /home/vihaan/ros2_ws/build/fire_flare/build/lib/fire_flare
[2.126s] copying fire_flare/__init__.py -> /home/vihaan/ros2_ws/build/fire_flare/build/lib/fire_flare
[2.126s] running install
[2.126s] running install_lib
[2.127s] creating /home/vihaan/ros2_ws/install/fire_flare/lib/python3.10/site-packages/fire_flare
[2.127s] copying /home/vihaan/ros2_ws/build/fire_flare/build/lib/fire_flare/__init__.py -> /home/vihaan/ros2_ws/install/fire_flare/lib/python3.10/site-packages/fire_flare
[2.128s] byte-compiling /home/vihaan/ros2_ws/install/fire_flare/lib/python3.10/site-packages/fire_flare/__init__.py to __init__.cpython-310.pyc
[2.128s] running install_data
[2.128s] creating /home/vihaan/ros2_ws/install/fire_flare/share/ament_index
[2.128s] creating /home/vihaan/ros2_ws/install/fire_flare/share/ament_index/resource_index
[2.128s] creating /home/vihaan/ros2_ws/install/fire_flare/share/ament_index/resource_index/packages
[2.129s] copying resource/fire_flare -> /home/vihaan/ros2_ws/install/fire_flare/share/ament_index/resource_index/packages
[2.129s] copying package.xml -> /home/vihaan/ros2_ws/install/fire_flare/share/fire_flare
[2.129s] running install_egg_info
[2.131s] Copying ../../build/fire_flare/fire_flare.egg-info to /home/vihaan/ros2_ws/install/fire_flare/lib/python3.10/site-packages/fire_flare-0.0.0-py3.10.egg-info
[2.132s] running install_scripts
[2.156s] writing list of installed files to '/home/vihaan/ros2_ws/build/fire_flare/install.log'
[2.222s] Invoked command in '/home/vihaan/ros2_ws/src/fire_flare' returned '0': PYTHONPATH=/home/vihaan/ros2_ws/build/fire_flare/prefix_override:/usr/lib/python3/dist-packages/colcon_core/task/python/colcon_distutils_commands:/home/vihaan/ros2_ws/install/fire_flare/lib/python3.10/site-packages:${PYTHONPATH} /usr/bin/python3 -W ignore:setup.py install is deprecated -W ignore:easy_install command is deprecated setup.py egg_info --egg-base ../../build/fire_flare build --build-base /home/vihaan/ros2_ws/build/fire_flare/build install --record /home/vihaan/ros2_ws/build/fire_flare/install.log --single-version-externally-managed install_data
