[2.534s] Invoking command in '/home/vihaan/ros2_ws/src/custom_explorer': PYTHONPATH=/home/vihaan/ros2_ws/build/custom_explorer/prefix_override:/usr/lib/python3/dist-packages/colcon_core/task/python/colcon_distutils_commands:/home/vihaan/ros2_ws/install/custom_explorer/lib/python3.10/site-packages:${PYTHONPATH} /usr/bin/python3 -W ignore:setup.py install is deprecated -W ignore:easy_install command is deprecated setup.py egg_info --egg-base ../../build/custom_explorer build --build-base /home/vihaan/ros2_ws/build/custom_explorer/build install --record /home/vihaan/ros2_ws/build/custom_explorer/install.log --single-version-externally-managed install_data
[2.878s] running egg_info
[2.879s] writing ../../build/custom_explorer/custom_explorer.egg-info/PKG-INFO
[2.879s] writing dependency_links to ../../build/custom_explorer/custom_explorer.egg-info/dependency_links.txt
[2.880s] writing entry points to ../../build/custom_explorer/custom_explorer.egg-info/entry_points.txt
[2.880s] writing requirements to ../../build/custom_explorer/custom_explorer.egg-info/requires.txt
[2.880s] writing top-level names to ../../build/custom_explorer/custom_explorer.egg-info/top_level.txt
[2.883s] reading manifest file '../../build/custom_explorer/custom_explorer.egg-info/SOURCES.txt'
[2.884s] writing manifest file '../../build/custom_explorer/custom_explorer.egg-info/SOURCES.txt'
[2.885s] running build
[2.885s] running build_py
[2.885s] running install
[2.886s] running install_lib
[2.888s] running install_data
[2.888s] running install_egg_info
[2.891s] removing '/home/vihaan/ros2_ws/install/custom_explorer/lib/python3.10/site-packages/custom_explorer-0.0.0-py3.10.egg-info' (and everything under it)
[2.891s] Copying ../../build/custom_explorer/custom_explorer.egg-info to /home/vihaan/ros2_ws/install/custom_explorer/lib/python3.10/site-packages/custom_explorer-0.0.0-py3.10.egg-info
[2.893s] running install_scripts
[2.926s] Installing explorer script to /home/vihaan/ros2_ws/install/custom_explorer/lib/custom_explorer
[2.927s] writing list of installed files to '/home/vihaan/ros2_ws/build/custom_explorer/install.log'
[3.017s] Invoked command in '/home/vihaan/ros2_ws/src/custom_explorer' returned '0': PYTHONPATH=/home/vihaan/ros2_ws/build/custom_explorer/prefix_override:/usr/lib/python3/dist-packages/colcon_core/task/python/colcon_distutils_commands:/home/vihaan/ros2_ws/install/custom_explorer/lib/python3.10/site-packages:${PYTHONPATH} /usr/bin/python3 -W ignore:setup.py install is deprecated -W ignore:easy_install command is deprecated setup.py egg_info --egg-base ../../build/custom_explorer build --build-base /home/vihaan/ros2_ws/build/custom_explorer/build install --record /home/vihaan/ros2_ws/build/custom_explorer/install.log --single-version-externally-managed install_data
