[2.820s] Invoking command in '/home/vihaan/ros2_ws/src/pure_pursuit': PYTHONPATH=/home/vihaan/ros2_ws/build/pure_pursuit/prefix_override:/usr/lib/python3/dist-packages/colcon_core/task/python/colcon_distutils_commands:/home/vihaan/ros2_ws/install/pure_pursuit/lib/python3.10/site-packages:${PYTHONPATH} /usr/bin/python3 -W ignore:setup.py install is deprecated -W ignore:easy_install command is deprecated setup.py egg_info --egg-base ../../build/pure_pursuit build --build-base /home/vihaan/ros2_ws/build/pure_pursuit/build install --record /home/vihaan/ros2_ws/build/pure_pursuit/install.log --single-version-externally-managed install_data
[3.169s] running egg_info
[3.171s] writing ../../build/pure_pursuit/pure_pursuit.egg-info/PKG-INFO
[3.171s] writing dependency_links to ../../build/pure_pursuit/pure_pursuit.egg-info/dependency_links.txt
[3.171s] writing entry points to ../../build/pure_pursuit/pure_pursuit.egg-info/entry_points.txt
[3.171s] writing requirements to ../../build/pure_pursuit/pure_pursuit.egg-info/requires.txt
[3.172s] writing top-level names to ../../build/pure_pursuit/pure_pursuit.egg-info/top_level.txt
[3.174s] reading manifest file '../../build/pure_pursuit/pure_pursuit.egg-info/SOURCES.txt'
[3.175s] writing manifest file '../../build/pure_pursuit/pure_pursuit.egg-info/SOURCES.txt'
[3.176s] running build
[3.176s] running build_py
[3.176s] running install
[3.176s] running install_lib
[3.179s] running install_data
[3.179s] running install_egg_info
[3.182s] removing '/home/vihaan/ros2_ws/install/pure_pursuit/lib/python3.10/site-packages/pure_pursuit-0.0.0-py3.10.egg-info' (and everything under it)
[3.183s] Copying ../../build/pure_pursuit/pure_pursuit.egg-info to /home/vihaan/ros2_ws/install/pure_pursuit/lib/python3.10/site-packages/pure_pursuit-0.0.0-py3.10.egg-info
[3.184s] running install_scripts
[3.216s] Installing pursuit_node script to /home/vihaan/ros2_ws/install/pure_pursuit/lib/pure_pursuit
[3.217s] writing list of installed files to '/home/vihaan/ros2_ws/build/pure_pursuit/install.log'
[3.298s] Invoked command in '/home/vihaan/ros2_ws/src/pure_pursuit' returned '0': PYTHONPATH=/home/vihaan/ros2_ws/build/pure_pursuit/prefix_override:/usr/lib/python3/dist-packages/colcon_core/task/python/colcon_distutils_commands:/home/vihaan/ros2_ws/install/pure_pursuit/lib/python3.10/site-packages:${PYTHONPATH} /usr/bin/python3 -W ignore:setup.py install is deprecated -W ignore:easy_install command is deprecated setup.py egg_info --egg-base ../../build/pure_pursuit build --build-base /home/vihaan/ros2_ws/build/pure_pursuit/build install --record /home/vihaan/ros2_ws/build/pure_pursuit/install.log --single-version-externally-managed install_data
