[1.633s] Invoking command in '/home/vihaan/ros2_ws/src/robot_config': PYTHONPATH=/home/vihaan/ros2_ws/build/robot_config/prefix_override:/usr/lib/python3/dist-packages/colcon_core/task/python/colcon_distutils_commands:/home/vihaan/ros2_ws/install/robot_config/lib/python3.10/site-packages:${PYTHONPATH} /usr/bin/python3 -W ignore:setup.py install is deprecated -W ignore:easy_install command is deprecated setup.py egg_info --egg-base ../../build/robot_config build --build-base /home/vihaan/ros2_ws/build/robot_config/build install --record /home/vihaan/ros2_ws/build/robot_config/install.log --single-version-externally-managed install_data
[1.964s] running egg_info
[1.964s] writing ../../build/robot_config/robot_config.egg-info/PKG-INFO
[1.965s] writing dependency_links to ../../build/robot_config/robot_config.egg-info/dependency_links.txt
[1.965s] writing entry points to ../../build/robot_config/robot_config.egg-info/entry_points.txt
[1.965s] writing requirements to ../../build/robot_config/robot_config.egg-info/requires.txt
[1.965s] writing top-level names to ../../build/robot_config/robot_config.egg-info/top_level.txt
[1.968s] reading manifest file '../../build/robot_config/robot_config.egg-info/SOURCES.txt'
[1.969s] writing manifest file '../../build/robot_config/robot_config.egg-info/SOURCES.txt'
[1.969s] running build
[1.969s] running build_py
[1.969s] running install
[1.970s] running install_lib
[1.971s] running install_data
[1.972s] running install_egg_info
[1.975s] removing '/home/vihaan/ros2_ws/install/robot_config/lib/python3.10/site-packages/robot_config-0.0.0-py3.10.egg-info' (and everything under it)
[1.975s] Copying ../../build/robot_config/robot_config.egg-info to /home/vihaan/ros2_ws/install/robot_config/lib/python3.10/site-packages/robot_config-0.0.0-py3.10.egg-info
[1.976s] running install_scripts
[2.007s] writing list of installed files to '/home/vihaan/ros2_ws/build/robot_config/install.log'
[2.053s] Invoked command in '/home/vihaan/ros2_ws/src/robot_config' returned '0': PYTHONPATH=/home/vihaan/ros2_ws/build/robot_config/prefix_override:/usr/lib/python3/dist-packages/colcon_core/task/python/colcon_distutils_commands:/home/vihaan/ros2_ws/install/robot_config/lib/python3.10/site-packages:${PYTHONPATH} /usr/bin/python3 -W ignore:setup.py install is deprecated -W ignore:easy_install command is deprecated setup.py egg_info --egg-base ../../build/robot_config build --build-base /home/vihaan/ros2_ws/build/robot_config/build install --record /home/vihaan/ros2_ws/build/robot_config/install.log --single-version-externally-managed install_data
