[1.893s] Invoking command in '/home/vihaan/ros2_ws/src/custom_explorer': PYTHONPATH=/home/vihaan/ros2_ws/src/build/custom_explorer/prefix_override:/usr/lib/python3/dist-packages/colcon_core/task/python/colcon_distutils_commands:/home/vihaan/ros2_ws/src/install/custom_explorer/lib/python3.10/site-packages:${PYTHONPATH} /usr/bin/python3 -W ignore:setup.py install is deprecated -W ignore:easy_install command is deprecated setup.py egg_info --egg-base ../build/custom_explorer build --build-base /home/vihaan/ros2_ws/src/build/custom_explorer/build install --record /home/vihaan/ros2_ws/src/build/custom_explorer/install.log --single-version-externally-managed install_data
[2.228s] running egg_info
[2.229s] writing ../build/custom_explorer/custom_explorer.egg-info/PKG-INFO
[2.229s] writing dependency_links to ../build/custom_explorer/custom_explorer.egg-info/dependency_links.txt
[2.229s] writing entry points to ../build/custom_explorer/custom_explorer.egg-info/entry_points.txt
[2.230s] writing requirements to ../build/custom_explorer/custom_explorer.egg-info/requires.txt
[2.230s] writing top-level names to ../build/custom_explorer/custom_explorer.egg-info/top_level.txt
[2.232s] reading manifest file '../build/custom_explorer/custom_explorer.egg-info/SOURCES.txt'
[2.234s] writing manifest file '../build/custom_explorer/custom_explorer.egg-info/SOURCES.txt'
[2.234s] running build
[2.235s] running build_py
[2.235s] copying custom_explorer/explorer.py -> /home/vihaan/ros2_ws/src/build/custom_explorer/build/lib/custom_explorer
[2.235s] running install
[2.236s] running install_lib
[2.237s] copying /home/vihaan/ros2_ws/src/build/custom_explorer/build/lib/custom_explorer/explorer.py -> /home/vihaan/ros2_ws/src/install/custom_explorer/lib/python3.10/site-packages/custom_explorer
[2.239s] byte-compiling /home/vihaan/ros2_ws/src/install/custom_explorer/lib/python3.10/site-packages/custom_explorer/explorer.py to explorer.cpython-310.pyc
[2.240s] running install_data
[2.240s] running install_egg_info
[2.243s] removing '/home/vihaan/ros2_ws/src/install/custom_explorer/lib/python3.10/site-packages/custom_explorer-0.0.0-py3.10.egg-info' (and everything under it)
[2.243s] Copying ../build/custom_explorer/custom_explorer.egg-info to /home/vihaan/ros2_ws/src/install/custom_explorer/lib/python3.10/site-packages/custom_explorer-0.0.0-py3.10.egg-info
[2.245s] running install_scripts
[2.276s] Installing explorer script to /home/vihaan/ros2_ws/src/install/custom_explorer/lib/custom_explorer
[2.277s] writing list of installed files to '/home/vihaan/ros2_ws/src/build/custom_explorer/install.log'
[2.346s] Invoked command in '/home/vihaan/ros2_ws/src/custom_explorer' returned '0': PYTHONPATH=/home/vihaan/ros2_ws/src/build/custom_explorer/prefix_override:/usr/lib/python3/dist-packages/colcon_core/task/python/colcon_distutils_commands:/home/vihaan/ros2_ws/src/install/custom_explorer/lib/python3.10/site-packages:${PYTHONPATH} /usr/bin/python3 -W ignore:setup.py install is deprecated -W ignore:easy_install command is deprecated setup.py egg_info --egg-base ../build/custom_explorer build --build-base /home/vihaan/ros2_ws/src/build/custom_explorer/build install --record /home/vihaan/ros2_ws/src/build/custom_explorer/install.log --single-version-externally-managed install_data
