[1.768s] Invoking command in '/home/vihaan/ros2_ws/src/thermal_explorer': PYTHONPATH=/home/vihaan/ros2_ws/src/build/thermal_explorer/prefix_override:/usr/lib/python3/dist-packages/colcon_core/task/python/colcon_distutils_commands:/home/vihaan/ros2_ws/src/install/thermal_explorer/lib/python3.10/site-packages:${PYTHONPATH} /usr/bin/python3 -W ignore:setup.py install is deprecated -W ignore:easy_install command is deprecated setup.py egg_info --egg-base ../build/thermal_explorer build --build-base /home/vihaan/ros2_ws/src/build/thermal_explorer/build install --record /home/vihaan/ros2_ws/src/build/thermal_explorer/install.log --single-version-externally-managed install_data
[2.060s] running egg_info
[2.061s] writing ../build/thermal_explorer/thermal_explorer.egg-info/PKG-INFO
[2.061s] writing dependency_links to ../build/thermal_explorer/thermal_explorer.egg-info/dependency_links.txt
[2.061s] writing entry points to ../build/thermal_explorer/thermal_explorer.egg-info/entry_points.txt
[2.062s] writing requirements to ../build/thermal_explorer/thermal_explorer.egg-info/requires.txt
[2.062s] writing top-level names to ../build/thermal_explorer/thermal_explorer.egg-info/top_level.txt
[2.064s] reading manifest file '../build/thermal_explorer/thermal_explorer.egg-info/SOURCES.txt'
[2.065s] writing manifest file '../build/thermal_explorer/thermal_explorer.egg-info/SOURCES.txt'
[2.065s] running build
[2.065s] running build_py
[2.065s] running install
[2.065s] running install_lib
[2.067s] running install_data
[2.067s] running install_egg_info
[2.070s] removing '/home/vihaan/ros2_ws/src/install/thermal_explorer/lib/python3.10/site-packages/thermal_explorer-0.0.0-py3.10.egg-info' (and everything under it)
[2.070s] Copying ../build/thermal_explorer/thermal_explorer.egg-info to /home/vihaan/ros2_ws/src/install/thermal_explorer/lib/python3.10/site-packages/thermal_explorer-0.0.0-py3.10.egg-info
[2.071s] running install_scripts
[2.096s] Installing thermal script to /home/vihaan/ros2_ws/src/install/thermal_explorer/lib/thermal_explorer
[2.097s] writing list of installed files to '/home/vihaan/ros2_ws/src/build/thermal_explorer/install.log'
[2.133s] Invoked command in '/home/vihaan/ros2_ws/src/thermal_explorer' returned '0': PYTHONPATH=/home/vihaan/ros2_ws/src/build/thermal_explorer/prefix_override:/usr/lib/python3/dist-packages/colcon_core/task/python/colcon_distutils_commands:/home/vihaan/ros2_ws/src/install/thermal_explorer/lib/python3.10/site-packages:${PYTHONPATH} /usr/bin/python3 -W ignore:setup.py install is deprecated -W ignore:easy_install command is deprecated setup.py egg_info --egg-base ../build/thermal_explorer build --build-base /home/vihaan/ros2_ws/src/build/thermal_explorer/build install --record /home/vihaan/ros2_ws/src/build/thermal_explorer/install.log --single-version-externally-managed install_data
