[1.232s] Invoking command in '/home/vihaan/ros2_ws/src/robot_config': PYTHONPATH=/home/vihaan/ros2_ws/build/robot_config/prefix_override:/usr/lib/python3/dist-packages/colcon_core/task/python/colcon_distutils_commands:/home/vihaan/ros2_ws/install/robot_config/lib/python3.10/site-packages:${PYTHONPATH} /usr/bin/python3 -W ignore:setup.py install is deprecated -W ignore:easy_install command is deprecated setup.py egg_info --egg-base ../../build/robot_config build --build-base /home/vihaan/ros2_ws/build/robot_config/build install --record /home/vihaan/ros2_ws/build/robot_config/install.log --single-version-externally-managed install_data
[1.451s] running egg_info
[1.452s] writing ../../build/robot_config/robot_config.egg-info/PKG-INFO
[1.452s] writing dependency_links to ../../build/robot_config/robot_config.egg-info/dependency_links.txt
[1.452s] writing entry points to ../../build/robot_config/robot_config.egg-info/entry_points.txt
[1.452s] writing requirements to ../../build/robot_config/robot_config.egg-info/requires.txt
[1.452s] writing top-level names to ../../build/robot_config/robot_config.egg-info/top_level.txt
[1.453s] reading manifest file '../../build/robot_config/robot_config.egg-info/SOURCES.txt'
[1.454s] writing manifest file '../../build/robot_config/robot_config.egg-info/SOURCES.txt'
[1.454s] running build
[1.454s] running build_py
[1.454s] running install
[1.455s] running install_lib
[1.456s] running install_data
[1.456s] running install_egg_info
[1.458s] removing '/home/vihaan/ros2_ws/install/robot_config/lib/python3.10/site-packages/robot_config-0.0.0-py3.10.egg-info' (and everything under it)
[1.458s] Copying ../../build/robot_config/robot_config.egg-info to /home/vihaan/ros2_ws/install/robot_config/lib/python3.10/site-packages/robot_config-0.0.0-py3.10.egg-info
[1.459s] running install_scripts
[1.479s] writing list of installed files to '/home/vihaan/ros2_ws/build/robot_config/install.log'
[1.528s] Invoked command in '/home/vihaan/ros2_ws/src/robot_config' returned '0': PYTHONPATH=/home/vihaan/ros2_ws/build/robot_config/prefix_override:/usr/lib/python3/dist-packages/colcon_core/task/python/colcon_distutils_commands:/home/vihaan/ros2_ws/install/robot_config/lib/python3.10/site-packages:${PYTHONPATH} /usr/bin/python3 -W ignore:setup.py install is deprecated -W ignore:easy_install command is deprecated setup.py egg_info --egg-base ../../build/robot_config build --build-base /home/vihaan/ros2_ws/build/robot_config/build install --record /home/vihaan/ros2_ws/build/robot_config/install.log --single-version-externally-managed install_data
