[0.268s] DEBUG:colcon:Command line arguments: ['/usr/bin/colcon', 'build']
[0.268s] DEBUG:colcon:Parsed command line arguments: Namespace(log_base=None, log_level=None, verb_name='build', build_base='build', install_base='install', merge_install=False, symlink_install=False, test_result_base=None, continue_on_error=False, executor='parallel', parallel_workers=16, event_handlers=None, ignore_user_meta=False, metas=['./colcon.meta'], base_paths=['.'], packages_ignore=None, packages_ignore_regex=None, paths=None, packages_up_to=None, packages_up_to_regex=None, packages_above=None, packages_above_and_dependencies=None, packages_above_depth=None, packages_select_by_dep=None, packages_skip_by_dep=None, packages_skip_up_to=None, packages_select_build_failed=False, packages_skip_build_finished=False, packages_select_test_failures=False, packages_skip_test_passed=False, packages_select=None, packages_skip=None, packages_select_regex=None, packages_skip_regex=None, packages_start=None, packages_end=None, allow_overriding=[], cmake_args=None, cmake_target=None, cmake_target_skip_unavailable=False, cmake_clean_cache=False, cmake_clean_first=False, cmake_force_configure=False, ament_cmake_args=None, catkin_cmake_args=None, catkin_skip_building_tests=False, verb_parser=<colcon_defaults.argument_parser.defaults.DefaultArgumentsDecorator object at 0x7ed220284a30>, verb_extension=<colcon_core.verb.build.BuildVerb object at 0x7ed220284370>, main=<bound method BuildVerb.main of <colcon_core.verb.build.BuildVerb object at 0x7ed220284370>>)
[0.668s] Level 1:colcon.colcon_core.package_discovery:discover_packages(colcon_meta) check parameters
[0.668s] Level 1:colcon.colcon_core.package_discovery:discover_packages(recursive) check parameters
[0.668s] Level 1:colcon.colcon_core.package_discovery:discover_packages(ignore) check parameters
[0.668s] Level 1:colcon.colcon_core.package_discovery:discover_packages(path) check parameters
[0.668s] Level 1:colcon.colcon_core.package_discovery:discover_packages(colcon_meta) discover
[0.669s] Level 1:colcon.colcon_core.package_discovery:discover_packages(recursive) discover
[0.669s] INFO:colcon.colcon_core.package_discovery:Crawling recursively for packages in '/home/vihaan/ros2_ws'
[0.669s] Level 1:colcon.colcon_core.package_identification:_identify(.) by extensions ['ignore', 'ignore_ament_install']
[0.669s] Level 1:colcon.colcon_core.package_identification:_identify(.) by extension 'ignore'
[0.669s] Level 1:colcon.colcon_core.package_identification:_identify(.) by extension 'ignore_ament_install'
[0.669s] Level 1:colcon.colcon_core.package_identification:_identify(.) by extensions ['colcon_pkg']
[0.669s] Level 1:colcon.colcon_core.package_identification:_identify(.) by extension 'colcon_pkg'
[0.670s] Level 1:colcon.colcon_core.package_identification:_identify(.) by extensions ['colcon_meta']
[0.670s] Level 1:colcon.colcon_core.package_identification:_identify(.) by extension 'colcon_meta'
[0.670s] Level 1:colcon.colcon_core.package_identification:_identify(.) by extensions ['ros']
[0.670s] Level 1:colcon.colcon_core.package_identification:_identify(.) by extension 'ros'
[0.693s] Level 1:colcon.colcon_core.package_identification:_identify(.) by extensions ['cmake', 'python']
[0.694s] Level 1:colcon.colcon_core.package_identification:_identify(.) by extension 'cmake'
[0.694s] Level 1:colcon.colcon_core.package_identification:_identify(.) by extension 'python'
[0.694s] Level 1:colcon.colcon_core.package_identification:_identify(.) by extensions ['python_setup_py']
[0.694s] Level 1:colcon.colcon_core.package_identification:_identify(.) by extension 'python_setup_py'
[0.694s] Level 1:colcon.colcon_core.package_identification:_identify(build) by extensions ['ignore', 'ignore_ament_install']
[0.694s] Level 1:colcon.colcon_core.package_identification:_identify(build) by extension 'ignore'
[0.694s] Level 1:colcon.colcon_core.package_identification:_identify(build) ignored
[0.695s] Level 1:colcon.colcon_core.package_identification:_identify(install) by extensions ['ignore', 'ignore_ament_install']
[0.695s] Level 1:colcon.colcon_core.package_identification:_identify(install) by extension 'ignore'
[0.695s] Level 1:colcon.colcon_core.package_identification:_identify(install) ignored
[0.695s] Level 1:colcon.colcon_core.package_identification:_identify(log) by extensions ['ignore', 'ignore_ament_install']
[0.695s] Level 1:colcon.colcon_core.package_identification:_identify(log) by extension 'ignore'
[0.696s] Level 1:colcon.colcon_core.package_identification:_identify(log) ignored
[0.696s] Level 1:colcon.colcon_core.package_identification:_identify(src) by extensions ['ignore', 'ignore_ament_install']
[0.696s] Level 1:colcon.colcon_core.package_identification:_identify(src) by extension 'ignore'
[0.696s] Level 1:colcon.colcon_core.package_identification:_identify(src) by extension 'ignore_ament_install'
[0.696s] Level 1:colcon.colcon_core.package_identification:_identify(src) by extensions ['colcon_pkg']
[0.696s] Level 1:colcon.colcon_core.package_identification:_identify(src) by extension 'colcon_pkg'
[0.696s] Level 1:colcon.colcon_core.package_identification:_identify(src) by extensions ['colcon_meta']
[0.696s] Level 1:colcon.colcon_core.package_identification:_identify(src) by extension 'colcon_meta'
[0.696s] Level 1:colcon.colcon_core.package_identification:_identify(src) by extensions ['ros']
[0.697s] Level 1:colcon.colcon_core.package_identification:_identify(src) by extension 'ros'
[0.697s] Level 1:colcon.colcon_core.package_identification:_identify(src) by extensions ['cmake', 'python']
[0.697s] Level 1:colcon.colcon_core.package_identification:_identify(src) by extension 'cmake'
[0.697s] Level 1:colcon.colcon_core.package_identification:_identify(src) by extension 'python'
[0.697s] Level 1:colcon.colcon_core.package_identification:_identify(src) by extensions ['python_setup_py']
[0.697s] Level 1:colcon.colcon_core.package_identification:_identify(src) by extension 'python_setup_py'
[0.697s] Level 1:colcon.colcon_core.package_identification:_identify(src/build) by extensions ['ignore', 'ignore_ament_install']
[0.697s] Level 1:colcon.colcon_core.package_identification:_identify(src/build) by extension 'ignore'
[0.698s] Level 1:colcon.colcon_core.package_identification:_identify(src/build) ignored
[0.698s] Level 1:colcon.colcon_core.package_identification:_identify(src/custom_explorer) by extensions ['ignore', 'ignore_ament_install']
[0.698s] Level 1:colcon.colcon_core.package_identification:_identify(src/custom_explorer) by extension 'ignore'
[0.698s] Level 1:colcon.colcon_core.package_identification:_identify(src/custom_explorer) by extension 'ignore_ament_install'
[0.698s] Level 1:colcon.colcon_core.package_identification:_identify(src/custom_explorer) by extensions ['colcon_pkg']
[0.698s] Level 1:colcon.colcon_core.package_identification:_identify(src/custom_explorer) by extension 'colcon_pkg'
[0.698s] Level 1:colcon.colcon_core.package_identification:_identify(src/custom_explorer) by extensions ['colcon_meta']
[0.698s] Level 1:colcon.colcon_core.package_identification:_identify(src/custom_explorer) by extension 'colcon_meta'
[0.698s] Level 1:colcon.colcon_core.package_identification:_identify(src/custom_explorer) by extensions ['ros']
[0.699s] Level 1:colcon.colcon_core.package_identification:_identify(src/custom_explorer) by extension 'ros'
[0.704s] DEBUG:colcon.colcon_core.package_identification:Package 'src/custom_explorer' with type 'ros.ament_python' and name 'custom_explorer'
[0.705s] Level 1:colcon.colcon_core.package_identification:_identify(src/fire_flare) by extensions ['ignore', 'ignore_ament_install']
[0.705s] Level 1:colcon.colcon_core.package_identification:_identify(src/fire_flare) by extension 'ignore'
[0.705s] Level 1:colcon.colcon_core.package_identification:_identify(src/fire_flare) by extension 'ignore_ament_install'
[0.705s] Level 1:colcon.colcon_core.package_identification:_identify(src/fire_flare) by extensions ['colcon_pkg']
[0.705s] Level 1:colcon.colcon_core.package_identification:_identify(src/fire_flare) by extension 'colcon_pkg'
[0.705s] Level 1:colcon.colcon_core.package_identification:_identify(src/fire_flare) by extensions ['colcon_meta']
[0.705s] Level 1:colcon.colcon_core.package_identification:_identify(src/fire_flare) by extension 'colcon_meta'
[0.705s] Level 1:colcon.colcon_core.package_identification:_identify(src/fire_flare) by extensions ['ros']
[0.705s] Level 1:colcon.colcon_core.package_identification:_identify(src/fire_flare) by extension 'ros'
[0.706s] DEBUG:colcon.colcon_core.package_identification:Package 'src/fire_flare' with type 'ros.ament_python' and name 'fire_flare'
[0.707s] Level 1:colcon.colcon_core.package_identification:_identify(src/install) by extensions ['ignore', 'ignore_ament_install']
[0.707s] Level 1:colcon.colcon_core.package_identification:_identify(src/install) by extension 'ignore'
[0.707s] Level 1:colcon.colcon_core.package_identification:_identify(src/install) ignored
[0.707s] Level 1:colcon.colcon_core.package_identification:_identify(src/log) by extensions ['ignore', 'ignore_ament_install']
[0.707s] Level 1:colcon.colcon_core.package_identification:_identify(src/log) by extension 'ignore'
[0.708s] Level 1:colcon.colcon_core.package_identification:_identify(src/log) ignored
[0.708s] Level 1:colcon.colcon_core.package_identification:_identify(src/robot_config) by extensions ['ignore', 'ignore_ament_install']
[0.708s] Level 1:colcon.colcon_core.package_identification:_identify(src/robot_config) by extension 'ignore'
[0.708s] Level 1:colcon.colcon_core.package_identification:_identify(src/robot_config) by extension 'ignore_ament_install'
[0.708s] Level 1:colcon.colcon_core.package_identification:_identify(src/robot_config) by extensions ['colcon_pkg']
[0.708s] Level 1:colcon.colcon_core.package_identification:_identify(src/robot_config) by extension 'colcon_pkg'
[0.708s] Level 1:colcon.colcon_core.package_identification:_identify(src/robot_config) by extensions ['colcon_meta']
[0.708s] Level 1:colcon.colcon_core.package_identification:_identify(src/robot_config) by extension 'colcon_meta'
[0.708s] Level 1:colcon.colcon_core.package_identification:_identify(src/robot_config) by extensions ['ros']
[0.709s] Level 1:colcon.colcon_core.package_identification:_identify(src/robot_config) by extension 'ros'
[0.710s] DEBUG:colcon.colcon_core.package_identification:Package 'src/robot_config' with type 'ros.ament_python' and name 'robot_config'
[0.710s] Level 1:colcon.colcon_core.package_identification:_identify(src/thermal_explorer) by extensions ['ignore', 'ignore_ament_install']
[0.710s] Level 1:colcon.colcon_core.package_identification:_identify(src/thermal_explorer) by extension 'ignore'
[0.710s] Level 1:colcon.colcon_core.package_identification:_identify(src/thermal_explorer) by extension 'ignore_ament_install'
[0.710s] Level 1:colcon.colcon_core.package_identification:_identify(src/thermal_explorer) by extensions ['colcon_pkg']
[0.710s] Level 1:colcon.colcon_core.package_identification:_identify(src/thermal_explorer) by extension 'colcon_pkg'
[0.710s] Level 1:colcon.colcon_core.package_identification:_identify(src/thermal_explorer) by extensions ['colcon_meta']
[0.710s] Level 1:colcon.colcon_core.package_identification:_identify(src/thermal_explorer) by extension 'colcon_meta'
[0.711s] Level 1:colcon.colcon_core.package_identification:_identify(src/thermal_explorer) by extensions ['ros']
[0.711s] Level 1:colcon.colcon_core.package_identification:_identify(src/thermal_explorer) by extension 'ros'
[0.712s] DEBUG:colcon.colcon_core.package_identification:Package 'src/thermal_explorer' with type 'ros.ament_python' and name 'thermal_explorer'
[0.712s] Level 1:colcon.colcon_core.package_discovery:discover_packages(recursive) using defaults
[0.712s] Level 1:colcon.colcon_core.package_discovery:discover_packages(ignore) discover
[0.712s] Level 1:colcon.colcon_core.package_discovery:discover_packages(ignore) using defaults
[0.712s] Level 1:colcon.colcon_core.package_discovery:discover_packages(path) discover
[0.712s] Level 1:colcon.colcon_core.package_discovery:discover_packages(path) using defaults
[0.783s] Level 1:colcon.colcon_core.package_discovery:discover_packages(prefix_path) check parameters
[0.783s] Level 1:colcon.colcon_core.package_discovery:discover_packages(prefix_path) discover
[0.793s] DEBUG:colcon.colcon_installed_package_information.package_discovery:Found 5 installed packages in /home/vihaan/ros2_ws/install
[0.795s] DEBUG:colcon.colcon_installed_package_information.package_discovery:Found 29 installed packages in /home/vihaan/install
[0.797s] DEBUG:colcon.colcon_installed_package_information.package_discovery:Found 3 installed packages in /home/vihaan/colcon_ws/install
[0.798s] DEBUG:colcon.colcon_installed_package_information.package_discovery:Found 5 installed packages in /home/vihaan/colcon_ws/src/install
[0.800s] DEBUG:colcon.colcon_installed_package_information.package_discovery:Found 0 installed packages in /home/vihaan/colcon_ws/src/auto_nav/auto_nav/install
[0.801s] DEBUG:colcon.colcon_installed_package_information.package_discovery:Found 13 installed packages in /home/vihaan/ws/install
[0.804s] DEBUG:colcon.colcon_installed_package_information.package_discovery:Found 12 installed packages in /home/vihaan/turtlebot3_ws/install
[0.810s] DEBUG:colcon.colcon_installed_package_information.package_discovery:Found 334 installed packages in /opt/ros/humble
[0.814s] Level 1:colcon.colcon_core.package_discovery:discover_packages(prefix_path) using defaults
[0.914s] Level 5:colcon.colcon_core.verb:set package 'custom_explorer' build argument 'cmake_args' from command line to 'None'
[0.914s] Level 5:colcon.colcon_core.verb:set package 'custom_explorer' build argument 'cmake_target' from command line to 'None'
[0.914s] Level 5:colcon.colcon_core.verb:set package 'custom_explorer' build argument 'cmake_target_skip_unavailable' from command line to 'False'
[0.914s] Level 5:colcon.colcon_core.verb:set package 'custom_explorer' build argument 'cmake_clean_cache' from command line to 'False'
[0.914s] Level 5:colcon.colcon_core.verb:set package 'custom_explorer' build argument 'cmake_clean_first' from command line to 'False'
[0.914s] Level 5:colcon.colcon_core.verb:set package 'custom_explorer' build argument 'cmake_force_configure' from command line to 'False'
[0.914s] Level 5:colcon.colcon_core.verb:set package 'custom_explorer' build argument 'ament_cmake_args' from command line to 'None'
[0.914s] Level 5:colcon.colcon_core.verb:set package 'custom_explorer' build argument 'catkin_cmake_args' from command line to 'None'
[0.914s] Level 5:colcon.colcon_core.verb:set package 'custom_explorer' build argument 'catkin_skip_building_tests' from command line to 'False'
[0.914s] DEBUG:colcon.colcon_core.verb:Building package 'custom_explorer' with the following arguments: {'ament_cmake_args': None, 'build_base': '/home/vihaan/ros2_ws/build/custom_explorer', 'catkin_cmake_args': None, 'catkin_skip_building_tests': False, 'cmake_args': None, 'cmake_clean_cache': False, 'cmake_clean_first': False, 'cmake_force_configure': False, 'cmake_target': None, 'cmake_target_skip_unavailable': False, 'install_base': '/home/vihaan/ros2_ws/install/custom_explorer', 'merge_install': False, 'path': '/home/vihaan/ros2_ws/src/custom_explorer', 'symlink_install': False, 'test_result_base': None}
[0.915s] Level 5:colcon.colcon_core.verb:set package 'fire_flare' build argument 'cmake_args' from command line to 'None'
[0.915s] Level 5:colcon.colcon_core.verb:set package 'fire_flare' build argument 'cmake_target' from command line to 'None'
[0.915s] Level 5:colcon.colcon_core.verb:set package 'fire_flare' build argument 'cmake_target_skip_unavailable' from command line to 'False'
[0.915s] Level 5:colcon.colcon_core.verb:set package 'fire_flare' build argument 'cmake_clean_cache' from command line to 'False'
[0.915s] Level 5:colcon.colcon_core.verb:set package 'fire_flare' build argument 'cmake_clean_first' from command line to 'False'
[0.915s] Level 5:colcon.colcon_core.verb:set package 'fire_flare' build argument 'cmake_force_configure' from command line to 'False'
[0.915s] Level 5:colcon.colcon_core.verb:set package 'fire_flare' build argument 'ament_cmake_args' from command line to 'None'
[0.915s] Level 5:colcon.colcon_core.verb:set package 'fire_flare' build argument 'catkin_cmake_args' from command line to 'None'
[0.915s] Level 5:colcon.colcon_core.verb:set package 'fire_flare' build argument 'catkin_skip_building_tests' from command line to 'False'
[0.916s] DEBUG:colcon.colcon_core.verb:Building package 'fire_flare' with the following arguments: {'ament_cmake_args': None, 'build_base': '/home/vihaan/ros2_ws/build/fire_flare', 'catkin_cmake_args': None, 'catkin_skip_building_tests': False, 'cmake_args': None, 'cmake_clean_cache': False, 'cmake_clean_first': False, 'cmake_force_configure': False, 'cmake_target': None, 'cmake_target_skip_unavailable': False, 'install_base': '/home/vihaan/ros2_ws/install/fire_flare', 'merge_install': False, 'path': '/home/vihaan/ros2_ws/src/fire_flare', 'symlink_install': False, 'test_result_base': None}
[0.916s] Level 5:colcon.colcon_core.verb:set package 'robot_config' build argument 'cmake_args' from command line to 'None'
[0.916s] Level 5:colcon.colcon_core.verb:set package 'robot_config' build argument 'cmake_target' from command line to 'None'
[0.916s] Level 5:colcon.colcon_core.verb:set package 'robot_config' build argument 'cmake_target_skip_unavailable' from command line to 'False'
[0.916s] Level 5:colcon.colcon_core.verb:set package 'robot_config' build argument 'cmake_clean_cache' from command line to 'False'
[0.916s] Level 5:colcon.colcon_core.verb:set package 'robot_config' build argument 'cmake_clean_first' from command line to 'False'
[0.916s] Level 5:colcon.colcon_core.verb:set package 'robot_config' build argument 'cmake_force_configure' from command line to 'False'
[0.917s] Level 5:colcon.colcon_core.verb:set package 'robot_config' build argument 'ament_cmake_args' from command line to 'None'
[0.917s] Level 5:colcon.colcon_core.verb:set package 'robot_config' build argument 'catkin_cmake_args' from command line to 'None'
[0.917s] Level 5:colcon.colcon_core.verb:set package 'robot_config' build argument 'catkin_skip_building_tests' from command line to 'False'
[0.917s] DEBUG:colcon.colcon_core.verb:Building package 'robot_config' with the following arguments: {'ament_cmake_args': None, 'build_base': '/home/vihaan/ros2_ws/build/robot_config', 'catkin_cmake_args': None, 'catkin_skip_building_tests': False, 'cmake_args': None, 'cmake_clean_cache': False, 'cmake_clean_first': False, 'cmake_force_configure': False, 'cmake_target': None, 'cmake_target_skip_unavailable': False, 'install_base': '/home/vihaan/ros2_ws/install/robot_config', 'merge_install': False, 'path': '/home/vihaan/ros2_ws/src/robot_config', 'symlink_install': False, 'test_result_base': None}
[0.917s] Level 5:colcon.colcon_core.verb:set package 'thermal_explorer' build argument 'cmake_args' from command line to 'None'
[0.917s] Level 5:colcon.colcon_core.verb:set package 'thermal_explorer' build argument 'cmake_target' from command line to 'None'
[0.918s] Level 5:colcon.colcon_core.verb:set package 'thermal_explorer' build argument 'cmake_target_skip_unavailable' from command line to 'False'
[0.918s] Level 5:colcon.colcon_core.verb:set package 'thermal_explorer' build argument 'cmake_clean_cache' from command line to 'False'
[0.918s] Level 5:colcon.colcon_core.verb:set package 'thermal_explorer' build argument 'cmake_clean_first' from command line to 'False'
[0.918s] Level 5:colcon.colcon_core.verb:set package 'thermal_explorer' build argument 'cmake_force_configure' from command line to 'False'
[0.918s] Level 5:colcon.colcon_core.verb:set package 'thermal_explorer' build argument 'ament_cmake_args' from command line to 'None'
[0.918s] Level 5:colcon.colcon_core.verb:set package 'thermal_explorer' build argument 'catkin_cmake_args' from command line to 'None'
[0.918s] Level 5:colcon.colcon_core.verb:set package 'thermal_explorer' build argument 'catkin_skip_building_tests' from command line to 'False'
[0.918s] DEBUG:colcon.colcon_core.verb:Building package 'thermal_explorer' with the following arguments: {'ament_cmake_args': None, 'build_base': '/home/vihaan/ros2_ws/build/thermal_explorer', 'catkin_cmake_args': None, 'catkin_skip_building_tests': False, 'cmake_args': None, 'cmake_clean_cache': False, 'cmake_clean_first': False, 'cmake_force_configure': False, 'cmake_target': None, 'cmake_target_skip_unavailable': False, 'install_base': '/home/vihaan/ros2_ws/install/thermal_explorer', 'merge_install': False, 'path': '/home/vihaan/ros2_ws/src/thermal_explorer', 'symlink_install': False, 'test_result_base': None}
[0.918s] INFO:colcon.colcon_core.executor:Executing jobs using 'parallel' executor
[0.920s] DEBUG:colcon.colcon_parallel_executor.executor.parallel:run_until_complete
[0.921s] INFO:colcon.colcon_ros.task.ament_python.build:Building ROS package in '/home/vihaan/ros2_ws/src/custom_explorer' with build type 'ament_python'
[0.921s] Level 1:colcon.colcon_core.shell:create_environment_hook('custom_explorer', 'ament_prefix_path')
[0.927s] INFO:colcon.colcon_core.plugin_system:Skipping extension 'colcon_core.shell.bat': Not used on non-Windows systems
[0.927s] INFO:colcon.colcon_core.shell:Creating environment hook '/home/vihaan/ros2_ws/install/custom_explorer/share/custom_explorer/hook/ament_prefix_path.ps1'
[0.928s] INFO:colcon.colcon_core.shell:Creating environment descriptor '/home/vihaan/ros2_ws/install/custom_explorer/share/custom_explorer/hook/ament_prefix_path.dsv'
[0.929s] INFO:colcon.colcon_core.shell:Creating environment hook '/home/vihaan/ros2_ws/install/custom_explorer/share/custom_explorer/hook/ament_prefix_path.sh'
[0.931s] INFO:colcon.colcon_core.shell:Skip shell extension 'powershell' for command environment: Not usable outside of PowerShell
[0.931s] DEBUG:colcon.colcon_core.shell:Skip shell extension 'dsv' for command environment
[0.953s] INFO:colcon.colcon_ros.task.ament_python.build:Building ROS package in '/home/vihaan/ros2_ws/src/fire_flare' with build type 'ament_python'
[0.953s] Level 1:colcon.colcon_core.shell:create_environment_hook('fire_flare', 'ament_prefix_path')
[0.954s] INFO:colcon.colcon_core.shell:Creating environment hook '/home/vihaan/ros2_ws/install/fire_flare/share/fire_flare/hook/ament_prefix_path.ps1'
[0.955s] INFO:colcon.colcon_core.shell:Creating environment descriptor '/home/vihaan/ros2_ws/install/fire_flare/share/fire_flare/hook/ament_prefix_path.dsv'
[0.956s] INFO:colcon.colcon_core.shell:Creating environment hook '/home/vihaan/ros2_ws/install/fire_flare/share/fire_flare/hook/ament_prefix_path.sh'
[0.957s] INFO:colcon.colcon_core.shell:Skip shell extension 'powershell' for command environment: Not usable outside of PowerShell
[0.957s] DEBUG:colcon.colcon_core.shell:Skip shell extension 'dsv' for command environment
[0.980s] INFO:colcon.colcon_ros.task.ament_python.build:Building ROS package in '/home/vihaan/ros2_ws/src/robot_config' with build type 'ament_python'
[0.980s] Level 1:colcon.colcon_core.shell:create_environment_hook('robot_config', 'ament_prefix_path')
[0.981s] INFO:colcon.colcon_core.shell:Creating environment hook '/home/vihaan/ros2_ws/install/robot_config/share/robot_config/hook/ament_prefix_path.ps1'
[0.982s] INFO:colcon.colcon_core.shell:Creating environment descriptor '/home/vihaan/ros2_ws/install/robot_config/share/robot_config/hook/ament_prefix_path.dsv'
[0.983s] INFO:colcon.colcon_core.shell:Creating environment hook '/home/vihaan/ros2_ws/install/robot_config/share/robot_config/hook/ament_prefix_path.sh'
[0.985s] INFO:colcon.colcon_core.shell:Skip shell extension 'powershell' for command environment: Not usable outside of PowerShell
[0.985s] DEBUG:colcon.colcon_core.shell:Skip shell extension 'dsv' for command environment
[1.007s] INFO:colcon.colcon_ros.task.ament_python.build:Building ROS package in '/home/vihaan/ros2_ws/src/thermal_explorer' with build type 'ament_python'
[1.007s] Level 1:colcon.colcon_core.shell:create_environment_hook('thermal_explorer', 'ament_prefix_path')
[1.007s] INFO:colcon.colcon_core.shell:Creating environment hook '/home/vihaan/ros2_ws/install/thermal_explorer/share/thermal_explorer/hook/ament_prefix_path.ps1'
[1.009s] INFO:colcon.colcon_core.shell:Creating environment descriptor '/home/vihaan/ros2_ws/install/thermal_explorer/share/thermal_explorer/hook/ament_prefix_path.dsv'
[1.010s] INFO:colcon.colcon_core.shell:Creating environment hook '/home/vihaan/ros2_ws/install/thermal_explorer/share/thermal_explorer/hook/ament_prefix_path.sh'
[1.011s] INFO:colcon.colcon_core.shell:Skip shell extension 'powershell' for command environment: Not usable outside of PowerShell
[1.011s] DEBUG:colcon.colcon_core.shell:Skip shell extension 'dsv' for command environment
[1.690s] INFO:colcon.colcon_core.task.python.build:Building Python package in '/home/vihaan/ros2_ws/src/custom_explorer'
[1.691s] INFO:colcon.colcon_core.shell:Skip shell extension 'powershell' for command environment: Not usable outside of PowerShell
[1.691s] DEBUG:colcon.colcon_core.shell:Skip shell extension 'dsv' for command environment
[2.354s] INFO:colcon.colcon_core.task.python.build:Building Python package in '/home/vihaan/ros2_ws/src/fire_flare'
[2.355s] INFO:colcon.colcon_core.shell:Skip shell extension 'powershell' for command environment: Not usable outside of PowerShell
[2.355s] DEBUG:colcon.colcon_core.shell:Skip shell extension 'dsv' for command environment
[3.007s] INFO:colcon.colcon_core.task.python.build:Building Python package in '/home/vihaan/ros2_ws/src/robot_config'
[3.007s] INFO:colcon.colcon_core.shell:Skip shell extension 'powershell' for command environment: Not usable outside of PowerShell
[3.007s] DEBUG:colcon.colcon_core.shell:Skip shell extension 'dsv' for command environment
[3.663s] INFO:colcon.colcon_core.task.python.build:Building Python package in '/home/vihaan/ros2_ws/src/thermal_explorer'
[3.663s] INFO:colcon.colcon_core.shell:Skip shell extension 'powershell' for command environment: Not usable outside of PowerShell
[3.663s] DEBUG:colcon.colcon_core.shell:Skip shell extension 'dsv' for command environment
[4.500s] DEBUG:colcon.colcon_core.event_handler.log_command:Invoking command in '/home/vihaan/ros2_ws/src/custom_explorer': PYTHONPATH=/home/vihaan/ros2_ws/build/custom_explorer/prefix_override:/usr/lib/python3/dist-packages/colcon_core/task/python/colcon_distutils_commands:/home/vihaan/ros2_ws/install/custom_explorer/lib/python3.10/site-packages:${PYTHONPATH} /usr/bin/python3 -W ignore:setup.py install is deprecated -W ignore:easy_install command is deprecated setup.py egg_info --egg-base ../../build/custom_explorer build --build-base /home/vihaan/ros2_ws/build/custom_explorer/build install --record /home/vihaan/ros2_ws/build/custom_explorer/install.log --single-version-externally-managed install_data
[4.520s] DEBUG:colcon.colcon_core.event_handler.log_command:Invoking command in '/home/vihaan/ros2_ws/src/fire_flare': PYTHONPATH=/home/vihaan/ros2_ws/build/fire_flare/prefix_override:/usr/lib/python3/dist-packages/colcon_core/task/python/colcon_distutils_commands:/home/vihaan/ros2_ws/install/fire_flare/lib/python3.10/site-packages:${PYTHONPATH} /usr/bin/python3 -W ignore:setup.py install is deprecated -W ignore:easy_install command is deprecated setup.py egg_info --egg-base ../../build/fire_flare build --build-base /home/vihaan/ros2_ws/build/fire_flare/build install --record /home/vihaan/ros2_ws/build/fire_flare/install.log --single-version-externally-managed install_data
[4.525s] DEBUG:colcon.colcon_core.event_handler.log_command:Invoking command in '/home/vihaan/ros2_ws/src/robot_config': PYTHONPATH=/home/vihaan/ros2_ws/build/robot_config/prefix_override:/usr/lib/python3/dist-packages/colcon_core/task/python/colcon_distutils_commands:/home/vihaan/ros2_ws/install/robot_config/lib/python3.10/site-packages:${PYTHONPATH} /usr/bin/python3 -W ignore:setup.py install is deprecated -W ignore:easy_install command is deprecated setup.py egg_info --egg-base ../../build/robot_config build --build-base /home/vihaan/ros2_ws/build/robot_config/build install --record /home/vihaan/ros2_ws/build/robot_config/install.log --single-version-externally-managed install_data
[4.531s] DEBUG:colcon.colcon_core.event_handler.log_command:Invoking command in '/home/vihaan/ros2_ws/src/thermal_explorer': PYTHONPATH=/home/vihaan/ros2_ws/build/thermal_explorer/prefix_override:/usr/lib/python3/dist-packages/colcon_core/task/python/colcon_distutils_commands:/home/vihaan/ros2_ws/install/thermal_explorer/lib/python3.10/site-packages:${PYTHONPATH} /usr/bin/python3 -W ignore:setup.py install is deprecated -W ignore:easy_install command is deprecated setup.py egg_info --egg-base ../../build/thermal_explorer build --build-base /home/vihaan/ros2_ws/build/thermal_explorer/build install --record /home/vihaan/ros2_ws/build/thermal_explorer/install.log --single-version-externally-managed install_data
[5.250s] DEBUG:colcon.colcon_core.event_handler.log_command:Invoked command in '/home/vihaan/ros2_ws/src/fire_flare' returned '0': PYTHONPATH=/home/vihaan/ros2_ws/build/fire_flare/prefix_override:/usr/lib/python3/dist-packages/colcon_core/task/python/colcon_distutils_commands:/home/vihaan/ros2_ws/install/fire_flare/lib/python3.10/site-packages:${PYTHONPATH} /usr/bin/python3 -W ignore:setup.py install is deprecated -W ignore:easy_install command is deprecated setup.py egg_info --egg-base ../../build/fire_flare build --build-base /home/vihaan/ros2_ws/build/fire_flare/build install --record /home/vihaan/ros2_ws/build/fire_flare/install.log --single-version-externally-managed install_data
[5.256s] Level 1:colcon.colcon_core.environment:checking '/home/vihaan/ros2_ws/install/fire_flare' for CMake module files
[5.257s] Level 1:colcon.colcon_core.environment:checking '/home/vihaan/ros2_ws/install/fire_flare' for CMake config files
[5.258s] Level 1:colcon.colcon_core.environment:checking '/home/vihaan/ros2_ws/install/fire_flare/lib'
[5.259s] Level 1:colcon.colcon_core.environment:checking '/home/vihaan/ros2_ws/install/fire_flare/bin'
[5.259s] Level 1:colcon.colcon_core.environment:checking '/home/vihaan/ros2_ws/install/fire_flare/lib/pkgconfig/fire_flare.pc'
[5.259s] Level 1:colcon.colcon_core.environment:checking '/home/vihaan/ros2_ws/install/fire_flare/lib/python3.10/site-packages'
[5.259s] Level 1:colcon.colcon_core.shell:create_environment_hook('fire_flare', 'pythonpath')
[5.260s] INFO:colcon.colcon_core.shell:Creating environment hook '/home/vihaan/ros2_ws/install/fire_flare/share/fire_flare/hook/pythonpath.ps1'
[5.261s] INFO:colcon.colcon_core.shell:Creating environment descriptor '/home/vihaan/ros2_ws/install/fire_flare/share/fire_flare/hook/pythonpath.dsv'
[5.262s] INFO:colcon.colcon_core.shell:Creating environment hook '/home/vihaan/ros2_ws/install/fire_flare/share/fire_flare/hook/pythonpath.sh'
[5.263s] Level 1:colcon.colcon_core.environment:checking '/home/vihaan/ros2_ws/install/fire_flare/bin'
[5.263s] Level 1:colcon.colcon_core.environment:create_environment_scripts_only(fire_flare)
[5.264s] INFO:colcon.colcon_core.shell:Creating package script '/home/vihaan/ros2_ws/install/fire_flare/share/fire_flare/package.ps1'
[5.267s] INFO:colcon.colcon_core.shell:Creating package descriptor '/home/vihaan/ros2_ws/install/fire_flare/share/fire_flare/package.dsv'
[5.268s] INFO:colcon.colcon_core.shell:Creating package script '/home/vihaan/ros2_ws/install/fire_flare/share/fire_flare/package.sh'
[5.270s] INFO:colcon.colcon_core.shell:Creating package script '/home/vihaan/ros2_ws/install/fire_flare/share/fire_flare/package.bash'
[5.272s] INFO:colcon.colcon_core.shell:Creating package script '/home/vihaan/ros2_ws/install/fire_flare/share/fire_flare/package.zsh'
[5.273s] Level 1:colcon.colcon_core.environment:create_file_with_runtime_dependencies(/home/vihaan/ros2_ws/install/fire_flare/share/colcon-core/packages/fire_flare)
[5.278s] Level 1:colcon.colcon_core.environment:checking '/home/vihaan/ros2_ws/install/thermal_explorer' for CMake module files
[5.280s] DEBUG:colcon.colcon_core.event_handler.log_command:Invoked command in '/home/vihaan/ros2_ws/src/thermal_explorer' returned '0': PYTHONPATH=/home/vihaan/ros2_ws/build/thermal_explorer/prefix_override:/usr/lib/python3/dist-packages/colcon_core/task/python/colcon_distutils_commands:/home/vihaan/ros2_ws/install/thermal_explorer/lib/python3.10/site-packages:${PYTHONPATH} /usr/bin/python3 -W ignore:setup.py install is deprecated -W ignore:easy_install command is deprecated setup.py egg_info --egg-base ../../build/thermal_explorer build --build-base /home/vihaan/ros2_ws/build/thermal_explorer/build install --record /home/vihaan/ros2_ws/build/thermal_explorer/install.log --single-version-externally-managed install_data
[5.280s] Level 1:colcon.colcon_core.environment:checking '/home/vihaan/ros2_ws/install/thermal_explorer' for CMake config files
[5.281s] Level 1:colcon.colcon_core.environment:checking '/home/vihaan/ros2_ws/install/thermal_explorer/lib'
[5.282s] Level 1:colcon.colcon_core.environment:checking '/home/vihaan/ros2_ws/install/thermal_explorer/bin'
[5.282s] Level 1:colcon.colcon_core.environment:checking '/home/vihaan/ros2_ws/install/thermal_explorer/lib/pkgconfig/thermal_explorer.pc'
[5.282s] Level 1:colcon.colcon_core.environment:checking '/home/vihaan/ros2_ws/install/thermal_explorer/lib/python3.10/site-packages'
[5.282s] Level 1:colcon.colcon_core.shell:create_environment_hook('thermal_explorer', 'pythonpath')
[5.283s] INFO:colcon.colcon_core.shell:Creating environment hook '/home/vihaan/ros2_ws/install/thermal_explorer/share/thermal_explorer/hook/pythonpath.ps1'
[5.284s] INFO:colcon.colcon_core.shell:Creating environment descriptor '/home/vihaan/ros2_ws/install/thermal_explorer/share/thermal_explorer/hook/pythonpath.dsv'
[5.284s] INFO:colcon.colcon_core.shell:Creating environment hook '/home/vihaan/ros2_ws/install/thermal_explorer/share/thermal_explorer/hook/pythonpath.sh'
[5.286s] Level 1:colcon.colcon_core.environment:checking '/home/vihaan/ros2_ws/install/thermal_explorer/bin'
[5.286s] Level 1:colcon.colcon_core.environment:create_environment_scripts_only(thermal_explorer)
[5.286s] INFO:colcon.colcon_core.shell:Creating package script '/home/vihaan/ros2_ws/install/thermal_explorer/share/thermal_explorer/package.ps1'
[5.288s] INFO:colcon.colcon_core.shell:Creating package descriptor '/home/vihaan/ros2_ws/install/thermal_explorer/share/thermal_explorer/package.dsv'
[5.289s] INFO:colcon.colcon_core.shell:Creating package script '/home/vihaan/ros2_ws/install/thermal_explorer/share/thermal_explorer/package.sh'
[5.289s] INFO:colcon.colcon_core.shell:Creating package script '/home/vihaan/ros2_ws/install/thermal_explorer/share/thermal_explorer/package.bash'
[5.290s] INFO:colcon.colcon_core.shell:Creating package script '/home/vihaan/ros2_ws/install/thermal_explorer/share/thermal_explorer/package.zsh'
[5.291s] Level 1:colcon.colcon_core.environment:create_file_with_runtime_dependencies(/home/vihaan/ros2_ws/install/thermal_explorer/share/colcon-core/packages/thermal_explorer)
[5.292s] Level 1:colcon.colcon_core.environment:checking '/home/vihaan/ros2_ws/install/robot_config' for CMake module files
[5.293s] Level 1:colcon.colcon_core.environment:checking '/home/vihaan/ros2_ws/install/robot_config' for CMake config files
[5.294s] DEBUG:colcon.colcon_core.event_handler.log_command:Invoked command in '/home/vihaan/ros2_ws/src/robot_config' returned '0': PYTHONPATH=/home/vihaan/ros2_ws/build/robot_config/prefix_override:/usr/lib/python3/dist-packages/colcon_core/task/python/colcon_distutils_commands:/home/vihaan/ros2_ws/install/robot_config/lib/python3.10/site-packages:${PYTHONPATH} /usr/bin/python3 -W ignore:setup.py install is deprecated -W ignore:easy_install command is deprecated setup.py egg_info --egg-base ../../build/robot_config build --build-base /home/vihaan/ros2_ws/build/robot_config/build install --record /home/vihaan/ros2_ws/build/robot_config/install.log --single-version-externally-managed install_data
[5.296s] Level 1:colcon.colcon_core.environment:checking '/home/vihaan/ros2_ws/install/robot_config/lib'
[5.296s] Level 1:colcon.colcon_core.environment:checking '/home/vihaan/ros2_ws/install/robot_config/bin'
[5.296s] Level 1:colcon.colcon_core.environment:checking '/home/vihaan/ros2_ws/install/robot_config/lib/pkgconfig/robot_config.pc'
[5.297s] Level 1:colcon.colcon_core.environment:checking '/home/vihaan/ros2_ws/install/robot_config/lib/python3.10/site-packages'
[5.297s] Level 1:colcon.colcon_core.shell:create_environment_hook('robot_config', 'pythonpath')
[5.297s] INFO:colcon.colcon_core.shell:Creating environment hook '/home/vihaan/ros2_ws/install/robot_config/share/robot_config/hook/pythonpath.ps1'
[5.298s] INFO:colcon.colcon_core.shell:Creating environment descriptor '/home/vihaan/ros2_ws/install/robot_config/share/robot_config/hook/pythonpath.dsv'
[5.299s] INFO:colcon.colcon_core.shell:Creating environment hook '/home/vihaan/ros2_ws/install/robot_config/share/robot_config/hook/pythonpath.sh'
[5.300s] Level 1:colcon.colcon_core.environment:checking '/home/vihaan/ros2_ws/install/robot_config/bin'
[5.300s] Level 1:colcon.colcon_core.environment:create_environment_scripts_only(robot_config)
[5.301s] INFO:colcon.colcon_core.shell:Creating package script '/home/vihaan/ros2_ws/install/robot_config/share/robot_config/package.ps1'
[5.302s] INFO:colcon.colcon_core.shell:Creating package descriptor '/home/vihaan/ros2_ws/install/robot_config/share/robot_config/package.dsv'
[5.303s] INFO:colcon.colcon_core.shell:Creating package script '/home/vihaan/ros2_ws/install/robot_config/share/robot_config/package.sh'
[5.304s] INFO:colcon.colcon_core.shell:Creating package script '/home/vihaan/ros2_ws/install/robot_config/share/robot_config/package.bash'
[5.305s] INFO:colcon.colcon_core.shell:Creating package script '/home/vihaan/ros2_ws/install/robot_config/share/robot_config/package.zsh'
[5.306s] Level 1:colcon.colcon_core.environment:create_file_with_runtime_dependencies(/home/vihaan/ros2_ws/install/robot_config/share/colcon-core/packages/robot_config)
[5.307s] Level 1:colcon.colcon_core.environment:checking '/home/vihaan/ros2_ws/install/custom_explorer' for CMake module files
[5.309s] Level 1:colcon.colcon_core.environment:checking '/home/vihaan/ros2_ws/install/custom_explorer' for CMake config files
[5.309s] DEBUG:colcon.colcon_core.event_handler.log_command:Invoked command in '/home/vihaan/ros2_ws/src/custom_explorer' returned '0': PYTHONPATH=/home/vihaan/ros2_ws/build/custom_explorer/prefix_override:/usr/lib/python3/dist-packages/colcon_core/task/python/colcon_distutils_commands:/home/vihaan/ros2_ws/install/custom_explorer/lib/python3.10/site-packages:${PYTHONPATH} /usr/bin/python3 -W ignore:setup.py install is deprecated -W ignore:easy_install command is deprecated setup.py egg_info --egg-base ../../build/custom_explorer build --build-base /home/vihaan/ros2_ws/build/custom_explorer/build install --record /home/vihaan/ros2_ws/build/custom_explorer/install.log --single-version-externally-managed install_data
[5.311s] Level 1:colcon.colcon_core.environment:checking '/home/vihaan/ros2_ws/install/custom_explorer/lib'
[5.311s] Level 1:colcon.colcon_core.environment:checking '/home/vihaan/ros2_ws/install/custom_explorer/bin'
[5.311s] Level 1:colcon.colcon_core.environment:checking '/home/vihaan/ros2_ws/install/custom_explorer/lib/pkgconfig/custom_explorer.pc'
[5.312s] Level 1:colcon.colcon_core.environment:checking '/home/vihaan/ros2_ws/install/custom_explorer/lib/python3.10/site-packages'
[5.312s] Level 1:colcon.colcon_core.shell:create_environment_hook('custom_explorer', 'pythonpath')
[5.312s] INFO:colcon.colcon_core.shell:Creating environment hook '/home/vihaan/ros2_ws/install/custom_explorer/share/custom_explorer/hook/pythonpath.ps1'
[5.313s] INFO:colcon.colcon_core.shell:Creating environment descriptor '/home/vihaan/ros2_ws/install/custom_explorer/share/custom_explorer/hook/pythonpath.dsv'
[5.314s] INFO:colcon.colcon_core.shell:Creating environment hook '/home/vihaan/ros2_ws/install/custom_explorer/share/custom_explorer/hook/pythonpath.sh'
[5.315s] Level 1:colcon.colcon_core.environment:checking '/home/vihaan/ros2_ws/install/custom_explorer/bin'
[5.315s] Level 1:colcon.colcon_core.environment:create_environment_scripts_only(custom_explorer)
[5.316s] INFO:colcon.colcon_core.shell:Creating package script '/home/vihaan/ros2_ws/install/custom_explorer/share/custom_explorer/package.ps1'
[5.317s] INFO:colcon.colcon_core.shell:Creating package descriptor '/home/vihaan/ros2_ws/install/custom_explorer/share/custom_explorer/package.dsv'
[5.318s] INFO:colcon.colcon_core.shell:Creating package script '/home/vihaan/ros2_ws/install/custom_explorer/share/custom_explorer/package.sh'
[5.319s] INFO:colcon.colcon_core.shell:Creating package script '/home/vihaan/ros2_ws/install/custom_explorer/share/custom_explorer/package.bash'
[5.320s] INFO:colcon.colcon_core.shell:Creating package script '/home/vihaan/ros2_ws/install/custom_explorer/share/custom_explorer/package.zsh'
[5.320s] Level 1:colcon.colcon_core.environment:create_file_with_runtime_dependencies(/home/vihaan/ros2_ws/install/custom_explorer/share/colcon-core/packages/custom_explorer)
[5.321s] DEBUG:colcon.colcon_parallel_executor.executor.parallel:closing loop
[5.322s] DEBUG:colcon.colcon_parallel_executor.executor.parallel:loop closed
[5.322s] DEBUG:colcon.colcon_parallel_executor.executor.parallel:run_until_complete finished with '0'
[5.323s] DEBUG:colcon.colcon_core.event_reactor:joining thread
[5.336s] INFO:colcon.colcon_core.plugin_system:Skipping extension 'colcon_notification.desktop_notification.terminal_notifier': Not used on non-Darwin systems
[5.336s] INFO:colcon.colcon_core.plugin_system:Skipping extension 'colcon_notification.desktop_notification.win32': Not used on non-Windows systems
[5.336s] INFO:colcon.colcon_notification.desktop_notification:Sending desktop notification using 'notify2'
[5.361s] DEBUG:colcon.colcon_core.event_reactor:joined thread
[5.361s] INFO:colcon.colcon_core.shell:Creating prefix script '/home/vihaan/ros2_ws/install/local_setup.ps1'
[5.363s] INFO:colcon.colcon_core.shell:Creating prefix util module '/home/vihaan/ros2_ws/install/_local_setup_util_ps1.py'
[5.366s] INFO:colcon.colcon_core.shell:Creating prefix chain script '/home/vihaan/ros2_ws/install/setup.ps1'
[5.374s] INFO:colcon.colcon_core.shell:Creating prefix script '/home/vihaan/ros2_ws/install/local_setup.sh'
[5.376s] INFO:colcon.colcon_core.shell:Creating prefix util module '/home/vihaan/ros2_ws/install/_local_setup_util_sh.py'
[5.377s] INFO:colcon.colcon_core.shell:Creating prefix chain script '/home/vihaan/ros2_ws/install/setup.sh'
[5.385s] INFO:colcon.colcon_core.shell:Creating prefix script '/home/vihaan/ros2_ws/install/local_setup.bash'
[5.386s] INFO:colcon.colcon_core.shell:Creating prefix chain script '/home/vihaan/ros2_ws/install/setup.bash'
[5.395s] INFO:colcon.colcon_core.shell:Creating prefix script '/home/vihaan/ros2_ws/install/local_setup.zsh'
[5.396s] INFO:colcon.colcon_core.shell:Creating prefix chain script '/home/vihaan/ros2_ws/install/setup.zsh'
