[3.575s] Invoking command in '/home/vihaan/ros2_ws/src/custom_explorer': PYTHONPATH=/home/vihaan/ros2_ws/build/custom_explorer/prefix_override:/usr/lib/python3/dist-packages/colcon_core/task/python/colcon_distutils_commands:/home/vihaan/ros2_ws/install/custom_explorer/lib/python3.10/site-packages:${PYTHONPATH} /usr/bin/python3 -W ignore:setup.py install is deprecated -W ignore:easy_install command is deprecated setup.py egg_info --egg-base ../../build/custom_explorer build --build-base /home/vihaan/ros2_ws/build/custom_explorer/build install --record /home/vihaan/ros2_ws/build/custom_explorer/install.log --single-version-externally-managed install_data
[4.191s] running egg_info
[4.193s] writing ../../build/custom_explorer/custom_explorer.egg-info/PKG-INFO
[4.193s] writing dependency_links to ../../build/custom_explorer/custom_explorer.egg-info/dependency_links.txt
[4.194s] writing entry points to ../../build/custom_explorer/custom_explorer.egg-info/entry_points.txt
[4.194s] writing requirements to ../../build/custom_explorer/custom_explorer.egg-info/requires.txt
[4.195s] writing top-level names to ../../build/custom_explorer/custom_explorer.egg-info/top_level.txt
[4.198s] reading manifest file '../../build/custom_explorer/custom_explorer.egg-info/SOURCES.txt'
[4.200s] writing manifest file '../../build/custom_explorer/custom_explorer.egg-info/SOURCES.txt'
[4.201s] running build
[4.201s] running build_py
[4.202s] running install
[4.203s] running install_lib
[4.205s] running install_data
[4.206s] running install_egg_info
[4.213s] removing '/home/vihaan/ros2_ws/install/custom_explorer/lib/python3.10/site-packages/custom_explorer-0.0.0-py3.10.egg-info' (and everything under it)
[4.214s] Copying ../../build/custom_explorer/custom_explorer.egg-info to /home/vihaan/ros2_ws/install/custom_explorer/lib/python3.10/site-packages/custom_explorer-0.0.0-py3.10.egg-info
[4.217s] running install_scripts
[4.269s] Installing explorer script to /home/vihaan/ros2_ws/install/custom_explorer/lib/custom_explorer
[4.270s] writing list of installed files to '/home/vihaan/ros2_ws/build/custom_explorer/install.log'
[4.386s] Invoked command in '/home/vihaan/ros2_ws/src/custom_explorer' returned '0': PYTHONPATH=/home/vihaan/ros2_ws/build/custom_explorer/prefix_override:/usr/lib/python3/dist-packages/colcon_core/task/python/colcon_distutils_commands:/home/vihaan/ros2_ws/install/custom_explorer/lib/python3.10/site-packages:${PYTHONPATH} /usr/bin/python3 -W ignore:setup.py install is deprecated -W ignore:easy_install command is deprecated setup.py egg_info --egg-base ../../build/custom_explorer build --build-base /home/vihaan/ros2_ws/build/custom_explorer/build install --record /home/vihaan/ros2_ws/build/custom_explorer/install.log --single-version-externally-managed install_data
