[0.443s] Invoking command in '/home/vihaan/ros2_ws/build/custom_explorer': PYTHONPATH=/home/vihaan/ros2_ws/build/custom_explorer/prefix_override:/usr/lib/python3/dist-packages/colcon_core/task/python/colcon_distutils_commands:/home/vihaan/ros2_ws/install/custom_explorer/lib/python3.10/site-packages:${PYTHONPATH} /usr/bin/python3 -W ignore:setup.py install is deprecated -W ignore:easy_install command is deprecated setup.py develop --uninstall --editable --build-directory /home/vihaan/ros2_ws/build/custom_explorer/build
[0.630s] running develop
[0.749s] Removing /home/vihaan/ros2_ws/install/custom_explorer/lib/python3.10/site-packages/custom-explorer.egg-link (link to .)
[0.768s] Invoked command in '/home/vihaan/ros2_ws/build/custom_explorer' returned '0': PYTHONPATH=/home/vihaan/ros2_ws/build/custom_explorer/prefix_override:/usr/lib/python3/dist-packages/colcon_core/task/python/colcon_distutils_commands:/home/vihaan/ros2_ws/install/custom_explorer/lib/python3.10/site-packages:${PYTHONPATH} /usr/bin/python3 -W ignore:setup.py install is deprecated -W ignore:easy_install command is deprecated setup.py develop --uninstall --editable --build-directory /home/vihaan/ros2_ws/build/custom_explorer/build
[0.769s] Invoking command in '/home/vihaan/ros2_ws/src/custom_explorer': PYTHONPATH=/home/vihaan/ros2_ws/build/custom_explorer/prefix_override:/usr/lib/python3/dist-packages/colcon_core/task/python/colcon_distutils_commands:/home/vihaan/ros2_ws/install/custom_explorer/lib/python3.10/site-packages:${PYTHONPATH} /usr/bin/python3 -W ignore:setup.py install is deprecated -W ignore:easy_install command is deprecated setup.py egg_info --egg-base ../../build/custom_explorer build --build-base /home/vihaan/ros2_ws/build/custom_explorer/build install --record /home/vihaan/ros2_ws/build/custom_explorer/install.log --single-version-externally-managed install_data --force
[0.941s] running egg_info
[0.941s] writing ../../build/custom_explorer/custom_explorer.egg-info/PKG-INFO
[0.942s] writing dependency_links to ../../build/custom_explorer/custom_explorer.egg-info/dependency_links.txt
[0.942s] writing entry points to ../../build/custom_explorer/custom_explorer.egg-info/entry_points.txt
[0.942s] writing requirements to ../../build/custom_explorer/custom_explorer.egg-info/requires.txt
[0.942s] writing top-level names to ../../build/custom_explorer/custom_explorer.egg-info/top_level.txt
[0.943s] reading manifest file '../../build/custom_explorer/custom_explorer.egg-info/SOURCES.txt'
[0.944s] writing manifest file '../../build/custom_explorer/custom_explorer.egg-info/SOURCES.txt'
[0.944s] running build
[0.944s] running build_py
[0.944s] running install
[0.944s] running install_lib
[0.944s] creating /home/vihaan/ros2_ws/install/custom_explorer/lib/python3.10/site-packages/custom_explorer
[0.945s] copying /home/vihaan/ros2_ws/build/custom_explorer/build/lib/custom_explorer/__init__.py -> /home/vihaan/ros2_ws/install/custom_explorer/lib/python3.10/site-packages/custom_explorer
[0.945s] copying /home/vihaan/ros2_ws/build/custom_explorer/build/lib/custom_explorer/explorer.py -> /home/vihaan/ros2_ws/install/custom_explorer/lib/python3.10/site-packages/custom_explorer
[0.945s] byte-compiling /home/vihaan/ros2_ws/install/custom_explorer/lib/python3.10/site-packages/custom_explorer/__init__.py to __init__.cpython-310.pyc
[0.945s] byte-compiling /home/vihaan/ros2_ws/install/custom_explorer/lib/python3.10/site-packages/custom_explorer/explorer.py to explorer.cpython-310.pyc
[0.946s] running install_data
[0.946s] copying resource/custom_explorer -> /home/vihaan/ros2_ws/install/custom_explorer/share/ament_index/resource_index/packages
[0.946s] copying package.xml -> /home/vihaan/ros2_ws/install/custom_explorer/share/custom_explorer
[0.946s] running install_egg_info
[0.947s] Copying ../../build/custom_explorer/custom_explorer.egg-info to /home/vihaan/ros2_ws/install/custom_explorer/lib/python3.10/site-packages/custom_explorer-0.0.0-py3.10.egg-info
[0.948s] running install_scripts
[0.963s] Installing explorer script to /home/vihaan/ros2_ws/install/custom_explorer/lib/custom_explorer
[0.963s] Installing launcher script to /home/vihaan/ros2_ws/install/custom_explorer/lib/custom_explorer
[0.963s] writing list of installed files to '/home/vihaan/ros2_ws/build/custom_explorer/install.log'
[0.979s] Invoked command in '/home/vihaan/ros2_ws/src/custom_explorer' returned '0': PYTHONPATH=/home/vihaan/ros2_ws/build/custom_explorer/prefix_override:/usr/lib/python3/dist-packages/colcon_core/task/python/colcon_distutils_commands:/home/vihaan/ros2_ws/install/custom_explorer/lib/python3.10/site-packages:${PYTHONPATH} /usr/bin/python3 -W ignore:setup.py install is deprecated -W ignore:easy_install command is deprecated setup.py egg_info --egg-base ../../build/custom_explorer build --build-base /home/vihaan/ros2_ws/build/custom_explorer/build install --record /home/vihaan/ros2_ws/build/custom_explorer/install.log --single-version-externally-managed install_data --force
