[1.439s] Invoking command in '/home/vihaan/ros2_ws/src/thermal_explorer': PYTHONPATH=/home/vihaan/ros2_ws/build/thermal_explorer/prefix_override:/usr/lib/python3/dist-packages/colcon_core/task/python/colcon_distutils_commands:/home/vihaan/ros2_ws/install/thermal_explorer/lib/python3.10/site-packages:${PYTHONPATH} /usr/bin/python3 -W ignore:setup.py install is deprecated -W ignore:easy_install command is deprecated setup.py egg_info --egg-base ../../build/thermal_explorer build --build-base /home/vihaan/ros2_ws/build/thermal_explorer/build install --record /home/vihaan/ros2_ws/build/thermal_explorer/install.log --single-version-externally-managed install_data
[1.734s] running egg_info
[1.734s] creating ../../build/thermal_explorer/thermal_explorer.egg-info
[1.735s] writing ../../build/thermal_explorer/thermal_explorer.egg-info/PKG-INFO
[1.735s] writing dependency_links to ../../build/thermal_explorer/thermal_explorer.egg-info/dependency_links.txt
[1.735s] writing entry points to ../../build/thermal_explorer/thermal_explorer.egg-info/entry_points.txt
[1.735s] writing requirements to ../../build/thermal_explorer/thermal_explorer.egg-info/requires.txt
[1.735s] writing top-level names to ../../build/thermal_explorer/thermal_explorer.egg-info/top_level.txt
[1.735s] writing manifest file '../../build/thermal_explorer/thermal_explorer.egg-info/SOURCES.txt'
[1.737s] reading manifest file '../../build/thermal_explorer/thermal_explorer.egg-info/SOURCES.txt'
[1.738s] writing manifest file '../../build/thermal_explorer/thermal_explorer.egg-info/SOURCES.txt'
[1.738s] running build
[1.738s] running build_py
[1.738s] creating /home/vihaan/ros2_ws/build/thermal_explorer/build
[1.739s] creating /home/vihaan/ros2_ws/build/thermal_explorer/build/lib
[1.739s] creating /home/vihaan/ros2_ws/build/thermal_explorer/build/lib/thermal_explorer
[1.739s] copying thermal_explorer/__init__.py -> /home/vihaan/ros2_ws/build/thermal_explorer/build/lib/thermal_explorer
[1.739s] running install
[1.739s] running install_lib
[1.740s] creating /home/vihaan/ros2_ws/install/thermal_explorer/lib/python3.10/site-packages/thermal_explorer
[1.740s] copying /home/vihaan/ros2_ws/build/thermal_explorer/build/lib/thermal_explorer/__init__.py -> /home/vihaan/ros2_ws/install/thermal_explorer/lib/python3.10/site-packages/thermal_explorer
[1.741s] byte-compiling /home/vihaan/ros2_ws/install/thermal_explorer/lib/python3.10/site-packages/thermal_explorer/__init__.py to __init__.cpython-310.pyc
[1.741s] running install_data
[1.742s] creating /home/vihaan/ros2_ws/install/thermal_explorer/share/ament_index
[1.742s] creating /home/vihaan/ros2_ws/install/thermal_explorer/share/ament_index/resource_index
[1.742s] creating /home/vihaan/ros2_ws/install/thermal_explorer/share/ament_index/resource_index/packages
[1.742s] copying resource/thermal_explorer -> /home/vihaan/ros2_ws/install/thermal_explorer/share/ament_index/resource_index/packages
[1.742s] copying package.xml -> /home/vihaan/ros2_ws/install/thermal_explorer/share/thermal_explorer
[1.742s] running install_egg_info
[1.745s] Copying ../../build/thermal_explorer/thermal_explorer.egg-info to /home/vihaan/ros2_ws/install/thermal_explorer/lib/python3.10/site-packages/thermal_explorer-0.0.0-py3.10.egg-info
[1.746s] running install_scripts
[1.776s] writing list of installed files to '/home/vihaan/ros2_ws/build/thermal_explorer/install.log'
[1.829s] Invoked command in '/home/vihaan/ros2_ws/src/thermal_explorer' returned '0': PYTHONPATH=/home/vihaan/ros2_ws/build/thermal_explorer/prefix_override:/usr/lib/python3/dist-packages/colcon_core/task/python/colcon_distutils_commands:/home/vihaan/ros2_ws/install/thermal_explorer/lib/python3.10/site-packages:${PYTHONPATH} /usr/bin/python3 -W ignore:setup.py install is deprecated -W ignore:easy_install command is deprecated setup.py egg_info --egg-base ../../build/thermal_explorer build --build-base /home/vihaan/ros2_ws/build/thermal_explorer/build install --record /home/vihaan/ros2_ws/build/thermal_explorer/install.log --single-version-externally-managed install_data
