[3.588s] Invoking command in '/home/vihaan/ros2_ws/src/fire_flare': PYTHONPATH=/home/vihaan/ros2_ws/build/fire_flare/prefix_override:/usr/lib/python3/dist-packages/colcon_core/task/python/colcon_distutils_commands:/home/vihaan/ros2_ws/install/fire_flare/lib/python3.10/site-packages:${PYTHONPATH} /usr/bin/python3 -W ignore:setup.py install is deprecated -W ignore:easy_install command is deprecated setup.py egg_info --egg-base ../../build/fire_flare build --build-base /home/vihaan/ros2_ws/build/fire_flare/build install --record /home/vihaan/ros2_ws/build/fire_flare/install.log --single-version-externally-managed install_data
[4.201s] running egg_info
[4.203s] writing ../../build/fire_flare/fire_flare.egg-info/PKG-INFO
[4.203s] writing dependency_links to ../../build/fire_flare/fire_flare.egg-info/dependency_links.txt
[4.204s] writing entry points to ../../build/fire_flare/fire_flare.egg-info/entry_points.txt
[4.204s] writing requirements to ../../build/fire_flare/fire_flare.egg-info/requires.txt
[4.204s] writing top-level names to ../../build/fire_flare/fire_flare.egg-info/top_level.txt
[4.208s] reading manifest file '../../build/fire_flare/fire_flare.egg-info/SOURCES.txt'
[4.210s] writing manifest file '../../build/fire_flare/fire_flare.egg-info/SOURCES.txt'
[4.210s] running build
[4.211s] running build_py
[4.211s] copying fire_flare/motors.py -> /home/vihaan/ros2_ws/build/fire_flare/build/lib/fire_flare
[4.211s] running install
[4.212s] running install_lib
[4.214s] copying /home/vihaan/ros2_ws/build/fire_flare/build/lib/fire_flare/motors.py -> /home/vihaan/ros2_ws/install/fire_flare/lib/python3.10/site-packages/fire_flare
[4.216s] byte-compiling /home/vihaan/ros2_ws/install/fire_flare/lib/python3.10/site-packages/fire_flare/motors.py to motors.cpython-310.pyc
[4.218s] running install_data
[4.218s] running install_egg_info
[4.224s] removing '/home/vihaan/ros2_ws/install/fire_flare/lib/python3.10/site-packages/fire_flare-0.0.0-py3.10.egg-info' (and everything under it)
[4.224s] Copying ../../build/fire_flare/fire_flare.egg-info to /home/vihaan/ros2_ws/install/fire_flare/lib/python3.10/site-packages/fire_flare-0.0.0-py3.10.egg-info
[4.227s] running install_scripts
[4.279s] Installing motor script to /home/vihaan/ros2_ws/install/fire_flare/lib/fire_flare
[4.280s] writing list of installed files to '/home/vihaan/ros2_ws/build/fire_flare/install.log'
[4.384s] Invoked command in '/home/vihaan/ros2_ws/src/fire_flare' returned '0': PYTHONPATH=/home/vihaan/ros2_ws/build/fire_flare/prefix_override:/usr/lib/python3/dist-packages/colcon_core/task/python/colcon_distutils_commands:/home/vihaan/ros2_ws/install/fire_flare/lib/python3.10/site-packages:${PYTHONPATH} /usr/bin/python3 -W ignore:setup.py install is deprecated -W ignore:easy_install command is deprecated setup.py egg_info --egg-base ../../build/fire_flare build --build-base /home/vihaan/ros2_ws/build/fire_flare/build install --record /home/vihaan/ros2_ws/build/fire_flare/install.log --single-version-externally-managed install_data
