[1.846s] Invoking command in '/home/vihaan/ros2_ws/src/robot_config': PYTHONPATH=/home/vihaan/ros2_ws/build/robot_config/prefix_override:/usr/lib/python3/dist-packages/colcon_core/task/python/colcon_distutils_commands:/home/vihaan/ros2_ws/install/robot_config/lib/python3.10/site-packages:${PYTHONPATH} /usr/bin/python3 -W ignore:setup.py install is deprecated -W ignore:easy_install command is deprecated setup.py egg_info --egg-base ../../build/robot_config build --build-base /home/vihaan/ros2_ws/build/robot_config/build install --record /home/vihaan/ros2_ws/build/robot_config/install.log --single-version-externally-managed install_data
[2.143s] running egg_info
[2.143s] writing ../../build/robot_config/robot_config.egg-info/PKG-INFO
[2.144s] writing dependency_links to ../../build/robot_config/robot_config.egg-info/dependency_links.txt
[2.144s] writing entry points to ../../build/robot_config/robot_config.egg-info/entry_points.txt
[2.144s] writing requirements to ../../build/robot_config/robot_config.egg-info/requires.txt
[2.144s] writing top-level names to ../../build/robot_config/robot_config.egg-info/top_level.txt
[2.146s] reading manifest file '../../build/robot_config/robot_config.egg-info/SOURCES.txt'
[2.147s] writing manifest file '../../build/robot_config/robot_config.egg-info/SOURCES.txt'
[2.147s] running build
[2.147s] running build_py
[2.148s] running install
[2.148s] running install_lib
[2.149s] running install_data
[2.149s] copying robot_config/nav2_params.yaml -> /home/vihaan/ros2_ws/install/robot_config/share/robot_config/robot_config
[2.150s] running install_egg_info
[2.152s] removing '/home/vihaan/ros2_ws/install/robot_config/lib/python3.10/site-packages/robot_config-0.0.0-py3.10.egg-info' (and everything under it)
[2.152s] Copying ../../build/robot_config/robot_config.egg-info to /home/vihaan/ros2_ws/install/robot_config/lib/python3.10/site-packages/robot_config-0.0.0-py3.10.egg-info
[2.154s] running install_scripts
[2.180s] writing list of installed files to '/home/vihaan/ros2_ws/build/robot_config/install.log'
[2.217s] Invoked command in '/home/vihaan/ros2_ws/src/robot_config' returned '0': PYTHONPATH=/home/vihaan/ros2_ws/build/robot_config/prefix_override:/usr/lib/python3/dist-packages/colcon_core/task/python/colcon_distutils_commands:/home/vihaan/ros2_ws/install/robot_config/lib/python3.10/site-packages:${PYTHONPATH} /usr/bin/python3 -W ignore:setup.py install is deprecated -W ignore:easy_install command is deprecated setup.py egg_info --egg-base ../../build/robot_config build --build-base /home/vihaan/ros2_ws/build/robot_config/build install --record /home/vihaan/ros2_ws/build/robot_config/install.log --single-version-externally-managed install_data
