running egg_info
creating ../../build/thermal_explorer/thermal_explorer.egg-info
writing ../../build/thermal_explorer/thermal_explorer.egg-info/PKG-INFO
writing dependency_links to ../../build/thermal_explorer/thermal_explorer.egg-info/dependency_links.txt
writing entry points to ../../build/thermal_explorer/thermal_explorer.egg-info/entry_points.txt
writing requirements to ../../build/thermal_explorer/thermal_explorer.egg-info/requires.txt
writing top-level names to ../../build/thermal_explorer/thermal_explorer.egg-info/top_level.txt
writing manifest file '../../build/thermal_explorer/thermal_explorer.egg-info/SOURCES.txt'
reading manifest file '../../build/thermal_explorer/thermal_explorer.egg-info/SOURCES.txt'
writing manifest file '../../build/thermal_explorer/thermal_explorer.egg-info/SOURCES.txt'
running build
running build_py
creating /home/vihaan/ros2_ws/build/thermal_explorer/build
creating /home/vihaan/ros2_ws/build/thermal_explorer/build/lib
creating /home/vihaan/ros2_ws/build/thermal_explorer/build/lib/thermal_explorer
copying thermal_explorer/__init__.py -> /home/vihaan/ros2_ws/build/thermal_explorer/build/lib/thermal_explorer
running install
running install_lib
creating /home/vihaan/ros2_ws/install/thermal_explorer/lib/python3.10/site-packages/thermal_explorer
copying /home/vihaan/ros2_ws/build/thermal_explorer/build/lib/thermal_explorer/__init__.py -> /home/vihaan/ros2_ws/install/thermal_explorer/lib/python3.10/site-packages/thermal_explorer
byte-compiling /home/vihaan/ros2_ws/install/thermal_explorer/lib/python3.10/site-packages/thermal_explorer/__init__.py to __init__.cpython-310.pyc
running install_data
creating /home/vihaan/ros2_ws/install/thermal_explorer/share/ament_index
creating /home/vihaan/ros2_ws/install/thermal_explorer/share/ament_index/resource_index
creating /home/vihaan/ros2_ws/install/thermal_explorer/share/ament_index/resource_index/packages
copying resource/thermal_explorer -> /home/vihaan/ros2_ws/install/thermal_explorer/share/ament_index/resource_index/packages
copying package.xml -> /home/vihaan/ros2_ws/install/thermal_explorer/share/thermal_explorer
running install_egg_info
Copying ../../build/thermal_explorer/thermal_explorer.egg-info to /home/vihaan/ros2_ws/install/thermal_explorer/lib/python3.10/site-packages/thermal_explorer-0.0.0-py3.10.egg-info
running install_scripts
writing list of installed files to '/home/vihaan/ros2_ws/build/thermal_explorer/install.log'
