[1.891s] Invoking command in '/home/vihaan/ros2_ws/src/custom_explorer': PYTHONPATH=/home/vihaan/ros2_ws/src/build/custom_explorer/prefix_override:/usr/lib/python3/dist-packages/colcon_core/task/python/colcon_distutils_commands:/home/vihaan/ros2_ws/src/install/custom_explorer/lib/python3.10/site-packages:${PYTHONPATH} /usr/bin/python3 -W ignore:setup.py install is deprecated -W ignore:easy_install command is deprecated setup.py egg_info --egg-base ../build/custom_explorer build --build-base /home/vihaan/ros2_ws/src/build/custom_explorer/build install --record /home/vihaan/ros2_ws/src/build/custom_explorer/install.log --single-version-externally-managed install_data
[2.187s] running egg_info
[2.188s] writing ../build/custom_explorer/custom_explorer.egg-info/PKG-INFO
[2.189s] writing dependency_links to ../build/custom_explorer/custom_explorer.egg-info/dependency_links.txt
[2.189s] writing entry points to ../build/custom_explorer/custom_explorer.egg-info/entry_points.txt
[2.189s] writing requirements to ../build/custom_explorer/custom_explorer.egg-info/requires.txt
[2.190s] writing top-level names to ../build/custom_explorer/custom_explorer.egg-info/top_level.txt
[2.192s] reading manifest file '../build/custom_explorer/custom_explorer.egg-info/SOURCES.txt'
[2.193s] writing manifest file '../build/custom_explorer/custom_explorer.egg-info/SOURCES.txt'
[2.193s] running build
[2.193s] running build_py
[2.194s] running install
[2.195s] running install_lib
[2.197s] running install_data
[2.198s] running install_egg_info
[2.200s] removing '/home/vihaan/ros2_ws/src/install/custom_explorer/lib/python3.10/site-packages/custom_explorer-0.0.0-py3.10.egg-info' (and everything under it)
[2.201s] Copying ../build/custom_explorer/custom_explorer.egg-info to /home/vihaan/ros2_ws/src/install/custom_explorer/lib/python3.10/site-packages/custom_explorer-0.0.0-py3.10.egg-info
[2.202s] running install_scripts
[2.226s] Installing explorer script to /home/vihaan/ros2_ws/src/install/custom_explorer/lib/custom_explorer
[2.227s] writing list of installed files to '/home/vihaan/ros2_ws/src/build/custom_explorer/install.log'
[2.287s] Invoked command in '/home/vihaan/ros2_ws/src/custom_explorer' returned '0': PYTHONPATH=/home/vihaan/ros2_ws/src/build/custom_explorer/prefix_override:/usr/lib/python3/dist-packages/colcon_core/task/python/colcon_distutils_commands:/home/vihaan/ros2_ws/src/install/custom_explorer/lib/python3.10/site-packages:${PYTHONPATH} /usr/bin/python3 -W ignore:setup.py install is deprecated -W ignore:easy_install command is deprecated setup.py egg_info --egg-base ../build/custom_explorer build --build-base /home/vihaan/ros2_ws/src/build/custom_explorer/build install --record /home/vihaan/ros2_ws/src/build/custom_explorer/install.log --single-version-externally-managed install_data
