[2.446s] Invoking command in '/home/vihaan/ros2_ws/src/pure_pursuit': PYTHONPATH=/home/vihaan/ros2_ws/build/pure_pursuit/prefix_override:/usr/lib/python3/dist-packages/colcon_core/task/python/colcon_distutils_commands:/home/vihaan/ros2_ws/install/pure_pursuit/lib/python3.10/site-packages:${PYTHONPATH} /usr/bin/python3 -W ignore:setup.py install is deprecated -W ignore:easy_install command is deprecated setup.py egg_info --egg-base ../../build/pure_pursuit build --build-base /home/vihaan/ros2_ws/build/pure_pursuit/build install --record /home/vihaan/ros2_ws/build/pure_pursuit/install.log --single-version-externally-managed install_data
[2.778s] running egg_info
[2.779s] creating ../../build/pure_pursuit/pure_pursuit.egg-info
[2.780s] writing ../../build/pure_pursuit/pure_pursuit.egg-info/PKG-INFO
[2.780s] writing dependency_links to ../../build/pure_pursuit/pure_pursuit.egg-info/dependency_links.txt
[2.780s] writing entry points to ../../build/pure_pursuit/pure_pursuit.egg-info/entry_points.txt
[2.780s] writing requirements to ../../build/pure_pursuit/pure_pursuit.egg-info/requires.txt
[2.780s] writing top-level names to ../../build/pure_pursuit/pure_pursuit.egg-info/top_level.txt
[2.781s] writing manifest file '../../build/pure_pursuit/pure_pursuit.egg-info/SOURCES.txt'
[2.783s] reading manifest file '../../build/pure_pursuit/pure_pursuit.egg-info/SOURCES.txt'
[2.784s] writing manifest file '../../build/pure_pursuit/pure_pursuit.egg-info/SOURCES.txt'
[2.784s] running build
[2.784s] running build_py
[2.784s] creating /home/vihaan/ros2_ws/build/pure_pursuit/build
[2.785s] creating /home/vihaan/ros2_ws/build/pure_pursuit/build/lib
[2.785s] creating /home/vihaan/ros2_ws/build/pure_pursuit/build/lib/pure_pursuit
[2.785s] copying pure_pursuit/__init__.py -> /home/vihaan/ros2_ws/build/pure_pursuit/build/lib/pure_pursuit
[2.785s] copying pure_pursuit/pursuit.py -> /home/vihaan/ros2_ws/build/pure_pursuit/build/lib/pure_pursuit
[2.786s] running install
[2.786s] running install_lib
[2.787s] creating /home/vihaan/ros2_ws/install/pure_pursuit/lib/python3.10/site-packages/pure_pursuit
[2.787s] copying /home/vihaan/ros2_ws/build/pure_pursuit/build/lib/pure_pursuit/__init__.py -> /home/vihaan/ros2_ws/install/pure_pursuit/lib/python3.10/site-packages/pure_pursuit
[2.787s] copying /home/vihaan/ros2_ws/build/pure_pursuit/build/lib/pure_pursuit/pursuit.py -> /home/vihaan/ros2_ws/install/pure_pursuit/lib/python3.10/site-packages/pure_pursuit
[2.788s] byte-compiling /home/vihaan/ros2_ws/install/pure_pursuit/lib/python3.10/site-packages/pure_pursuit/__init__.py to __init__.cpython-310.pyc
[2.789s] byte-compiling /home/vihaan/ros2_ws/install/pure_pursuit/lib/python3.10/site-packages/pure_pursuit/pursuit.py to pursuit.cpython-310.pyc
[2.793s] running install_data
[2.793s] creating /home/vihaan/ros2_ws/install/pure_pursuit/share/ament_index
[2.793s] creating /home/vihaan/ros2_ws/install/pure_pursuit/share/ament_index/resource_index
[2.793s] creating /home/vihaan/ros2_ws/install/pure_pursuit/share/ament_index/resource_index/packages
[2.794s] copying resource/pure_pursuit -> /home/vihaan/ros2_ws/install/pure_pursuit/share/ament_index/resource_index/packages
[2.794s] copying package.xml -> /home/vihaan/ros2_ws/install/pure_pursuit/share/pure_pursuit
[2.794s] running install_egg_info
[2.797s] Copying ../../build/pure_pursuit/pure_pursuit.egg-info to /home/vihaan/ros2_ws/install/pure_pursuit/lib/python3.10/site-packages/pure_pursuit-0.0.0-py3.10.egg-info
[2.798s] running install_scripts
[2.828s] Installing pursuit_node script to /home/vihaan/ros2_ws/install/pure_pursuit/lib/pure_pursuit
[2.829s] writing list of installed files to '/home/vihaan/ros2_ws/build/pure_pursuit/install.log'
[2.892s] Invoked command in '/home/vihaan/ros2_ws/src/pure_pursuit' returned '0': PYTHONPATH=/home/vihaan/ros2_ws/build/pure_pursuit/prefix_override:/usr/lib/python3/dist-packages/colcon_core/task/python/colcon_distutils_commands:/home/vihaan/ros2_ws/install/pure_pursuit/lib/python3.10/site-packages:${PYTHONPATH} /usr/bin/python3 -W ignore:setup.py install is deprecated -W ignore:easy_install command is deprecated setup.py egg_info --egg-base ../../build/pure_pursuit build --build-base /home/vihaan/ros2_ws/build/pure_pursuit/build install --record /home/vihaan/ros2_ws/build/pure_pursuit/install.log --single-version-externally-managed install_data
