[1.429s] Invoking command in '/home/vihaan/ros2_ws/src/thermal_explorer': PYTHONPATH=/home/vihaan/ros2_ws/build/thermal_explorer/prefix_override:/usr/lib/python3/dist-packages/colcon_core/task/python/colcon_distutils_commands:/home/vihaan/ros2_ws/install/thermal_explorer/lib/python3.10/site-packages:${PYTHONPATH} /usr/bin/python3 -W ignore:setup.py install is deprecated -W ignore:easy_install command is deprecated setup.py egg_info --egg-base ../../build/thermal_explorer build --build-base /home/vihaan/ros2_ws/build/thermal_explorer/build install --record /home/vihaan/ros2_ws/build/thermal_explorer/install.log --single-version-externally-managed install_data
[1.719s] running egg_info
[1.719s] writing ../../build/thermal_explorer/thermal_explorer.egg-info/PKG-INFO
[1.719s] writing dependency_links to ../../build/thermal_explorer/thermal_explorer.egg-info/dependency_links.txt
[1.720s] writing entry points to ../../build/thermal_explorer/thermal_explorer.egg-info/entry_points.txt
[1.720s] writing requirements to ../../build/thermal_explorer/thermal_explorer.egg-info/requires.txt
[1.720s] writing top-level names to ../../build/thermal_explorer/thermal_explorer.egg-info/top_level.txt
[1.722s] reading manifest file '../../build/thermal_explorer/thermal_explorer.egg-info/SOURCES.txt'
[1.724s] writing manifest file '../../build/thermal_explorer/thermal_explorer.egg-info/SOURCES.txt'
[1.724s] running build
[1.724s] running build_py
[1.724s] copying thermal_explorer/thermal_scan.py -> /home/vihaan/ros2_ws/build/thermal_explorer/build/lib/thermal_explorer
[1.724s] running install
[1.724s] running install_lib
[1.724s] copying /home/vihaan/ros2_ws/build/thermal_explorer/build/lib/thermal_explorer/thermal_scan.py -> /home/vihaan/ros2_ws/install/thermal_explorer/lib/python3.10/site-packages/thermal_explorer
[1.726s] byte-compiling /home/vihaan/ros2_ws/install/thermal_explorer/lib/python3.10/site-packages/thermal_explorer/thermal_scan.py to thermal_scan.cpython-310.pyc
[1.726s] running install_data
[1.727s] running install_egg_info
[1.729s] removing '/home/vihaan/ros2_ws/install/thermal_explorer/lib/python3.10/site-packages/thermal_explorer-0.0.0-py3.10.egg-info' (and everything under it)
[1.729s] Copying ../../build/thermal_explorer/thermal_explorer.egg-info to /home/vihaan/ros2_ws/install/thermal_explorer/lib/python3.10/site-packages/thermal_explorer-0.0.0-py3.10.egg-info
[1.730s] running install_scripts
[1.755s] Installing thermal script to /home/vihaan/ros2_ws/install/thermal_explorer/lib/thermal_explorer
[1.755s] writing list of installed files to '/home/vihaan/ros2_ws/build/thermal_explorer/install.log'
[1.814s] Invoked command in '/home/vihaan/ros2_ws/src/thermal_explorer' returned '0': PYTHONPATH=/home/vihaan/ros2_ws/build/thermal_explorer/prefix_override:/usr/lib/python3/dist-packages/colcon_core/task/python/colcon_distutils_commands:/home/vihaan/ros2_ws/install/thermal_explorer/lib/python3.10/site-packages:${PYTHONPATH} /usr/bin/python3 -W ignore:setup.py install is deprecated -W ignore:easy_install command is deprecated setup.py egg_info --egg-base ../../build/thermal_explorer build --build-base /home/vihaan/ros2_ws/build/thermal_explorer/build install --record /home/vihaan/ros2_ws/build/thermal_explorer/install.log --single-version-externally-managed install_data
