[1.456s] Invoking command in '/home/vihaan/ros2_ws/src/custom_explorer': PYTHONPATH=/home/vihaan/ros2_ws/src/build/custom_explorer/prefix_override:/usr/lib/python3/dist-packages/colcon_core/task/python/colcon_distutils_commands:/home/vihaan/ros2_ws/src/install/custom_explorer/lib/python3.10/site-packages:${PYTHONPATH} /usr/bin/python3 -W ignore:setup.py install is deprecated -W ignore:easy_install command is deprecated setup.py egg_info --egg-base ../build/custom_explorer build --build-base /home/vihaan/ros2_ws/src/build/custom_explorer/build install --record /home/vihaan/ros2_ws/src/build/custom_explorer/install.log --single-version-externally-managed install_data
[1.750s] running egg_info
[1.750s] creating ../build/custom_explorer/custom_explorer.egg-info
[1.751s] writing ../build/custom_explorer/custom_explorer.egg-info/PKG-INFO
[1.751s] writing dependency_links to ../build/custom_explorer/custom_explorer.egg-info/dependency_links.txt
[1.751s] writing entry points to ../build/custom_explorer/custom_explorer.egg-info/entry_points.txt
[1.751s] writing requirements to ../build/custom_explorer/custom_explorer.egg-info/requires.txt
[1.751s] writing top-level names to ../build/custom_explorer/custom_explorer.egg-info/top_level.txt
[1.752s] writing manifest file '../build/custom_explorer/custom_explorer.egg-info/SOURCES.txt'
[1.753s] reading manifest file '../build/custom_explorer/custom_explorer.egg-info/SOURCES.txt'
[1.754s] writing manifest file '../build/custom_explorer/custom_explorer.egg-info/SOURCES.txt'
[1.754s] running build
[1.755s] running build_py
[1.755s] creating /home/vihaan/ros2_ws/src/build/custom_explorer/build
[1.755s] creating /home/vihaan/ros2_ws/src/build/custom_explorer/build/lib
[1.755s] creating /home/vihaan/ros2_ws/src/build/custom_explorer/build/lib/custom_explorer
[1.755s] copying custom_explorer/__init__.py -> /home/vihaan/ros2_ws/src/build/custom_explorer/build/lib/custom_explorer
[1.755s] copying custom_explorer/explorer.py -> /home/vihaan/ros2_ws/src/build/custom_explorer/build/lib/custom_explorer
[1.755s] running install
[1.755s] running install_lib
[1.756s] creating /home/vihaan/ros2_ws/src/install/custom_explorer/lib/python3.10/site-packages/custom_explorer
[1.756s] copying /home/vihaan/ros2_ws/src/build/custom_explorer/build/lib/custom_explorer/__init__.py -> /home/vihaan/ros2_ws/src/install/custom_explorer/lib/python3.10/site-packages/custom_explorer
[1.757s] copying /home/vihaan/ros2_ws/src/build/custom_explorer/build/lib/custom_explorer/explorer.py -> /home/vihaan/ros2_ws/src/install/custom_explorer/lib/python3.10/site-packages/custom_explorer
[1.758s] byte-compiling /home/vihaan/ros2_ws/src/install/custom_explorer/lib/python3.10/site-packages/custom_explorer/__init__.py to __init__.cpython-310.pyc
[1.758s] byte-compiling /home/vihaan/ros2_ws/src/install/custom_explorer/lib/python3.10/site-packages/custom_explorer/explorer.py to explorer.cpython-310.pyc
[1.759s] running install_data
[1.760s] creating /home/vihaan/ros2_ws/src/install/custom_explorer/share/ament_index
[1.760s] creating /home/vihaan/ros2_ws/src/install/custom_explorer/share/ament_index/resource_index
[1.760s] creating /home/vihaan/ros2_ws/src/install/custom_explorer/share/ament_index/resource_index/packages
[1.760s] copying resource/custom_explorer -> /home/vihaan/ros2_ws/src/install/custom_explorer/share/ament_index/resource_index/packages
[1.760s] copying package.xml -> /home/vihaan/ros2_ws/src/install/custom_explorer/share/custom_explorer
[1.760s] running install_egg_info
[1.762s] Copying ../build/custom_explorer/custom_explorer.egg-info to /home/vihaan/ros2_ws/src/install/custom_explorer/lib/python3.10/site-packages/custom_explorer-0.0.0-py3.10.egg-info
[1.763s] running install_scripts
[1.791s] Installing explorer script to /home/vihaan/ros2_ws/src/install/custom_explorer/lib/custom_explorer
[1.791s] writing list of installed files to '/home/vihaan/ros2_ws/src/build/custom_explorer/install.log'
[1.850s] Invoked command in '/home/vihaan/ros2_ws/src/custom_explorer' returned '0': PYTHONPATH=/home/vihaan/ros2_ws/src/build/custom_explorer/prefix_override:/usr/lib/python3/dist-packages/colcon_core/task/python/colcon_distutils_commands:/home/vihaan/ros2_ws/src/install/custom_explorer/lib/python3.10/site-packages:${PYTHONPATH} /usr/bin/python3 -W ignore:setup.py install is deprecated -W ignore:easy_install command is deprecated setup.py egg_info --egg-base ../build/custom_explorer build --build-base /home/vihaan/ros2_ws/src/build/custom_explorer/build install --record /home/vihaan/ros2_ws/src/build/custom_explorer/install.log --single-version-externally-managed install_data
