[1.805s] Invoking command in '/home/vihaan/ros2_ws/src/robot_config': PYTHONPATH=/home/vihaan/ros2_ws/src/build/robot_config/prefix_override:/usr/lib/python3/dist-packages/colcon_core/task/python/colcon_distutils_commands:/home/vihaan/ros2_ws/src/install/robot_config/lib/python3.10/site-packages:${PYTHONPATH} /usr/bin/python3 -W ignore:setup.py install is deprecated -W ignore:easy_install command is deprecated setup.py egg_info --egg-base ../build/robot_config build --build-base /home/vihaan/ros2_ws/src/build/robot_config/build install --record /home/vihaan/ros2_ws/src/build/robot_config/install.log --single-version-externally-managed install_data
[2.094s] running egg_info
[2.095s] writing ../build/robot_config/robot_config.egg-info/PKG-INFO
[2.096s] writing dependency_links to ../build/robot_config/robot_config.egg-info/dependency_links.txt
[2.096s] writing entry points to ../build/robot_config/robot_config.egg-info/entry_points.txt
[2.097s] writing requirements to ../build/robot_config/robot_config.egg-info/requires.txt
[2.097s] writing top-level names to ../build/robot_config/robot_config.egg-info/top_level.txt
[2.099s] reading manifest file '../build/robot_config/robot_config.egg-info/SOURCES.txt'
[2.100s] writing manifest file '../build/robot_config/robot_config.egg-info/SOURCES.txt'
[2.100s] running build
[2.100s] running build_py
[2.101s] running install
[2.102s] running install_lib
[2.104s] running install_data
[2.105s] running install_egg_info
[2.108s] removing '/home/vihaan/ros2_ws/src/install/robot_config/lib/python3.10/site-packages/robot_config-0.0.0-py3.10.egg-info' (and everything under it)
[2.109s] Copying ../build/robot_config/robot_config.egg-info to /home/vihaan/ros2_ws/src/install/robot_config/lib/python3.10/site-packages/robot_config-0.0.0-py3.10.egg-info
[2.110s] running install_scripts
[2.135s] writing list of installed files to '/home/vihaan/ros2_ws/src/build/robot_config/install.log'
[2.205s] Invoked command in '/home/vihaan/ros2_ws/src/robot_config' returned '0': PYTHONPATH=/home/vihaan/ros2_ws/src/build/robot_config/prefix_override:/usr/lib/python3/dist-packages/colcon_core/task/python/colcon_distutils_commands:/home/vihaan/ros2_ws/src/install/robot_config/lib/python3.10/site-packages:${PYTHONPATH} /usr/bin/python3 -W ignore:setup.py install is deprecated -W ignore:easy_install command is deprecated setup.py egg_info --egg-base ../build/robot_config build --build-base /home/vihaan/ros2_ws/src/build/robot_config/build install --record /home/vihaan/ros2_ws/src/build/robot_config/install.log --single-version-externally-managed install_data
