[1.409s] Invoking command in '/home/vihaan/ros2_ws/src/robot_config': PYTHONPATH=/home/vihaan/ros2_ws/src/build/robot_config/prefix_override:/usr/lib/python3/dist-packages/colcon_core/task/python/colcon_distutils_commands:/home/vihaan/ros2_ws/src/install/robot_config/lib/python3.10/site-packages:${PYTHONPATH} /usr/bin/python3 -W ignore:setup.py install is deprecated -W ignore:easy_install command is deprecated setup.py egg_info --egg-base ../build/robot_config build --build-base /home/vihaan/ros2_ws/src/build/robot_config/build install --record /home/vihaan/ros2_ws/src/build/robot_config/install.log --single-version-externally-managed install_data
[1.712s] running egg_info
[1.713s] creating ../build/robot_config/robot_config.egg-info
[1.713s] writing ../build/robot_config/robot_config.egg-info/PKG-INFO
[1.714s] writing dependency_links to ../build/robot_config/robot_config.egg-info/dependency_links.txt
[1.714s] writing entry points to ../build/robot_config/robot_config.egg-info/entry_points.txt
[1.714s] writing requirements to ../build/robot_config/robot_config.egg-info/requires.txt
[1.714s] writing top-level names to ../build/robot_config/robot_config.egg-info/top_level.txt
[1.714s] writing manifest file '../build/robot_config/robot_config.egg-info/SOURCES.txt'
[1.716s] reading manifest file '../build/robot_config/robot_config.egg-info/SOURCES.txt'
[1.717s] writing manifest file '../build/robot_config/robot_config.egg-info/SOURCES.txt'
[1.717s] running build
[1.717s] running build_py
[1.717s] creating /home/vihaan/ros2_ws/src/build/robot_config/build
[1.717s] creating /home/vihaan/ros2_ws/src/build/robot_config/build/lib
[1.717s] creating /home/vihaan/ros2_ws/src/build/robot_config/build/lib/robot_config
[1.717s] copying robot_config/__init__.py -> /home/vihaan/ros2_ws/src/build/robot_config/build/lib/robot_config
[1.717s] running install
[1.718s] running install_lib
[1.719s] creating /home/vihaan/ros2_ws/src/install/robot_config/lib/python3.10/site-packages/robot_config
[1.719s] copying /home/vihaan/ros2_ws/src/build/robot_config/build/lib/robot_config/__init__.py -> /home/vihaan/ros2_ws/src/install/robot_config/lib/python3.10/site-packages/robot_config
[1.720s] byte-compiling /home/vihaan/ros2_ws/src/install/robot_config/lib/python3.10/site-packages/robot_config/__init__.py to __init__.cpython-310.pyc
[1.720s] running install_data
[1.720s] creating /home/vihaan/ros2_ws/src/install/robot_config/share/robot_config/launch
[1.721s] copying launch/nav2_launch.py -> /home/vihaan/ros2_ws/src/install/robot_config/share/robot_config/launch
[1.721s] creating /home/vihaan/ros2_ws/src/install/robot_config/share/robot_config/robot_config
[1.721s] copying robot_config/nav2_params.yaml -> /home/vihaan/ros2_ws/src/install/robot_config/share/robot_config/robot_config
[1.721s] creating /home/vihaan/ros2_ws/src/install/robot_config/share/ament_index
[1.721s] creating /home/vihaan/ros2_ws/src/install/robot_config/share/ament_index/resource_index
[1.721s] creating /home/vihaan/ros2_ws/src/install/robot_config/share/ament_index/resource_index/packages
[1.721s] copying resource/robot_config -> /home/vihaan/ros2_ws/src/install/robot_config/share/ament_index/resource_index/packages
[1.721s] copying package.xml -> /home/vihaan/ros2_ws/src/install/robot_config/share/robot_config
[1.721s] running install_egg_info
[1.723s] Copying ../build/robot_config/robot_config.egg-info to /home/vihaan/ros2_ws/src/install/robot_config/lib/python3.10/site-packages/robot_config-0.0.0-py3.10.egg-info
[1.725s] running install_scripts
[1.751s] writing list of installed files to '/home/vihaan/ros2_ws/src/build/robot_config/install.log'
[1.791s] Invoked command in '/home/vihaan/ros2_ws/src/robot_config' returned '0': PYTHONPATH=/home/vihaan/ros2_ws/src/build/robot_config/prefix_override:/usr/lib/python3/dist-packages/colcon_core/task/python/colcon_distutils_commands:/home/vihaan/ros2_ws/src/install/robot_config/lib/python3.10/site-packages:${PYTHONPATH} /usr/bin/python3 -W ignore:setup.py install is deprecated -W ignore:easy_install command is deprecated setup.py egg_info --egg-base ../build/robot_config build --build-base /home/vihaan/ros2_ws/src/build/robot_config/build install --record /home/vihaan/ros2_ws/src/build/robot_config/install.log --single-version-externally-managed install_data
