running egg_info
creating ../../build/custom_explorer/custom_explorer.egg-info
writing ../../build/custom_explorer/custom_explorer.egg-info/PKG-INFO
writing dependency_links to ../../build/custom_explorer/custom_explorer.egg-info/dependency_links.txt
writing entry points to ../../build/custom_explorer/custom_explorer.egg-info/entry_points.txt
writing requirements to ../../build/custom_explorer/custom_explorer.egg-info/requires.txt
writing top-level names to ../../build/custom_explorer/custom_explorer.egg-info/top_level.txt
writing manifest file '../../build/custom_explorer/custom_explorer.egg-info/SOURCES.txt'
reading manifest file '../../build/custom_explorer/custom_explorer.egg-info/SOURCES.txt'
writing manifest file '../../build/custom_explorer/custom_explorer.egg-info/SOURCES.txt'
running build
running build_py
creating /home/vihaan/ros2_ws/build/custom_explorer/build
creating /home/vihaan/ros2_ws/build/custom_explorer/build/lib
creating /home/vihaan/ros2_ws/build/custom_explorer/build/lib/custom_explorer
copying custom_explorer/__init__.py -> /home/vihaan/ros2_ws/build/custom_explorer/build/lib/custom_explorer
running install
running install_lib
creating /home/vihaan/ros2_ws/install/custom_explorer/lib/python3.10/site-packages/custom_explorer
copying /home/vihaan/ros2_ws/build/custom_explorer/build/lib/custom_explorer/__init__.py -> /home/vihaan/ros2_ws/install/custom_explorer/lib/python3.10/site-packages/custom_explorer
byte-compiling /home/vihaan/ros2_ws/install/custom_explorer/lib/python3.10/site-packages/custom_explorer/__init__.py to __init__.cpython-310.pyc
running install_data
creating /home/vihaan/ros2_ws/install/custom_explorer/share/ament_index
creating /home/vihaan/ros2_ws/install/custom_explorer/share/ament_index/resource_index
creating /home/vihaan/ros2_ws/install/custom_explorer/share/ament_index/resource_index/packages
copying resource/custom_explorer -> /home/vihaan/ros2_ws/install/custom_explorer/share/ament_index/resource_index/packages
creating /home/vihaan/ros2_ws/install/custom_explorer/share/custom_explorer/launch
copying launch/launcher.py -> /home/vihaan/ros2_ws/install/custom_explorer/share/custom_explorer/launch
copying package.xml -> /home/vihaan/ros2_ws/install/custom_explorer/share/custom_explorer
running install_egg_info
Copying ../../build/custom_explorer/custom_explorer.egg-info to /home/vihaan/ros2_ws/install/custom_explorer/lib/python3.10/site-packages/custom_explorer-0.0.0-py3.10.egg-info
running install_scripts
Installing explorer script to /home/vihaan/ros2_ws/install/custom_explorer/lib/custom_explorer
writing list of installed files to '/home/vihaan/ros2_ws/build/custom_explorer/install.log'
