[0.432s] Invoking command in '/home/vihaan/ros2_ws/src/custom_explorer': PYTHONPATH=/home/vihaan/ros2_ws/build/custom_explorer/prefix_override:/usr/lib/python3/dist-packages/colcon_core/task/python/colcon_distutils_commands:/home/vihaan/ros2_ws/install/custom_explorer/lib/python3.10/site-packages:${PYTHONPATH} /usr/bin/python3 -W ignore:setup.py install is deprecated -W ignore:easy_install command is deprecated setup.py egg_info --egg-base ../../build/custom_explorer build --build-base /home/vihaan/ros2_ws/build/custom_explorer/build install --record /home/vihaan/ros2_ws/build/custom_explorer/install.log --single-version-externally-managed install_data
[0.602s] running egg_info
[0.602s] creating ../../build/custom_explorer/custom_explorer.egg-info
[0.602s] writing ../../build/custom_explorer/custom_explorer.egg-info/PKG-INFO
[0.602s] writing dependency_links to ../../build/custom_explorer/custom_explorer.egg-info/dependency_links.txt
[0.602s] writing entry points to ../../build/custom_explorer/custom_explorer.egg-info/entry_points.txt
[0.603s] writing requirements to ../../build/custom_explorer/custom_explorer.egg-info/requires.txt
[0.603s] writing top-level names to ../../build/custom_explorer/custom_explorer.egg-info/top_level.txt
[0.603s] writing manifest file '../../build/custom_explorer/custom_explorer.egg-info/SOURCES.txt'
[0.604s] reading manifest file '../../build/custom_explorer/custom_explorer.egg-info/SOURCES.txt'
[0.604s] writing manifest file '../../build/custom_explorer/custom_explorer.egg-info/SOURCES.txt'
[0.604s] running build
[0.604s] running build_py
[0.604s] creating /home/vihaan/ros2_ws/build/custom_explorer/build
[0.604s] creating /home/vihaan/ros2_ws/build/custom_explorer/build/lib
[0.604s] creating /home/vihaan/ros2_ws/build/custom_explorer/build/lib/custom_explorer
[0.604s] copying custom_explorer/__init__.py -> /home/vihaan/ros2_ws/build/custom_explorer/build/lib/custom_explorer
[0.604s] running install
[0.605s] running install_lib
[0.605s] creating /home/vihaan/ros2_ws/install/custom_explorer/lib/python3.10/site-packages/custom_explorer
[0.605s] copying /home/vihaan/ros2_ws/build/custom_explorer/build/lib/custom_explorer/__init__.py -> /home/vihaan/ros2_ws/install/custom_explorer/lib/python3.10/site-packages/custom_explorer
[0.606s] byte-compiling /home/vihaan/ros2_ws/install/custom_explorer/lib/python3.10/site-packages/custom_explorer/__init__.py to __init__.cpython-310.pyc
[0.606s] running install_data
[0.606s] creating /home/vihaan/ros2_ws/install/custom_explorer/share/ament_index
[0.606s] creating /home/vihaan/ros2_ws/install/custom_explorer/share/ament_index/resource_index
[0.606s] creating /home/vihaan/ros2_ws/install/custom_explorer/share/ament_index/resource_index/packages
[0.606s] copying resource/custom_explorer -> /home/vihaan/ros2_ws/install/custom_explorer/share/ament_index/resource_index/packages
[0.606s] creating /home/vihaan/ros2_ws/install/custom_explorer/share/custom_explorer/launch
[0.606s] copying launch/launcher.py -> /home/vihaan/ros2_ws/install/custom_explorer/share/custom_explorer/launch
[0.606s] copying package.xml -> /home/vihaan/ros2_ws/install/custom_explorer/share/custom_explorer
[0.606s] running install_egg_info
[0.607s] Copying ../../build/custom_explorer/custom_explorer.egg-info to /home/vihaan/ros2_ws/install/custom_explorer/lib/python3.10/site-packages/custom_explorer-0.0.0-py3.10.egg-info
[0.608s] running install_scripts
[0.622s] Installing explorer script to /home/vihaan/ros2_ws/install/custom_explorer/lib/custom_explorer
[0.623s] writing list of installed files to '/home/vihaan/ros2_ws/build/custom_explorer/install.log'
[0.641s] Invoked command in '/home/vihaan/ros2_ws/src/custom_explorer' returned '0': PYTHONPATH=/home/vihaan/ros2_ws/build/custom_explorer/prefix_override:/usr/lib/python3/dist-packages/colcon_core/task/python/colcon_distutils_commands:/home/vihaan/ros2_ws/install/custom_explorer/lib/python3.10/site-packages:${PYTHONPATH} /usr/bin/python3 -W ignore:setup.py install is deprecated -W ignore:easy_install command is deprecated setup.py egg_info --egg-base ../../build/custom_explorer build --build-base /home/vihaan/ros2_ws/build/custom_explorer/build install --record /home/vihaan/ros2_ws/build/custom_explorer/install.log --single-version-externally-managed install_data
