[1.915s] Invoking command in '/home/vihaan/ros2_ws/src/custom_explorer': PYTHONPATH=/home/vihaan/ros2_ws/src/build/custom_explorer/prefix_override:/usr/lib/python3/dist-packages/colcon_core/task/python/colcon_distutils_commands:/home/vihaan/ros2_ws/src/install/custom_explorer/lib/python3.10/site-packages:${PYTHONPATH} /usr/bin/python3 -W ignore:setup.py install is deprecated -W ignore:easy_install command is deprecated setup.py egg_info --egg-base ../build/custom_explorer build --build-base /home/vihaan/ros2_ws/src/build/custom_explorer/build install --record /home/vihaan/ros2_ws/src/build/custom_explorer/install.log --single-version-externally-managed install_data
[2.246s] running egg_info
[2.247s] writing ../build/custom_explorer/custom_explorer.egg-info/PKG-INFO
[2.247s] writing dependency_links to ../build/custom_explorer/custom_explorer.egg-info/dependency_links.txt
[2.247s] writing entry points to ../build/custom_explorer/custom_explorer.egg-info/entry_points.txt
[2.248s] writing requirements to ../build/custom_explorer/custom_explorer.egg-info/requires.txt
[2.248s] writing top-level names to ../build/custom_explorer/custom_explorer.egg-info/top_level.txt
[2.249s] reading manifest file '../build/custom_explorer/custom_explorer.egg-info/SOURCES.txt'
[2.250s] writing manifest file '../build/custom_explorer/custom_explorer.egg-info/SOURCES.txt'
[2.251s] running build
[2.251s] running build_py
[2.251s] copying custom_explorer/explorer.py -> /home/vihaan/ros2_ws/src/build/custom_explorer/build/lib/custom_explorer
[2.251s] running install
[2.251s] running install_lib
[2.252s] copying /home/vihaan/ros2_ws/src/build/custom_explorer/build/lib/custom_explorer/explorer.py -> /home/vihaan/ros2_ws/src/install/custom_explorer/lib/python3.10/site-packages/custom_explorer
[2.253s] byte-compiling /home/vihaan/ros2_ws/src/install/custom_explorer/lib/python3.10/site-packages/custom_explorer/explorer.py to explorer.cpython-310.pyc
[2.255s] running install_data
[2.255s] running install_egg_info
[2.258s] removing '/home/vihaan/ros2_ws/src/install/custom_explorer/lib/python3.10/site-packages/custom_explorer-0.0.0-py3.10.egg-info' (and everything under it)
[2.259s] Copying ../build/custom_explorer/custom_explorer.egg-info to /home/vihaan/ros2_ws/src/install/custom_explorer/lib/python3.10/site-packages/custom_explorer-0.0.0-py3.10.egg-info
[2.260s] running install_scripts
[2.291s] Installing explorer script to /home/vihaan/ros2_ws/src/install/custom_explorer/lib/custom_explorer
[2.292s] writing list of installed files to '/home/vihaan/ros2_ws/src/build/custom_explorer/install.log'
[2.336s] Invoked command in '/home/vihaan/ros2_ws/src/custom_explorer' returned '0': PYTHONPATH=/home/vihaan/ros2_ws/src/build/custom_explorer/prefix_override:/usr/lib/python3/dist-packages/colcon_core/task/python/colcon_distutils_commands:/home/vihaan/ros2_ws/src/install/custom_explorer/lib/python3.10/site-packages:${PYTHONPATH} /usr/bin/python3 -W ignore:setup.py install is deprecated -W ignore:easy_install command is deprecated setup.py egg_info --egg-base ../build/custom_explorer build --build-base /home/vihaan/ros2_ws/src/build/custom_explorer/build install --record /home/vihaan/ros2_ws/src/build/custom_explorer/install.log --single-version-externally-managed install_data
