[3.583s] Invoking command in '/home/vihaan/ros2_ws/src/robot_config': PYTHONPATH=/home/vihaan/ros2_ws/build/robot_config/prefix_override:/usr/lib/python3/dist-packages/colcon_core/task/python/colcon_distutils_commands:/home/vihaan/ros2_ws/install/robot_config/lib/python3.10/site-packages:${PYTHONPATH} /usr/bin/python3 -W ignore:setup.py install is deprecated -W ignore:easy_install command is deprecated setup.py egg_info --egg-base ../../build/robot_config build --build-base /home/vihaan/ros2_ws/build/robot_config/build install --record /home/vihaan/ros2_ws/build/robot_config/install.log --single-version-externally-managed install_data
[4.194s] running egg_info
[4.196s] writing ../../build/robot_config/robot_config.egg-info/PKG-INFO
[4.197s] writing dependency_links to ../../build/robot_config/robot_config.egg-info/dependency_links.txt
[4.197s] writing entry points to ../../build/robot_config/robot_config.egg-info/entry_points.txt
[4.198s] writing requirements to ../../build/robot_config/robot_config.egg-info/requires.txt
[4.198s] writing top-level names to ../../build/robot_config/robot_config.egg-info/top_level.txt
[4.203s] reading manifest file '../../build/robot_config/robot_config.egg-info/SOURCES.txt'
[4.204s] writing manifest file '../../build/robot_config/robot_config.egg-info/SOURCES.txt'
[4.205s] running build
[4.205s] running build_py
[4.205s] running install
[4.206s] running install_lib
[4.209s] running install_data
[4.210s] running install_egg_info
[4.214s] removing '/home/vihaan/ros2_ws/install/robot_config/lib/python3.10/site-packages/robot_config-0.0.0-py3.10.egg-info' (and everything under it)
[4.215s] Copying ../../build/robot_config/robot_config.egg-info to /home/vihaan/ros2_ws/install/robot_config/lib/python3.10/site-packages/robot_config-0.0.0-py3.10.egg-info
[4.217s] running install_scripts
[4.268s] writing list of installed files to '/home/vihaan/ros2_ws/build/robot_config/install.log'
[4.342s] Invoked command in '/home/vihaan/ros2_ws/src/robot_config' returned '0': PYTHONPATH=/home/vihaan/ros2_ws/build/robot_config/prefix_override:/usr/lib/python3/dist-packages/colcon_core/task/python/colcon_distutils_commands:/home/vihaan/ros2_ws/install/robot_config/lib/python3.10/site-packages:${PYTHONPATH} /usr/bin/python3 -W ignore:setup.py install is deprecated -W ignore:easy_install command is deprecated setup.py egg_info --egg-base ../../build/robot_config build --build-base /home/vihaan/ros2_ws/build/robot_config/build install --record /home/vihaan/ros2_ws/build/robot_config/install.log --single-version-externally-managed install_data
