[3.523s] Invoking command in '/home/vihaan/ros2_ws/src/thermal_explorer': PYTHONPATH=/home/vihaan/ros2_ws/build/thermal_explorer/prefix_override:/usr/lib/python3/dist-packages/colcon_core/task/python/colcon_distutils_commands:/home/vihaan/ros2_ws/install/thermal_explorer/lib/python3.10/site-packages:${PYTHONPATH} /usr/bin/python3 -W ignore:setup.py install is deprecated -W ignore:easy_install command is deprecated setup.py egg_info --egg-base ../../build/thermal_explorer build --build-base /home/vihaan/ros2_ws/build/thermal_explorer/build install --record /home/vihaan/ros2_ws/build/thermal_explorer/install.log --single-version-externally-managed install_data
[4.129s] running egg_info
[4.130s] writing ../../build/thermal_explorer/thermal_explorer.egg-info/PKG-INFO
[4.131s] writing dependency_links to ../../build/thermal_explorer/thermal_explorer.egg-info/dependency_links.txt
[4.131s] writing entry points to ../../build/thermal_explorer/thermal_explorer.egg-info/entry_points.txt
[4.132s] writing requirements to ../../build/thermal_explorer/thermal_explorer.egg-info/requires.txt
[4.132s] writing top-level names to ../../build/thermal_explorer/thermal_explorer.egg-info/top_level.txt
[4.136s] reading manifest file '../../build/thermal_explorer/thermal_explorer.egg-info/SOURCES.txt'
[4.139s] writing manifest file '../../build/thermal_explorer/thermal_explorer.egg-info/SOURCES.txt'
[4.139s] running build
[4.139s] running build_py
[4.139s] running install
[4.140s] running install_lib
[4.144s] running install_data
[4.144s] running install_egg_info
[4.148s] removing '/home/vihaan/ros2_ws/install/thermal_explorer/lib/python3.10/site-packages/thermal_explorer-0.0.0-py3.10.egg-info' (and everything under it)
[4.149s] Copying ../../build/thermal_explorer/thermal_explorer.egg-info to /home/vihaan/ros2_ws/install/thermal_explorer/lib/python3.10/site-packages/thermal_explorer-0.0.0-py3.10.egg-info
[4.151s] running install_scripts
[4.200s] Installing thermal script to /home/vihaan/ros2_ws/install/thermal_explorer/lib/thermal_explorer
[4.201s] writing list of installed files to '/home/vihaan/ros2_ws/build/thermal_explorer/install.log'
[4.272s] Invoked command in '/home/vihaan/ros2_ws/src/thermal_explorer' returned '0': PYTHONPATH=/home/vihaan/ros2_ws/build/thermal_explorer/prefix_override:/usr/lib/python3/dist-packages/colcon_core/task/python/colcon_distutils_commands:/home/vihaan/ros2_ws/install/thermal_explorer/lib/python3.10/site-packages:${PYTHONPATH} /usr/bin/python3 -W ignore:setup.py install is deprecated -W ignore:easy_install command is deprecated setup.py egg_info --egg-base ../../build/thermal_explorer build --build-base /home/vihaan/ros2_ws/build/thermal_explorer/build install --record /home/vihaan/ros2_ws/build/thermal_explorer/install.log --single-version-externally-managed install_data
