[1.431s] Invoking command in '/home/vihaan/ros2_ws/src/thermal_explorer': PYTHONPATH=/home/vihaan/ros2_ws/src/build/thermal_explorer/prefix_override:/usr/lib/python3/dist-packages/colcon_core/task/python/colcon_distutils_commands:/home/vihaan/ros2_ws/src/install/thermal_explorer/lib/python3.10/site-packages:${PYTHONPATH} /usr/bin/python3 -W ignore:setup.py install is deprecated -W ignore:easy_install command is deprecated setup.py egg_info --egg-base ../build/thermal_explorer build --build-base /home/vihaan/ros2_ws/src/build/thermal_explorer/build install --record /home/vihaan/ros2_ws/src/build/thermal_explorer/install.log --single-version-externally-managed install_data
[1.721s] running egg_info
[1.722s] creating ../build/thermal_explorer/thermal_explorer.egg-info
[1.722s] writing ../build/thermal_explorer/thermal_explorer.egg-info/PKG-INFO
[1.722s] writing dependency_links to ../build/thermal_explorer/thermal_explorer.egg-info/dependency_links.txt
[1.723s] writing entry points to ../build/thermal_explorer/thermal_explorer.egg-info/entry_points.txt
[1.723s] writing requirements to ../build/thermal_explorer/thermal_explorer.egg-info/requires.txt
[1.723s] writing top-level names to ../build/thermal_explorer/thermal_explorer.egg-info/top_level.txt
[1.723s] writing manifest file '../build/thermal_explorer/thermal_explorer.egg-info/SOURCES.txt'
[1.725s] reading manifest file '../build/thermal_explorer/thermal_explorer.egg-info/SOURCES.txt'
[1.725s] writing manifest file '../build/thermal_explorer/thermal_explorer.egg-info/SOURCES.txt'
[1.726s] running build
[1.726s] running build_py
[1.726s] creating /home/vihaan/ros2_ws/src/build/thermal_explorer/build
[1.726s] creating /home/vihaan/ros2_ws/src/build/thermal_explorer/build/lib
[1.726s] creating /home/vihaan/ros2_ws/src/build/thermal_explorer/build/lib/thermal_explorer
[1.726s] copying thermal_explorer/__init__.py -> /home/vihaan/ros2_ws/src/build/thermal_explorer/build/lib/thermal_explorer
[1.726s] copying thermal_explorer/thermal_scan.py -> /home/vihaan/ros2_ws/src/build/thermal_explorer/build/lib/thermal_explorer
[1.726s] running install
[1.727s] running install_lib
[1.728s] creating /home/vihaan/ros2_ws/src/install/thermal_explorer/lib/python3.10/site-packages/thermal_explorer
[1.728s] copying /home/vihaan/ros2_ws/src/build/thermal_explorer/build/lib/thermal_explorer/__init__.py -> /home/vihaan/ros2_ws/src/install/thermal_explorer/lib/python3.10/site-packages/thermal_explorer
[1.728s] copying /home/vihaan/ros2_ws/src/build/thermal_explorer/build/lib/thermal_explorer/thermal_scan.py -> /home/vihaan/ros2_ws/src/install/thermal_explorer/lib/python3.10/site-packages/thermal_explorer
[1.729s] byte-compiling /home/vihaan/ros2_ws/src/install/thermal_explorer/lib/python3.10/site-packages/thermal_explorer/__init__.py to __init__.cpython-310.pyc
[1.729s] byte-compiling /home/vihaan/ros2_ws/src/install/thermal_explorer/lib/python3.10/site-packages/thermal_explorer/thermal_scan.py to thermal_scan.cpython-310.pyc
[1.730s] running install_data
[1.730s] creating /home/vihaan/ros2_ws/src/install/thermal_explorer/share/ament_index
[1.730s] creating /home/vihaan/ros2_ws/src/install/thermal_explorer/share/ament_index/resource_index
[1.730s] creating /home/vihaan/ros2_ws/src/install/thermal_explorer/share/ament_index/resource_index/packages
[1.730s] copying resource/thermal_explorer -> /home/vihaan/ros2_ws/src/install/thermal_explorer/share/ament_index/resource_index/packages
[1.730s] copying package.xml -> /home/vihaan/ros2_ws/src/install/thermal_explorer/share/thermal_explorer
[1.730s] running install_egg_info
[1.733s] Copying ../build/thermal_explorer/thermal_explorer.egg-info to /home/vihaan/ros2_ws/src/install/thermal_explorer/lib/python3.10/site-packages/thermal_explorer-0.0.0-py3.10.egg-info
[1.734s] running install_scripts
[1.760s] Installing thermal_scan script to /home/vihaan/ros2_ws/src/install/thermal_explorer/lib/thermal_explorer
[1.760s] writing list of installed files to '/home/vihaan/ros2_ws/src/build/thermal_explorer/install.log'
[1.803s] Invoked command in '/home/vihaan/ros2_ws/src/thermal_explorer' returned '0': PYTHONPATH=/home/vihaan/ros2_ws/src/build/thermal_explorer/prefix_override:/usr/lib/python3/dist-packages/colcon_core/task/python/colcon_distutils_commands:/home/vihaan/ros2_ws/src/install/thermal_explorer/lib/python3.10/site-packages:${PYTHONPATH} /usr/bin/python3 -W ignore:setup.py install is deprecated -W ignore:easy_install command is deprecated setup.py egg_info --egg-base ../build/thermal_explorer build --build-base /home/vihaan/ros2_ws/src/build/thermal_explorer/build install --record /home/vihaan/ros2_ws/src/build/thermal_explorer/install.log --single-version-externally-managed install_data
