[2.895s] Invoking command in '/home/vihaan/ros2_ws/src/fire_flare': PYTHONPATH=/home/vihaan/ros2_ws/build/fire_flare/prefix_override:/usr/lib/python3/dist-packages/colcon_core/task/python/colcon_distutils_commands:/home/vihaan/ros2_ws/install/fire_flare/lib/python3.10/site-packages:${PYTHONPATH} /usr/bin/python3 -W ignore:setup.py install is deprecated -W ignore:easy_install command is deprecated setup.py egg_info --egg-base ../../build/fire_flare build --build-base /home/vihaan/ros2_ws/build/fire_flare/build install --record /home/vihaan/ros2_ws/build/fire_flare/install.log --single-version-externally-managed install_data
[3.235s] running egg_info
[3.237s] writing ../../build/fire_flare/fire_flare.egg-info/PKG-INFO
[3.238s] writing dependency_links to ../../build/fire_flare/fire_flare.egg-info/dependency_links.txt
[3.238s] writing entry points to ../../build/fire_flare/fire_flare.egg-info/entry_points.txt
[3.238s] writing requirements to ../../build/fire_flare/fire_flare.egg-info/requires.txt
[3.238s] writing top-level names to ../../build/fire_flare/fire_flare.egg-info/top_level.txt
[3.240s] reading manifest file '../../build/fire_flare/fire_flare.egg-info/SOURCES.txt'
[3.241s] writing manifest file '../../build/fire_flare/fire_flare.egg-info/SOURCES.txt'
[3.241s] running build
[3.241s] running build_py
[3.242s] running install
[3.242s] running install_lib
[3.244s] running install_data
[3.244s] running install_egg_info
[3.247s] removing '/home/vihaan/ros2_ws/install/fire_flare/lib/python3.10/site-packages/fire_flare-0.0.0-py3.10.egg-info' (and everything under it)
[3.247s] Copying ../../build/fire_flare/fire_flare.egg-info to /home/vihaan/ros2_ws/install/fire_flare/lib/python3.10/site-packages/fire_flare-0.0.0-py3.10.egg-info
[3.249s] running install_scripts
[3.286s] Installing motor script to /home/vihaan/ros2_ws/install/fire_flare/lib/fire_flare
[3.286s] writing list of installed files to '/home/vihaan/ros2_ws/build/fire_flare/install.log'
[3.370s] Invoked command in '/home/vihaan/ros2_ws/src/fire_flare' returned '0': PYTHONPATH=/home/vihaan/ros2_ws/build/fire_flare/prefix_override:/usr/lib/python3/dist-packages/colcon_core/task/python/colcon_distutils_commands:/home/vihaan/ros2_ws/install/fire_flare/lib/python3.10/site-packages:${PYTHONPATH} /usr/bin/python3 -W ignore:setup.py install is deprecated -W ignore:easy_install command is deprecated setup.py egg_info --egg-base ../../build/fire_flare build --build-base /home/vihaan/ros2_ws/build/fire_flare/build install --record /home/vihaan/ros2_ws/build/fire_flare/install.log --single-version-externally-managed install_data
