[0.129s] DEBUG:colcon:Command line arguments: ['/usr/bin/colcon', 'build']
[0.129s] DEBUG:colcon:Parsed command line arguments: Namespace(log_base=None, log_level=None, verb_name='build', build_base='build', install_base='install', merge_install=False, symlink_install=False, test_result_base=None, continue_on_error=False, executor='parallel', parallel_workers=16, event_handlers=None, ignore_user_meta=False, metas=['./colcon.meta'], base_paths=['.'], packages_ignore=None, packages_ignore_regex=None, paths=None, packages_up_to=None, packages_up_to_regex=None, packages_above=None, packages_above_and_dependencies=None, packages_above_depth=None, packages_select_by_dep=None, packages_skip_by_dep=None, packages_skip_up_to=None, packages_select_build_failed=False, packages_skip_build_finished=False, packages_select_test_failures=False, packages_skip_test_passed=False, packages_select=None, packages_skip=None, packages_select_regex=None, packages_skip_regex=None, packages_start=None, packages_end=None, allow_overriding=[], cmake_args=None, cmake_target=None, cmake_target_skip_unavailable=False, cmake_clean_cache=False, cmake_clean_first=False, cmake_force_configure=False, ament_cmake_args=None, catkin_cmake_args=None, catkin_skip_building_tests=False, verb_parser=<colcon_defaults.argument_parser.defaults.DefaultArgumentsDecorator object at 0x75fc48080a30>, verb_extension=<colcon_core.verb.build.BuildVerb object at 0x75fc48080370>, main=<bound method BuildVerb.main of <colcon_core.verb.build.BuildVerb object at 0x75fc48080370>>)
[0.321s] Level 1:colcon.colcon_core.package_discovery:discover_packages(colcon_meta) check parameters
[0.322s] Level 1:colcon.colcon_core.package_discovery:discover_packages(recursive) check parameters
[0.322s] Level 1:colcon.colcon_core.package_discovery:discover_packages(ignore) check parameters
[0.322s] Level 1:colcon.colcon_core.package_discovery:discover_packages(path) check parameters
[0.322s] Level 1:colcon.colcon_core.package_discovery:discover_packages(colcon_meta) discover
[0.322s] Level 1:colcon.colcon_core.package_discovery:discover_packages(recursive) discover
[0.322s] INFO:colcon.colcon_core.package_discovery:Crawling recursively for packages in '/home/vihaan/ros2_ws'
[0.322s] Level 1:colcon.colcon_core.package_identification:_identify(.) by extensions ['ignore', 'ignore_ament_install']
[0.322s] Level 1:colcon.colcon_core.package_identification:_identify(.) by extension 'ignore'
[0.322s] Level 1:colcon.colcon_core.package_identification:_identify(.) by extension 'ignore_ament_install'
[0.322s] Level 1:colcon.colcon_core.package_identification:_identify(.) by extensions ['colcon_pkg']
[0.322s] Level 1:colcon.colcon_core.package_identification:_identify(.) by extension 'colcon_pkg'
[0.322s] Level 1:colcon.colcon_core.package_identification:_identify(.) by extensions ['colcon_meta']
[0.322s] Level 1:colcon.colcon_core.package_identification:_identify(.) by extension 'colcon_meta'
[0.322s] Level 1:colcon.colcon_core.package_identification:_identify(.) by extensions ['ros']
[0.322s] Level 1:colcon.colcon_core.package_identification:_identify(.) by extension 'ros'
[0.334s] Level 1:colcon.colcon_core.package_identification:_identify(.) by extensions ['cmake', 'python']
[0.334s] Level 1:colcon.colcon_core.package_identification:_identify(.) by extension 'cmake'
[0.334s] Level 1:colcon.colcon_core.package_identification:_identify(.) by extension 'python'
[0.334s] Level 1:colcon.colcon_core.package_identification:_identify(.) by extensions ['python_setup_py']
[0.334s] Level 1:colcon.colcon_core.package_identification:_identify(.) by extension 'python_setup_py'
[0.334s] Level 1:colcon.colcon_core.package_identification:_identify(build) by extensions ['ignore', 'ignore_ament_install']
[0.334s] Level 1:colcon.colcon_core.package_identification:_identify(build) by extension 'ignore'
[0.334s] Level 1:colcon.colcon_core.package_identification:_identify(build) ignored
[0.334s] Level 1:colcon.colcon_core.package_identification:_identify(install) by extensions ['ignore', 'ignore_ament_install']
[0.335s] Level 1:colcon.colcon_core.package_identification:_identify(install) by extension 'ignore'
[0.335s] Level 1:colcon.colcon_core.package_identification:_identify(install) ignored
[0.335s] Level 1:colcon.colcon_core.package_identification:_identify(log) by extensions ['ignore', 'ignore_ament_install']
[0.335s] Level 1:colcon.colcon_core.package_identification:_identify(log) by extension 'ignore'
[0.335s] Level 1:colcon.colcon_core.package_identification:_identify(log) ignored
[0.335s] Level 1:colcon.colcon_core.package_identification:_identify(src) by extensions ['ignore', 'ignore_ament_install']
[0.335s] Level 1:colcon.colcon_core.package_identification:_identify(src) by extension 'ignore'
[0.335s] Level 1:colcon.colcon_core.package_identification:_identify(src) by extension 'ignore_ament_install'
[0.335s] Level 1:colcon.colcon_core.package_identification:_identify(src) by extensions ['colcon_pkg']
[0.335s] Level 1:colcon.colcon_core.package_identification:_identify(src) by extension 'colcon_pkg'
[0.335s] Level 1:colcon.colcon_core.package_identification:_identify(src) by extensions ['colcon_meta']
[0.335s] Level 1:colcon.colcon_core.package_identification:_identify(src) by extension 'colcon_meta'
[0.335s] Level 1:colcon.colcon_core.package_identification:_identify(src) by extensions ['ros']
[0.335s] Level 1:colcon.colcon_core.package_identification:_identify(src) by extension 'ros'
[0.335s] Level 1:colcon.colcon_core.package_identification:_identify(src) by extensions ['cmake', 'python']
[0.336s] Level 1:colcon.colcon_core.package_identification:_identify(src) by extension 'cmake'
[0.336s] Level 1:colcon.colcon_core.package_identification:_identify(src) by extension 'python'
[0.336s] Level 1:colcon.colcon_core.package_identification:_identify(src) by extensions ['python_setup_py']
[0.336s] Level 1:colcon.colcon_core.package_identification:_identify(src) by extension 'python_setup_py'
[0.336s] Level 1:colcon.colcon_core.package_identification:_identify(src/build) by extensions ['ignore', 'ignore_ament_install']
[0.336s] Level 1:colcon.colcon_core.package_identification:_identify(src/build) by extension 'ignore'
[0.336s] Level 1:colcon.colcon_core.package_identification:_identify(src/build) ignored
[0.336s] Level 1:colcon.colcon_core.package_identification:_identify(src/custom_explorer) by extensions ['ignore', 'ignore_ament_install']
[0.336s] Level 1:colcon.colcon_core.package_identification:_identify(src/custom_explorer) by extension 'ignore'
[0.336s] Level 1:colcon.colcon_core.package_identification:_identify(src/custom_explorer) by extension 'ignore_ament_install'
[0.336s] Level 1:colcon.colcon_core.package_identification:_identify(src/custom_explorer) by extensions ['colcon_pkg']
[0.336s] Level 1:colcon.colcon_core.package_identification:_identify(src/custom_explorer) by extension 'colcon_pkg'
[0.336s] Level 1:colcon.colcon_core.package_identification:_identify(src/custom_explorer) by extensions ['colcon_meta']
[0.336s] Level 1:colcon.colcon_core.package_identification:_identify(src/custom_explorer) by extension 'colcon_meta'
[0.336s] Level 1:colcon.colcon_core.package_identification:_identify(src/custom_explorer) by extensions ['ros']
[0.336s] Level 1:colcon.colcon_core.package_identification:_identify(src/custom_explorer) by extension 'ros'
[0.339s] DEBUG:colcon.colcon_core.package_identification:Package 'src/custom_explorer' with type 'ros.ament_python' and name 'custom_explorer'
[0.339s] Level 1:colcon.colcon_core.package_identification:_identify(src/fire_flare) by extensions ['ignore', 'ignore_ament_install']
[0.339s] Level 1:colcon.colcon_core.package_identification:_identify(src/fire_flare) by extension 'ignore'
[0.340s] Level 1:colcon.colcon_core.package_identification:_identify(src/fire_flare) by extension 'ignore_ament_install'
[0.340s] Level 1:colcon.colcon_core.package_identification:_identify(src/fire_flare) by extensions ['colcon_pkg']
[0.340s] Level 1:colcon.colcon_core.package_identification:_identify(src/fire_flare) by extension 'colcon_pkg'
[0.340s] Level 1:colcon.colcon_core.package_identification:_identify(src/fire_flare) by extensions ['colcon_meta']
[0.340s] Level 1:colcon.colcon_core.package_identification:_identify(src/fire_flare) by extension 'colcon_meta'
[0.340s] Level 1:colcon.colcon_core.package_identification:_identify(src/fire_flare) by extensions ['ros']
[0.340s] Level 1:colcon.colcon_core.package_identification:_identify(src/fire_flare) by extension 'ros'
[0.340s] DEBUG:colcon.colcon_core.package_identification:Package 'src/fire_flare' with type 'ros.ament_python' and name 'fire_flare'
[0.340s] Level 1:colcon.colcon_core.package_identification:_identify(src/install) by extensions ['ignore', 'ignore_ament_install']
[0.340s] Level 1:colcon.colcon_core.package_identification:_identify(src/install) by extension 'ignore'
[0.341s] Level 1:colcon.colcon_core.package_identification:_identify(src/install) ignored
[0.341s] Level 1:colcon.colcon_core.package_identification:_identify(src/log) by extensions ['ignore', 'ignore_ament_install']
[0.341s] Level 1:colcon.colcon_core.package_identification:_identify(src/log) by extension 'ignore'
[0.341s] Level 1:colcon.colcon_core.package_identification:_identify(src/log) ignored
[0.341s] Level 1:colcon.colcon_core.package_identification:_identify(src/robot_config) by extensions ['ignore', 'ignore_ament_install']
[0.341s] Level 1:colcon.colcon_core.package_identification:_identify(src/robot_config) by extension 'ignore'
[0.341s] Level 1:colcon.colcon_core.package_identification:_identify(src/robot_config) by extension 'ignore_ament_install'
[0.341s] Level 1:colcon.colcon_core.package_identification:_identify(src/robot_config) by extensions ['colcon_pkg']
[0.341s] Level 1:colcon.colcon_core.package_identification:_identify(src/robot_config) by extension 'colcon_pkg'
[0.341s] Level 1:colcon.colcon_core.package_identification:_identify(src/robot_config) by extensions ['colcon_meta']
[0.341s] Level 1:colcon.colcon_core.package_identification:_identify(src/robot_config) by extension 'colcon_meta'
[0.341s] Level 1:colcon.colcon_core.package_identification:_identify(src/robot_config) by extensions ['ros']
[0.341s] Level 1:colcon.colcon_core.package_identification:_identify(src/robot_config) by extension 'ros'
[0.342s] DEBUG:colcon.colcon_core.package_identification:Package 'src/robot_config' with type 'ros.ament_python' and name 'robot_config'
[0.342s] Level 1:colcon.colcon_core.package_identification:_identify(src/thermal_explorer) by extensions ['ignore', 'ignore_ament_install']
[0.342s] Level 1:colcon.colcon_core.package_identification:_identify(src/thermal_explorer) by extension 'ignore'
[0.342s] Level 1:colcon.colcon_core.package_identification:_identify(src/thermal_explorer) by extension 'ignore_ament_install'
[0.342s] Level 1:colcon.colcon_core.package_identification:_identify(src/thermal_explorer) by extensions ['colcon_pkg']
[0.342s] Level 1:colcon.colcon_core.package_identification:_identify(src/thermal_explorer) by extension 'colcon_pkg'
[0.342s] Level 1:colcon.colcon_core.package_identification:_identify(src/thermal_explorer) by extensions ['colcon_meta']
[0.342s] Level 1:colcon.colcon_core.package_identification:_identify(src/thermal_explorer) by extension 'colcon_meta'
[0.342s] Level 1:colcon.colcon_core.package_identification:_identify(src/thermal_explorer) by extensions ['ros']
[0.342s] Level 1:colcon.colcon_core.package_identification:_identify(src/thermal_explorer) by extension 'ros'
[0.343s] DEBUG:colcon.colcon_core.package_identification:Package 'src/thermal_explorer' with type 'ros.ament_python' and name 'thermal_explorer'
[0.343s] Level 1:colcon.colcon_core.package_discovery:discover_packages(recursive) using defaults
[0.343s] Level 1:colcon.colcon_core.package_discovery:discover_packages(ignore) discover
[0.343s] Level 1:colcon.colcon_core.package_discovery:discover_packages(ignore) using defaults
[0.343s] Level 1:colcon.colcon_core.package_discovery:discover_packages(path) discover
[0.343s] Level 1:colcon.colcon_core.package_discovery:discover_packages(path) using defaults
[0.382s] Level 1:colcon.colcon_core.package_discovery:discover_packages(prefix_path) check parameters
[0.382s] Level 1:colcon.colcon_core.package_discovery:discover_packages(prefix_path) discover
[0.387s] DEBUG:colcon.colcon_installed_package_information.package_discovery:Found 5 installed packages in /home/vihaan/ros2_ws/install
[0.388s] DEBUG:colcon.colcon_installed_package_information.package_discovery:Found 29 installed packages in /home/vihaan/install
[0.389s] DEBUG:colcon.colcon_installed_package_information.package_discovery:Found 3 installed packages in /home/vihaan/colcon_ws/install
[0.390s] DEBUG:colcon.colcon_installed_package_information.package_discovery:Found 5 installed packages in /home/vihaan/colcon_ws/src/install
[0.390s] DEBUG:colcon.colcon_installed_package_information.package_discovery:Found 0 installed packages in /home/vihaan/colcon_ws/src/auto_nav/auto_nav/install
[0.391s] DEBUG:colcon.colcon_installed_package_information.package_discovery:Found 13 installed packages in /home/vihaan/ws/install
[0.393s] DEBUG:colcon.colcon_installed_package_information.package_discovery:Found 12 installed packages in /home/vihaan/turtlebot3_ws/install
[0.395s] DEBUG:colcon.colcon_installed_package_information.package_discovery:Found 334 installed packages in /opt/ros/humble
[0.397s] Level 1:colcon.colcon_core.package_discovery:discover_packages(prefix_path) using defaults
[0.446s] Level 5:colcon.colcon_core.verb:set package 'custom_explorer' build argument 'cmake_args' from command line to 'None'
[0.446s] Level 5:colcon.colcon_core.verb:set package 'custom_explorer' build argument 'cmake_target' from command line to 'None'
[0.446s] Level 5:colcon.colcon_core.verb:set package 'custom_explorer' build argument 'cmake_target_skip_unavailable' from command line to 'False'
[0.446s] Level 5:colcon.colcon_core.verb:set package 'custom_explorer' build argument 'cmake_clean_cache' from command line to 'False'
[0.446s] Level 5:colcon.colcon_core.verb:set package 'custom_explorer' build argument 'cmake_clean_first' from command line to 'False'
[0.446s] Level 5:colcon.colcon_core.verb:set package 'custom_explorer' build argument 'cmake_force_configure' from command line to 'False'
[0.446s] Level 5:colcon.colcon_core.verb:set package 'custom_explorer' build argument 'ament_cmake_args' from command line to 'None'
[0.446s] Level 5:colcon.colcon_core.verb:set package 'custom_explorer' build argument 'catkin_cmake_args' from command line to 'None'
[0.446s] Level 5:colcon.colcon_core.verb:set package 'custom_explorer' build argument 'catkin_skip_building_tests' from command line to 'False'
[0.446s] DEBUG:colcon.colcon_core.verb:Building package 'custom_explorer' with the following arguments: {'ament_cmake_args': None, 'build_base': '/home/vihaan/ros2_ws/build/custom_explorer', 'catkin_cmake_args': None, 'catkin_skip_building_tests': False, 'cmake_args': None, 'cmake_clean_cache': False, 'cmake_clean_first': False, 'cmake_force_configure': False, 'cmake_target': None, 'cmake_target_skip_unavailable': False, 'install_base': '/home/vihaan/ros2_ws/install/custom_explorer', 'merge_install': False, 'path': '/home/vihaan/ros2_ws/src/custom_explorer', 'symlink_install': False, 'test_result_base': None}
[0.447s] Level 5:colcon.colcon_core.verb:set package 'fire_flare' build argument 'cmake_args' from command line to 'None'
[0.447s] Level 5:colcon.colcon_core.verb:set package 'fire_flare' build argument 'cmake_target' from command line to 'None'
[0.447s] Level 5:colcon.colcon_core.verb:set package 'fire_flare' build argument 'cmake_target_skip_unavailable' from command line to 'False'
[0.447s] Level 5:colcon.colcon_core.verb:set package 'fire_flare' build argument 'cmake_clean_cache' from command line to 'False'
[0.447s] Level 5:colcon.colcon_core.verb:set package 'fire_flare' build argument 'cmake_clean_first' from command line to 'False'
[0.447s] Level 5:colcon.colcon_core.verb:set package 'fire_flare' build argument 'cmake_force_configure' from command line to 'False'
[0.447s] Level 5:colcon.colcon_core.verb:set package 'fire_flare' build argument 'ament_cmake_args' from command line to 'None'
[0.447s] Level 5:colcon.colcon_core.verb:set package 'fire_flare' build argument 'catkin_cmake_args' from command line to 'None'
[0.447s] Level 5:colcon.colcon_core.verb:set package 'fire_flare' build argument 'catkin_skip_building_tests' from command line to 'False'
[0.447s] DEBUG:colcon.colcon_core.verb:Building package 'fire_flare' with the following arguments: {'ament_cmake_args': None, 'build_base': '/home/vihaan/ros2_ws/build/fire_flare', 'catkin_cmake_args': None, 'catkin_skip_building_tests': False, 'cmake_args': None, 'cmake_clean_cache': False, 'cmake_clean_first': False, 'cmake_force_configure': False, 'cmake_target': None, 'cmake_target_skip_unavailable': False, 'install_base': '/home/vihaan/ros2_ws/install/fire_flare', 'merge_install': False, 'path': '/home/vihaan/ros2_ws/src/fire_flare', 'symlink_install': False, 'test_result_base': None}
[0.447s] Level 5:colcon.colcon_core.verb:set package 'robot_config' build argument 'cmake_args' from command line to 'None'
[0.447s] Level 5:colcon.colcon_core.verb:set package 'robot_config' build argument 'cmake_target' from command line to 'None'
[0.447s] Level 5:colcon.colcon_core.verb:set package 'robot_config' build argument 'cmake_target_skip_unavailable' from command line to 'False'
[0.447s] Level 5:colcon.colcon_core.verb:set package 'robot_config' build argument 'cmake_clean_cache' from command line to 'False'
[0.447s] Level 5:colcon.colcon_core.verb:set package 'robot_config' build argument 'cmake_clean_first' from command line to 'False'
[0.447s] Level 5:colcon.colcon_core.verb:set package 'robot_config' build argument 'cmake_force_configure' from command line to 'False'
[0.448s] Level 5:colcon.colcon_core.verb:set package 'robot_config' build argument 'ament_cmake_args' from command line to 'None'
[0.448s] Level 5:colcon.colcon_core.verb:set package 'robot_config' build argument 'catkin_cmake_args' from command line to 'None'
[0.448s] Level 5:colcon.colcon_core.verb:set package 'robot_config' build argument 'catkin_skip_building_tests' from command line to 'False'
[0.448s] DEBUG:colcon.colcon_core.verb:Building package 'robot_config' with the following arguments: {'ament_cmake_args': None, 'build_base': '/home/vihaan/ros2_ws/build/robot_config', 'catkin_cmake_args': None, 'catkin_skip_building_tests': False, 'cmake_args': None, 'cmake_clean_cache': False, 'cmake_clean_first': False, 'cmake_force_configure': False, 'cmake_target': None, 'cmake_target_skip_unavailable': False, 'install_base': '/home/vihaan/ros2_ws/install/robot_config', 'merge_install': False, 'path': '/home/vihaan/ros2_ws/src/robot_config', 'symlink_install': False, 'test_result_base': None}
[0.448s] Level 5:colcon.colcon_core.verb:set package 'thermal_explorer' build argument 'cmake_args' from command line to 'None'
[0.448s] Level 5:colcon.colcon_core.verb:set package 'thermal_explorer' build argument 'cmake_target' from command line to 'None'
[0.448s] Level 5:colcon.colcon_core.verb:set package 'thermal_explorer' build argument 'cmake_target_skip_unavailable' from command line to 'False'
[0.448s] Level 5:colcon.colcon_core.verb:set package 'thermal_explorer' build argument 'cmake_clean_cache' from command line to 'False'
[0.448s] Level 5:colcon.colcon_core.verb:set package 'thermal_explorer' build argument 'cmake_clean_first' from command line to 'False'
[0.448s] Level 5:colcon.colcon_core.verb:set package 'thermal_explorer' build argument 'cmake_force_configure' from command line to 'False'
[0.448s] Level 5:colcon.colcon_core.verb:set package 'thermal_explorer' build argument 'ament_cmake_args' from command line to 'None'
[0.448s] Level 5:colcon.colcon_core.verb:set package 'thermal_explorer' build argument 'catkin_cmake_args' from command line to 'None'
[0.448s] Level 5:colcon.colcon_core.verb:set package 'thermal_explorer' build argument 'catkin_skip_building_tests' from command line to 'False'
[0.448s] DEBUG:colcon.colcon_core.verb:Building package 'thermal_explorer' with the following arguments: {'ament_cmake_args': None, 'build_base': '/home/vihaan/ros2_ws/build/thermal_explorer', 'catkin_cmake_args': None, 'catkin_skip_building_tests': False, 'cmake_args': None, 'cmake_clean_cache': False, 'cmake_clean_first': False, 'cmake_force_configure': False, 'cmake_target': None, 'cmake_target_skip_unavailable': False, 'install_base': '/home/vihaan/ros2_ws/install/thermal_explorer', 'merge_install': False, 'path': '/home/vihaan/ros2_ws/src/thermal_explorer', 'symlink_install': False, 'test_result_base': None}
[0.448s] INFO:colcon.colcon_core.executor:Executing jobs using 'parallel' executor
[0.450s] DEBUG:colcon.colcon_parallel_executor.executor.parallel:run_until_complete
[0.450s] INFO:colcon.colcon_ros.task.ament_python.build:Building ROS package in '/home/vihaan/ros2_ws/src/custom_explorer' with build type 'ament_python'
[0.450s] Level 1:colcon.colcon_core.shell:create_environment_hook('custom_explorer', 'ament_prefix_path')
[0.453s] INFO:colcon.colcon_core.plugin_system:Skipping extension 'colcon_core.shell.bat': Not used on non-Windows systems
[0.453s] INFO:colcon.colcon_core.shell:Creating environment hook '/home/vihaan/ros2_ws/install/custom_explorer/share/custom_explorer/hook/ament_prefix_path.ps1'
[0.454s] INFO:colcon.colcon_core.shell:Creating environment descriptor '/home/vihaan/ros2_ws/install/custom_explorer/share/custom_explorer/hook/ament_prefix_path.dsv'
[0.454s] INFO:colcon.colcon_core.shell:Creating environment hook '/home/vihaan/ros2_ws/install/custom_explorer/share/custom_explorer/hook/ament_prefix_path.sh'
[0.455s] INFO:colcon.colcon_core.shell:Skip shell extension 'powershell' for command environment: Not usable outside of PowerShell
[0.455s] DEBUG:colcon.colcon_core.shell:Skip shell extension 'dsv' for command environment
[0.466s] INFO:colcon.colcon_ros.task.ament_python.build:Building ROS package in '/home/vihaan/ros2_ws/src/fire_flare' with build type 'ament_python'
[0.466s] Level 1:colcon.colcon_core.shell:create_environment_hook('fire_flare', 'ament_prefix_path')
[0.467s] INFO:colcon.colcon_core.shell:Creating environment hook '/home/vihaan/ros2_ws/install/fire_flare/share/fire_flare/hook/ament_prefix_path.ps1'
[0.467s] INFO:colcon.colcon_core.shell:Creating environment descriptor '/home/vihaan/ros2_ws/install/fire_flare/share/fire_flare/hook/ament_prefix_path.dsv'
[0.468s] INFO:colcon.colcon_core.shell:Creating environment hook '/home/vihaan/ros2_ws/install/fire_flare/share/fire_flare/hook/ament_prefix_path.sh'
[0.468s] INFO:colcon.colcon_core.shell:Skip shell extension 'powershell' for command environment: Not usable outside of PowerShell
[0.468s] DEBUG:colcon.colcon_core.shell:Skip shell extension 'dsv' for command environment
[0.478s] INFO:colcon.colcon_ros.task.ament_python.build:Building ROS package in '/home/vihaan/ros2_ws/src/robot_config' with build type 'ament_python'
[0.478s] Level 1:colcon.colcon_core.shell:create_environment_hook('robot_config', 'ament_prefix_path')
[0.479s] INFO:colcon.colcon_core.shell:Creating environment hook '/home/vihaan/ros2_ws/install/robot_config/share/robot_config/hook/ament_prefix_path.ps1'
[0.479s] INFO:colcon.colcon_core.shell:Creating environment descriptor '/home/vihaan/ros2_ws/install/robot_config/share/robot_config/hook/ament_prefix_path.dsv'
[0.480s] INFO:colcon.colcon_core.shell:Creating environment hook '/home/vihaan/ros2_ws/install/robot_config/share/robot_config/hook/ament_prefix_path.sh'
[0.480s] INFO:colcon.colcon_core.shell:Skip shell extension 'powershell' for command environment: Not usable outside of PowerShell
[0.480s] DEBUG:colcon.colcon_core.shell:Skip shell extension 'dsv' for command environment
[0.491s] INFO:colcon.colcon_ros.task.ament_python.build:Building ROS package in '/home/vihaan/ros2_ws/src/thermal_explorer' with build type 'ament_python'
[0.491s] Level 1:colcon.colcon_core.shell:create_environment_hook('thermal_explorer', 'ament_prefix_path')
[0.492s] INFO:colcon.colcon_core.shell:Creating environment hook '/home/vihaan/ros2_ws/install/thermal_explorer/share/thermal_explorer/hook/ament_prefix_path.ps1'
[0.492s] INFO:colcon.colcon_core.shell:Creating environment descriptor '/home/vihaan/ros2_ws/install/thermal_explorer/share/thermal_explorer/hook/ament_prefix_path.dsv'
[0.493s] INFO:colcon.colcon_core.shell:Creating environment hook '/home/vihaan/ros2_ws/install/thermal_explorer/share/thermal_explorer/hook/ament_prefix_path.sh'
[0.493s] INFO:colcon.colcon_core.shell:Skip shell extension 'powershell' for command environment: Not usable outside of PowerShell
[0.493s] DEBUG:colcon.colcon_core.shell:Skip shell extension 'dsv' for command environment
[0.828s] INFO:colcon.colcon_core.task.python.build:Building Python package in '/home/vihaan/ros2_ws/src/custom_explorer'
[0.829s] INFO:colcon.colcon_core.shell:Skip shell extension 'powershell' for command environment: Not usable outside of PowerShell
[0.829s] DEBUG:colcon.colcon_core.shell:Skip shell extension 'dsv' for command environment
[1.160s] INFO:colcon.colcon_core.task.python.build:Building Python package in '/home/vihaan/ros2_ws/src/fire_flare'
[1.160s] INFO:colcon.colcon_core.shell:Skip shell extension 'powershell' for command environment: Not usable outside of PowerShell
[1.160s] DEBUG:colcon.colcon_core.shell:Skip shell extension 'dsv' for command environment
[1.487s] INFO:colcon.colcon_core.task.python.build:Building Python package in '/home/vihaan/ros2_ws/src/robot_config'
[1.488s] INFO:colcon.colcon_core.shell:Skip shell extension 'powershell' for command environment: Not usable outside of PowerShell
[1.488s] DEBUG:colcon.colcon_core.shell:Skip shell extension 'dsv' for command environment
[1.824s] INFO:colcon.colcon_core.task.python.build:Building Python package in '/home/vihaan/ros2_ws/src/thermal_explorer'
[1.824s] INFO:colcon.colcon_core.shell:Skip shell extension 'powershell' for command environment: Not usable outside of PowerShell
[1.824s] DEBUG:colcon.colcon_core.shell:Skip shell extension 'dsv' for command environment
[2.307s] DEBUG:colcon.colcon_core.event_handler.log_command:Invoking command in '/home/vihaan/ros2_ws/src/robot_config': PYTHONPATH=/home/vihaan/ros2_ws/build/robot_config/prefix_override:/usr/lib/python3/dist-packages/colcon_core/task/python/colcon_distutils_commands:/home/vihaan/ros2_ws/install/robot_config/lib/python3.10/site-packages:${PYTHONPATH} /usr/bin/python3 -W ignore:setup.py install is deprecated -W ignore:easy_install command is deprecated setup.py egg_info --egg-base ../../build/robot_config build --build-base /home/vihaan/ros2_ws/build/robot_config/build install --record /home/vihaan/ros2_ws/build/robot_config/install.log --single-version-externally-managed install_data
[2.315s] DEBUG:colcon.colcon_core.event_handler.log_command:Invoking command in '/home/vihaan/ros2_ws/src/custom_explorer': PYTHONPATH=/home/vihaan/ros2_ws/build/custom_explorer/prefix_override:/usr/lib/python3/dist-packages/colcon_core/task/python/colcon_distutils_commands:/home/vihaan/ros2_ws/install/custom_explorer/lib/python3.10/site-packages:${PYTHONPATH} /usr/bin/python3 -W ignore:setup.py install is deprecated -W ignore:easy_install command is deprecated setup.py egg_info --egg-base ../../build/custom_explorer build --build-base /home/vihaan/ros2_ws/build/custom_explorer/build install --record /home/vihaan/ros2_ws/build/custom_explorer/install.log --single-version-externally-managed install_data
[2.319s] DEBUG:colcon.colcon_core.event_handler.log_command:Invoking command in '/home/vihaan/ros2_ws/src/fire_flare': PYTHONPATH=/home/vihaan/ros2_ws/build/fire_flare/prefix_override:/usr/lib/python3/dist-packages/colcon_core/task/python/colcon_distutils_commands:/home/vihaan/ros2_ws/install/fire_flare/lib/python3.10/site-packages:${PYTHONPATH} /usr/bin/python3 -W ignore:setup.py install is deprecated -W ignore:easy_install command is deprecated setup.py egg_info --egg-base ../../build/fire_flare build --build-base /home/vihaan/ros2_ws/build/fire_flare/build install --record /home/vihaan/ros2_ws/build/fire_flare/install.log --single-version-externally-managed install_data
[2.321s] DEBUG:colcon.colcon_core.event_handler.log_command:Invoking command in '/home/vihaan/ros2_ws/src/thermal_explorer': PYTHONPATH=/home/vihaan/ros2_ws/build/thermal_explorer/prefix_override:/usr/lib/python3/dist-packages/colcon_core/task/python/colcon_distutils_commands:/home/vihaan/ros2_ws/install/thermal_explorer/lib/python3.10/site-packages:${PYTHONPATH} /usr/bin/python3 -W ignore:setup.py install is deprecated -W ignore:easy_install command is deprecated setup.py egg_info --egg-base ../../build/thermal_explorer build --build-base /home/vihaan/ros2_ws/build/thermal_explorer/build install --record /home/vihaan/ros2_ws/build/thermal_explorer/install.log --single-version-externally-managed install_data
[2.690s] DEBUG:colcon.colcon_core.event_handler.log_command:Invoked command in '/home/vihaan/ros2_ws/src/thermal_explorer' returned '0': PYTHONPATH=/home/vihaan/ros2_ws/build/thermal_explorer/prefix_override:/usr/lib/python3/dist-packages/colcon_core/task/python/colcon_distutils_commands:/home/vihaan/ros2_ws/install/thermal_explorer/lib/python3.10/site-packages:${PYTHONPATH} /usr/bin/python3 -W ignore:setup.py install is deprecated -W ignore:easy_install command is deprecated setup.py egg_info --egg-base ../../build/thermal_explorer build --build-base /home/vihaan/ros2_ws/build/thermal_explorer/build install --record /home/vihaan/ros2_ws/build/thermal_explorer/install.log --single-version-externally-managed install_data
[2.693s] Level 1:colcon.colcon_core.environment:checking '/home/vihaan/ros2_ws/install/thermal_explorer' for CMake module files
[2.694s] Level 1:colcon.colcon_core.environment:checking '/home/vihaan/ros2_ws/install/thermal_explorer' for CMake config files
[2.695s] Level 1:colcon.colcon_core.environment:checking '/home/vihaan/ros2_ws/install/thermal_explorer/lib'
[2.695s] Level 1:colcon.colcon_core.environment:checking '/home/vihaan/ros2_ws/install/thermal_explorer/bin'
[2.695s] Level 1:colcon.colcon_core.environment:checking '/home/vihaan/ros2_ws/install/thermal_explorer/lib/pkgconfig/thermal_explorer.pc'
[2.695s] Level 1:colcon.colcon_core.environment:checking '/home/vihaan/ros2_ws/install/thermal_explorer/lib/python3.10/site-packages'
[2.695s] Level 1:colcon.colcon_core.shell:create_environment_hook('thermal_explorer', 'pythonpath')
[2.696s] INFO:colcon.colcon_core.shell:Creating environment hook '/home/vihaan/ros2_ws/install/thermal_explorer/share/thermal_explorer/hook/pythonpath.ps1'
[2.696s] INFO:colcon.colcon_core.shell:Creating environment descriptor '/home/vihaan/ros2_ws/install/thermal_explorer/share/thermal_explorer/hook/pythonpath.dsv'
[2.697s] INFO:colcon.colcon_core.shell:Creating environment hook '/home/vihaan/ros2_ws/install/thermal_explorer/share/thermal_explorer/hook/pythonpath.sh'
[2.697s] Level 1:colcon.colcon_core.environment:checking '/home/vihaan/ros2_ws/install/thermal_explorer/bin'
[2.697s] Level 1:colcon.colcon_core.environment:create_environment_scripts_only(thermal_explorer)
[2.698s] INFO:colcon.colcon_core.shell:Creating package script '/home/vihaan/ros2_ws/install/thermal_explorer/share/thermal_explorer/package.ps1'
[2.699s] INFO:colcon.colcon_core.shell:Creating package descriptor '/home/vihaan/ros2_ws/install/thermal_explorer/share/thermal_explorer/package.dsv'
[2.700s] INFO:colcon.colcon_core.shell:Creating package script '/home/vihaan/ros2_ws/install/thermal_explorer/share/thermal_explorer/package.sh'
[2.700s] INFO:colcon.colcon_core.shell:Creating package script '/home/vihaan/ros2_ws/install/thermal_explorer/share/thermal_explorer/package.bash'
[2.701s] INFO:colcon.colcon_core.shell:Creating package script '/home/vihaan/ros2_ws/install/thermal_explorer/share/thermal_explorer/package.zsh'
[2.702s] Level 1:colcon.colcon_core.environment:create_file_with_runtime_dependencies(/home/vihaan/ros2_ws/install/thermal_explorer/share/colcon-core/packages/thermal_explorer)
[2.704s] Level 1:colcon.colcon_core.environment:checking '/home/vihaan/ros2_ws/install/robot_config' for CMake module files
[2.705s] Level 1:colcon.colcon_core.environment:checking '/home/vihaan/ros2_ws/install/robot_config' for CMake config files
[2.705s] DEBUG:colcon.colcon_core.event_handler.log_command:Invoked command in '/home/vihaan/ros2_ws/src/robot_config' returned '0': PYTHONPATH=/home/vihaan/ros2_ws/build/robot_config/prefix_override:/usr/lib/python3/dist-packages/colcon_core/task/python/colcon_distutils_commands:/home/vihaan/ros2_ws/install/robot_config/lib/python3.10/site-packages:${PYTHONPATH} /usr/bin/python3 -W ignore:setup.py install is deprecated -W ignore:easy_install command is deprecated setup.py egg_info --egg-base ../../build/robot_config build --build-base /home/vihaan/ros2_ws/build/robot_config/build install --record /home/vihaan/ros2_ws/build/robot_config/install.log --single-version-externally-managed install_data
[2.706s] Level 1:colcon.colcon_core.environment:checking '/home/vihaan/ros2_ws/install/robot_config/lib'
[2.706s] Level 1:colcon.colcon_core.environment:checking '/home/vihaan/ros2_ws/install/robot_config/bin'
[2.706s] Level 1:colcon.colcon_core.environment:checking '/home/vihaan/ros2_ws/install/robot_config/lib/pkgconfig/robot_config.pc'
[2.706s] Level 1:colcon.colcon_core.environment:checking '/home/vihaan/ros2_ws/install/robot_config/lib/python3.10/site-packages'
[2.706s] Level 1:colcon.colcon_core.shell:create_environment_hook('robot_config', 'pythonpath')
[2.706s] INFO:colcon.colcon_core.shell:Creating environment hook '/home/vihaan/ros2_ws/install/robot_config/share/robot_config/hook/pythonpath.ps1'
[2.707s] INFO:colcon.colcon_core.shell:Creating environment descriptor '/home/vihaan/ros2_ws/install/robot_config/share/robot_config/hook/pythonpath.dsv'
[2.707s] INFO:colcon.colcon_core.shell:Creating environment hook '/home/vihaan/ros2_ws/install/robot_config/share/robot_config/hook/pythonpath.sh'
[2.708s] Level 1:colcon.colcon_core.environment:checking '/home/vihaan/ros2_ws/install/robot_config/bin'
[2.708s] Level 1:colcon.colcon_core.environment:create_environment_scripts_only(robot_config)
[2.708s] INFO:colcon.colcon_core.shell:Creating package script '/home/vihaan/ros2_ws/install/robot_config/share/robot_config/package.ps1'
[2.708s] INFO:colcon.colcon_core.shell:Creating package descriptor '/home/vihaan/ros2_ws/install/robot_config/share/robot_config/package.dsv'
[2.709s] INFO:colcon.colcon_core.shell:Creating package script '/home/vihaan/ros2_ws/install/robot_config/share/robot_config/package.sh'
[2.709s] INFO:colcon.colcon_core.shell:Creating package script '/home/vihaan/ros2_ws/install/robot_config/share/robot_config/package.bash'
[2.710s] INFO:colcon.colcon_core.shell:Creating package script '/home/vihaan/ros2_ws/install/robot_config/share/robot_config/package.zsh'
[2.710s] Level 1:colcon.colcon_core.environment:create_file_with_runtime_dependencies(/home/vihaan/ros2_ws/install/robot_config/share/colcon-core/packages/robot_config)
[2.711s] Level 1:colcon.colcon_core.environment:checking '/home/vihaan/ros2_ws/install/custom_explorer' for CMake module files
[2.712s] Level 1:colcon.colcon_core.environment:checking '/home/vihaan/ros2_ws/install/custom_explorer' for CMake config files
[2.712s] DEBUG:colcon.colcon_core.event_handler.log_command:Invoked command in '/home/vihaan/ros2_ws/src/custom_explorer' returned '0': PYTHONPATH=/home/vihaan/ros2_ws/build/custom_explorer/prefix_override:/usr/lib/python3/dist-packages/colcon_core/task/python/colcon_distutils_commands:/home/vihaan/ros2_ws/install/custom_explorer/lib/python3.10/site-packages:${PYTHONPATH} /usr/bin/python3 -W ignore:setup.py install is deprecated -W ignore:easy_install command is deprecated setup.py egg_info --egg-base ../../build/custom_explorer build --build-base /home/vihaan/ros2_ws/build/custom_explorer/build install --record /home/vihaan/ros2_ws/build/custom_explorer/install.log --single-version-externally-managed install_data
[2.712s] Level 1:colcon.colcon_core.environment:checking '/home/vihaan/ros2_ws/install/custom_explorer/lib'
[2.713s] Level 1:colcon.colcon_core.environment:checking '/home/vihaan/ros2_ws/install/custom_explorer/bin'
[2.713s] Level 1:colcon.colcon_core.environment:checking '/home/vihaan/ros2_ws/install/custom_explorer/lib/pkgconfig/custom_explorer.pc'
[2.713s] Level 1:colcon.colcon_core.environment:checking '/home/vihaan/ros2_ws/install/custom_explorer/lib/python3.10/site-packages'
[2.713s] Level 1:colcon.colcon_core.shell:create_environment_hook('custom_explorer', 'pythonpath')
[2.713s] INFO:colcon.colcon_core.shell:Creating environment hook '/home/vihaan/ros2_ws/install/custom_explorer/share/custom_explorer/hook/pythonpath.ps1'
[2.713s] INFO:colcon.colcon_core.shell:Creating environment descriptor '/home/vihaan/ros2_ws/install/custom_explorer/share/custom_explorer/hook/pythonpath.dsv'
[2.714s] INFO:colcon.colcon_core.shell:Creating environment hook '/home/vihaan/ros2_ws/install/custom_explorer/share/custom_explorer/hook/pythonpath.sh'
[2.714s] Level 1:colcon.colcon_core.environment:checking '/home/vihaan/ros2_ws/install/custom_explorer/bin'
[2.715s] Level 1:colcon.colcon_core.environment:create_environment_scripts_only(custom_explorer)
[2.715s] INFO:colcon.colcon_core.shell:Creating package script '/home/vihaan/ros2_ws/install/custom_explorer/share/custom_explorer/package.ps1'
[2.715s] INFO:colcon.colcon_core.shell:Creating package descriptor '/home/vihaan/ros2_ws/install/custom_explorer/share/custom_explorer/package.dsv'
[2.716s] INFO:colcon.colcon_core.shell:Creating package script '/home/vihaan/ros2_ws/install/custom_explorer/share/custom_explorer/package.sh'
[2.716s] INFO:colcon.colcon_core.shell:Creating package script '/home/vihaan/ros2_ws/install/custom_explorer/share/custom_explorer/package.bash'
[2.717s] INFO:colcon.colcon_core.shell:Creating package script '/home/vihaan/ros2_ws/install/custom_explorer/share/custom_explorer/package.zsh'
[2.717s] Level 1:colcon.colcon_core.environment:create_file_with_runtime_dependencies(/home/vihaan/ros2_ws/install/custom_explorer/share/colcon-core/packages/custom_explorer)
[2.717s] Level 1:colcon.colcon_core.environment:checking '/home/vihaan/ros2_ws/install/fire_flare' for CMake module files
[2.718s] Level 1:colcon.colcon_core.environment:checking '/home/vihaan/ros2_ws/install/fire_flare' for CMake config files
[2.719s] DEBUG:colcon.colcon_core.event_handler.log_command:Invoked command in '/home/vihaan/ros2_ws/src/fire_flare' returned '0': PYTHONPATH=/home/vihaan/ros2_ws/build/fire_flare/prefix_override:/usr/lib/python3/dist-packages/colcon_core/task/python/colcon_distutils_commands:/home/vihaan/ros2_ws/install/fire_flare/lib/python3.10/site-packages:${PYTHONPATH} /usr/bin/python3 -W ignore:setup.py install is deprecated -W ignore:easy_install command is deprecated setup.py egg_info --egg-base ../../build/fire_flare build --build-base /home/vihaan/ros2_ws/build/fire_flare/build install --record /home/vihaan/ros2_ws/build/fire_flare/install.log --single-version-externally-managed install_data
[2.719s] Level 1:colcon.colcon_core.environment:checking '/home/vihaan/ros2_ws/install/fire_flare/lib'
[2.719s] Level 1:colcon.colcon_core.environment:checking '/home/vihaan/ros2_ws/install/fire_flare/bin'
[2.719s] Level 1:colcon.colcon_core.environment:checking '/home/vihaan/ros2_ws/install/fire_flare/lib/pkgconfig/fire_flare.pc'
[2.720s] Level 1:colcon.colcon_core.environment:checking '/home/vihaan/ros2_ws/install/fire_flare/lib/python3.10/site-packages'
[2.720s] Level 1:colcon.colcon_core.shell:create_environment_hook('fire_flare', 'pythonpath')
[2.720s] INFO:colcon.colcon_core.shell:Creating environment hook '/home/vihaan/ros2_ws/install/fire_flare/share/fire_flare/hook/pythonpath.ps1'
[2.720s] INFO:colcon.colcon_core.shell:Creating environment descriptor '/home/vihaan/ros2_ws/install/fire_flare/share/fire_flare/hook/pythonpath.dsv'
[2.721s] INFO:colcon.colcon_core.shell:Creating environment hook '/home/vihaan/ros2_ws/install/fire_flare/share/fire_flare/hook/pythonpath.sh'
[2.721s] Level 1:colcon.colcon_core.environment:checking '/home/vihaan/ros2_ws/install/fire_flare/bin'
[2.721s] Level 1:colcon.colcon_core.environment:create_environment_scripts_only(fire_flare)
[2.722s] INFO:colcon.colcon_core.shell:Creating package script '/home/vihaan/ros2_ws/install/fire_flare/share/fire_flare/package.ps1'
[2.722s] INFO:colcon.colcon_core.shell:Creating package descriptor '/home/vihaan/ros2_ws/install/fire_flare/share/fire_flare/package.dsv'
[2.723s] INFO:colcon.colcon_core.shell:Creating package script '/home/vihaan/ros2_ws/install/fire_flare/share/fire_flare/package.sh'
[2.723s] INFO:colcon.colcon_core.shell:Creating package script '/home/vihaan/ros2_ws/install/fire_flare/share/fire_flare/package.bash'
[2.723s] INFO:colcon.colcon_core.shell:Creating package script '/home/vihaan/ros2_ws/install/fire_flare/share/fire_flare/package.zsh'
[2.724s] Level 1:colcon.colcon_core.environment:create_file_with_runtime_dependencies(/home/vihaan/ros2_ws/install/fire_flare/share/colcon-core/packages/fire_flare)
[2.724s] DEBUG:colcon.colcon_parallel_executor.executor.parallel:closing loop
[2.724s] DEBUG:colcon.colcon_parallel_executor.executor.parallel:loop closed
[2.724s] DEBUG:colcon.colcon_parallel_executor.executor.parallel:run_until_complete finished with '0'
[2.725s] DEBUG:colcon.colcon_core.event_reactor:joining thread
[2.731s] INFO:colcon.colcon_core.plugin_system:Skipping extension 'colcon_notification.desktop_notification.terminal_notifier': Not used on non-Darwin systems
[2.731s] INFO:colcon.colcon_core.plugin_system:Skipping extension 'colcon_notification.desktop_notification.win32': Not used on non-Windows systems
[2.731s] INFO:colcon.colcon_notification.desktop_notification:Sending desktop notification using 'notify2'
[2.745s] DEBUG:colcon.colcon_core.event_reactor:joined thread
[2.745s] INFO:colcon.colcon_core.shell:Creating prefix script '/home/vihaan/ros2_ws/install/local_setup.ps1'
[2.747s] INFO:colcon.colcon_core.shell:Creating prefix util module '/home/vihaan/ros2_ws/install/_local_setup_util_ps1.py'
[2.748s] INFO:colcon.colcon_core.shell:Creating prefix chain script '/home/vihaan/ros2_ws/install/setup.ps1'
[2.752s] INFO:colcon.colcon_core.shell:Creating prefix script '/home/vihaan/ros2_ws/install/local_setup.sh'
[2.753s] INFO:colcon.colcon_core.shell:Creating prefix util module '/home/vihaan/ros2_ws/install/_local_setup_util_sh.py'
[2.754s] INFO:colcon.colcon_core.shell:Creating prefix chain script '/home/vihaan/ros2_ws/install/setup.sh'
[2.758s] INFO:colcon.colcon_core.shell:Creating prefix script '/home/vihaan/ros2_ws/install/local_setup.bash'
[2.759s] INFO:colcon.colcon_core.shell:Creating prefix chain script '/home/vihaan/ros2_ws/install/setup.bash'
[2.763s] INFO:colcon.colcon_core.shell:Creating prefix script '/home/vihaan/ros2_ws/install/local_setup.zsh'
[2.763s] INFO:colcon.colcon_core.shell:Creating prefix chain script '/home/vihaan/ros2_ws/install/setup.zsh'
