[0.650s] Invoking command in '/home/vihaan/ros2_ws/src/robot_config': PYTHONPATH=/home/vihaan/ros2_ws/build/robot_config/prefix_override:/usr/lib/python3/dist-packages/colcon_core/task/python/colcon_distutils_commands:/home/vihaan/ros2_ws/install/robot_config/lib/python3.10/site-packages:${PYTHONPATH} /usr/bin/python3 -W ignore:setup.py install is deprecated -W ignore:easy_install command is deprecated setup.py egg_info --egg-base ../../build/robot_config build --build-base /home/vihaan/ros2_ws/build/robot_config/build install --record /home/vihaan/ros2_ws/build/robot_config/install.log --single-version-externally-managed install_data
[0.826s] running egg_info
[0.827s] creating ../../build/robot_config/robot_config.egg-info
[0.827s] writing ../../build/robot_config/robot_config.egg-info/PKG-INFO
[0.827s] writing dependency_links to ../../build/robot_config/robot_config.egg-info/dependency_links.txt
[0.827s] writing entry points to ../../build/robot_config/robot_config.egg-info/entry_points.txt
[0.828s] writing requirements to ../../build/robot_config/robot_config.egg-info/requires.txt
[0.828s] writing top-level names to ../../build/robot_config/robot_config.egg-info/top_level.txt
[0.828s] writing manifest file '../../build/robot_config/robot_config.egg-info/SOURCES.txt'
[0.828s] reading manifest file '../../build/robot_config/robot_config.egg-info/SOURCES.txt'
[0.829s] writing manifest file '../../build/robot_config/robot_config.egg-info/SOURCES.txt'
[0.829s] running build
[0.829s] running build_py
[0.829s] creating /home/vihaan/ros2_ws/build/robot_config/build
[0.829s] creating /home/vihaan/ros2_ws/build/robot_config/build/lib
[0.829s] creating /home/vihaan/ros2_ws/build/robot_config/build/lib/robot_config
[0.829s] copying robot_config/__init__.py -> /home/vihaan/ros2_ws/build/robot_config/build/lib/robot_config
[0.829s] running install
[0.830s] running install_lib
[0.830s] creating /home/vihaan/ros2_ws/install/robot_config/lib/python3.10/site-packages/robot_config
[0.830s] copying /home/vihaan/ros2_ws/build/robot_config/build/lib/robot_config/__init__.py -> /home/vihaan/ros2_ws/install/robot_config/lib/python3.10/site-packages/robot_config
[0.831s] byte-compiling /home/vihaan/ros2_ws/install/robot_config/lib/python3.10/site-packages/robot_config/__init__.py to __init__.cpython-310.pyc
[0.831s] running install_data
[0.831s] creating /home/vihaan/ros2_ws/install/robot_config/share/robot_config/launch
[0.831s] copying launch/navigation_launch.py -> /home/vihaan/ros2_ws/install/robot_config/share/robot_config/launch
[0.831s] creating /home/vihaan/ros2_ws/install/robot_config/share/robot_config/robot_config
[0.831s] copying robot_config/nav2_params.yaml -> /home/vihaan/ros2_ws/install/robot_config/share/robot_config/robot_config
[0.831s] creating /home/vihaan/ros2_ws/install/robot_config/share/ament_index
[0.831s] creating /home/vihaan/ros2_ws/install/robot_config/share/ament_index/resource_index
[0.831s] creating /home/vihaan/ros2_ws/install/robot_config/share/ament_index/resource_index/packages
[0.832s] copying resource/robot_config -> /home/vihaan/ros2_ws/install/robot_config/share/ament_index/resource_index/packages
[0.832s] copying package.xml -> /home/vihaan/ros2_ws/install/robot_config/share/robot_config
[0.832s] running install_egg_info
[0.833s] Copying ../../build/robot_config/robot_config.egg-info to /home/vihaan/ros2_ws/install/robot_config/lib/python3.10/site-packages/robot_config-0.0.0-py3.10.egg-info
[0.834s] running install_scripts
[0.849s] writing list of installed files to '/home/vihaan/ros2_ws/build/robot_config/install.log'
[0.878s] Invoked command in '/home/vihaan/ros2_ws/src/robot_config' returned '0': PYTHONPATH=/home/vihaan/ros2_ws/build/robot_config/prefix_override:/usr/lib/python3/dist-packages/colcon_core/task/python/colcon_distutils_commands:/home/vihaan/ros2_ws/install/robot_config/lib/python3.10/site-packages:${PYTHONPATH} /usr/bin/python3 -W ignore:setup.py install is deprecated -W ignore:easy_install command is deprecated setup.py egg_info --egg-base ../../build/robot_config build --build-base /home/vihaan/ros2_ws/build/robot_config/build install --record /home/vihaan/ros2_ws/build/robot_config/install.log --single-version-externally-managed install_data
