[1.788s] Invoking command in '/home/vihaan/ros2_ws/src/robot_config': PYTHONPATH=/home/vihaan/ros2_ws/src/build/robot_config/prefix_override:/usr/lib/python3/dist-packages/colcon_core/task/python/colcon_distutils_commands:/home/vihaan/ros2_ws/src/install/robot_config/lib/python3.10/site-packages:${PYTHONPATH} /usr/bin/python3 -W ignore:setup.py install is deprecated -W ignore:easy_install command is deprecated setup.py egg_info --egg-base ../build/robot_config build --build-base /home/vihaan/ros2_ws/src/build/robot_config/build install --record /home/vihaan/ros2_ws/src/build/robot_config/install.log --single-version-externally-managed install_data
[2.071s] running egg_info
[2.072s] writing ../build/robot_config/robot_config.egg-info/PKG-INFO
[2.073s] writing dependency_links to ../build/robot_config/robot_config.egg-info/dependency_links.txt
[2.073s] writing entry points to ../build/robot_config/robot_config.egg-info/entry_points.txt
[2.073s] writing requirements to ../build/robot_config/robot_config.egg-info/requires.txt
[2.074s] writing top-level names to ../build/robot_config/robot_config.egg-info/top_level.txt
[2.076s] reading manifest file '../build/robot_config/robot_config.egg-info/SOURCES.txt'
[2.077s] writing manifest file '../build/robot_config/robot_config.egg-info/SOURCES.txt'
[2.077s] running build
[2.077s] running build_py
[2.079s] running install
[2.079s] running install_lib
[2.081s] running install_data
[2.082s] running install_egg_info
[2.084s] removing '/home/vihaan/ros2_ws/src/install/robot_config/lib/python3.10/site-packages/robot_config-0.0.0-py3.10.egg-info' (and everything under it)
[2.085s] Copying ../build/robot_config/robot_config.egg-info to /home/vihaan/ros2_ws/src/install/robot_config/lib/python3.10/site-packages/robot_config-0.0.0-py3.10.egg-info
[2.086s] running install_scripts
[2.110s] writing list of installed files to '/home/vihaan/ros2_ws/src/build/robot_config/install.log'
[2.179s] Invoked command in '/home/vihaan/ros2_ws/src/robot_config' returned '0': PYTHONPATH=/home/vihaan/ros2_ws/src/build/robot_config/prefix_override:/usr/lib/python3/dist-packages/colcon_core/task/python/colcon_distutils_commands:/home/vihaan/ros2_ws/src/install/robot_config/lib/python3.10/site-packages:${PYTHONPATH} /usr/bin/python3 -W ignore:setup.py install is deprecated -W ignore:easy_install command is deprecated setup.py egg_info --egg-base ../build/robot_config build --build-base /home/vihaan/ros2_ws/src/build/robot_config/build install --record /home/vihaan/ros2_ws/src/build/robot_config/install.log --single-version-externally-managed install_data
