[1.909s] Invoking command in '/home/vihaan/ros2_ws/src/fire_flare': PYTHONPATH=/home/vihaan/ros2_ws/src/build/fire_flare/prefix_override:/usr/lib/python3/dist-packages/colcon_core/task/python/colcon_distutils_commands:/home/vihaan/ros2_ws/src/install/fire_flare/lib/python3.10/site-packages:${PYTHONPATH} /usr/bin/python3 -W ignore:setup.py install is deprecated -W ignore:easy_install command is deprecated setup.py egg_info --egg-base ../build/fire_flare build --build-base /home/vihaan/ros2_ws/src/build/fire_flare/build install --record /home/vihaan/ros2_ws/src/build/fire_flare/install.log --single-version-externally-managed install_data
[2.216s] running egg_info
[2.217s] creating ../build/fire_flare/fire_flare.egg-info
[2.217s] writing ../build/fire_flare/fire_flare.egg-info/PKG-INFO
[2.218s] writing dependency_links to ../build/fire_flare/fire_flare.egg-info/dependency_links.txt
[2.218s] writing entry points to ../build/fire_flare/fire_flare.egg-info/entry_points.txt
[2.218s] writing requirements to ../build/fire_flare/fire_flare.egg-info/requires.txt
[2.219s] writing top-level names to ../build/fire_flare/fire_flare.egg-info/top_level.txt
[2.219s] writing manifest file '../build/fire_flare/fire_flare.egg-info/SOURCES.txt'
[2.221s] reading manifest file '../build/fire_flare/fire_flare.egg-info/SOURCES.txt'
[2.222s] writing manifest file '../build/fire_flare/fire_flare.egg-info/SOURCES.txt'
[2.222s] running build
[2.222s] running build_py
[2.222s] creating /home/vihaan/ros2_ws/src/build/fire_flare/build
[2.222s] creating /home/vihaan/ros2_ws/src/build/fire_flare/build/lib
[2.223s] creating /home/vihaan/ros2_ws/src/build/fire_flare/build/lib/fire_flare
[2.223s] copying fire_flare/__init__.py -> /home/vihaan/ros2_ws/src/build/fire_flare/build/lib/fire_flare
[2.223s] copying fire_flare/motors.py -> /home/vihaan/ros2_ws/src/build/fire_flare/build/lib/fire_flare
[2.223s] running install
[2.224s] running install_lib
[2.225s] creating /home/vihaan/ros2_ws/src/install/fire_flare/lib/python3.10/site-packages/fire_flare
[2.225s] copying /home/vihaan/ros2_ws/src/build/fire_flare/build/lib/fire_flare/__init__.py -> /home/vihaan/ros2_ws/src/install/fire_flare/lib/python3.10/site-packages/fire_flare
[2.225s] copying /home/vihaan/ros2_ws/src/build/fire_flare/build/lib/fire_flare/motors.py -> /home/vihaan/ros2_ws/src/install/fire_flare/lib/python3.10/site-packages/fire_flare
[2.226s] byte-compiling /home/vihaan/ros2_ws/src/install/fire_flare/lib/python3.10/site-packages/fire_flare/__init__.py to __init__.cpython-310.pyc
[2.227s] byte-compiling /home/vihaan/ros2_ws/src/install/fire_flare/lib/python3.10/site-packages/fire_flare/motors.py to motors.cpython-310.pyc
[2.227s] running install_data
[2.228s] creating /home/vihaan/ros2_ws/src/install/fire_flare/share/ament_index
[2.228s] creating /home/vihaan/ros2_ws/src/install/fire_flare/share/ament_index/resource_index
[2.228s] creating /home/vihaan/ros2_ws/src/install/fire_flare/share/ament_index/resource_index/packages
[2.228s] copying resource/fire_flare -> /home/vihaan/ros2_ws/src/install/fire_flare/share/ament_index/resource_index/packages
[2.228s] copying package.xml -> /home/vihaan/ros2_ws/src/install/fire_flare/share/fire_flare
[2.229s] running install_egg_info
[2.232s] Copying ../build/fire_flare/fire_flare.egg-info to /home/vihaan/ros2_ws/src/install/fire_flare/lib/python3.10/site-packages/fire_flare-0.0.0-py3.10.egg-info
[2.233s] running install_scripts
[2.260s] Installing motor script to /home/vihaan/ros2_ws/src/install/fire_flare/lib/fire_flare
[2.260s] writing list of installed files to '/home/vihaan/ros2_ws/src/build/fire_flare/install.log'
[2.310s] Invoked command in '/home/vihaan/ros2_ws/src/fire_flare' returned '0': PYTHONPATH=/home/vihaan/ros2_ws/src/build/fire_flare/prefix_override:/usr/lib/python3/dist-packages/colcon_core/task/python/colcon_distutils_commands:/home/vihaan/ros2_ws/src/install/fire_flare/lib/python3.10/site-packages:${PYTHONPATH} /usr/bin/python3 -W ignore:setup.py install is deprecated -W ignore:easy_install command is deprecated setup.py egg_info --egg-base ../build/fire_flare build --build-base /home/vihaan/ros2_ws/src/build/fire_flare/build install --record /home/vihaan/ros2_ws/src/build/fire_flare/install.log --single-version-externally-managed install_data
