[1.203s] Invoking command in '/home/vihaan/ros2_ws/src/custom_explorer': PYTHONPATH=/home/vihaan/ros2_ws/build/custom_explorer/prefix_override:/usr/lib/python3/dist-packages/colcon_core/task/python/colcon_distutils_commands:/home/vihaan/ros2_ws/install/custom_explorer/lib/python3.10/site-packages:${PYTHONPATH} /usr/bin/python3 -W ignore:setup.py install is deprecated -W ignore:easy_install command is deprecated setup.py egg_info --egg-base ../../build/custom_explorer build --build-base /home/vihaan/ros2_ws/build/custom_explorer/build install --record /home/vihaan/ros2_ws/build/custom_explorer/install.log --single-version-externally-managed install_data
[1.420s] running egg_info
[1.420s] writing ../../build/custom_explorer/custom_explorer.egg-info/PKG-INFO
[1.421s] writing dependency_links to ../../build/custom_explorer/custom_explorer.egg-info/dependency_links.txt
[1.421s] writing entry points to ../../build/custom_explorer/custom_explorer.egg-info/entry_points.txt
[1.421s] writing requirements to ../../build/custom_explorer/custom_explorer.egg-info/requires.txt
[1.421s] writing top-level names to ../../build/custom_explorer/custom_explorer.egg-info/top_level.txt
[1.422s] reading manifest file '../../build/custom_explorer/custom_explorer.egg-info/SOURCES.txt'
[1.423s] writing manifest file '../../build/custom_explorer/custom_explorer.egg-info/SOURCES.txt'
[1.423s] running build
[1.423s] running build_py
[1.424s] running install
[1.424s] running install_lib
[1.425s] running install_data
[1.425s] running install_egg_info
[1.427s] removing '/home/vihaan/ros2_ws/install/custom_explorer/lib/python3.10/site-packages/custom_explorer-0.0.0-py3.10.egg-info' (and everything under it)
[1.427s] Copying ../../build/custom_explorer/custom_explorer.egg-info to /home/vihaan/ros2_ws/install/custom_explorer/lib/python3.10/site-packages/custom_explorer-0.0.0-py3.10.egg-info
[1.428s] running install_scripts
[1.448s] Installing explorer script to /home/vihaan/ros2_ws/install/custom_explorer/lib/custom_explorer
[1.449s] writing list of installed files to '/home/vihaan/ros2_ws/build/custom_explorer/install.log'
[1.502s] Invoked command in '/home/vihaan/ros2_ws/src/custom_explorer' returned '0': PYTHONPATH=/home/vihaan/ros2_ws/build/custom_explorer/prefix_override:/usr/lib/python3/dist-packages/colcon_core/task/python/colcon_distutils_commands:/home/vihaan/ros2_ws/install/custom_explorer/lib/python3.10/site-packages:${PYTHONPATH} /usr/bin/python3 -W ignore:setup.py install is deprecated -W ignore:easy_install command is deprecated setup.py egg_info --egg-base ../../build/custom_explorer build --build-base /home/vihaan/ros2_ws/build/custom_explorer/build install --record /home/vihaan/ros2_ws/build/custom_explorer/install.log --single-version-externally-managed install_data
