[0.682s] Invoking command in '/home/vihaan/ros2_ws/src/robot_config': PYTHONPATH=/home/vihaan/ros2_ws/build/robot_config/prefix_override:/usr/lib/python3/dist-packages/colcon_core/task/python/colcon_distutils_commands:/home/vihaan/ros2_ws/install/robot_config/lib/python3.10/site-packages:${PYTHONPATH} /usr/bin/python3 -W ignore:setup.py install is deprecated -W ignore:easy_install command is deprecated setup.py egg_info --egg-base ../../build/robot_config build --build-base /home/vihaan/ros2_ws/build/robot_config/build install --record /home/vihaan/ros2_ws/build/robot_config/install.log --single-version-externally-managed install_data
[0.870s] running egg_info
[0.870s] writing ../../build/robot_config/robot_config.egg-info/PKG-INFO
[0.871s] writing dependency_links to ../../build/robot_config/robot_config.egg-info/dependency_links.txt
[0.871s] writing entry points to ../../build/robot_config/robot_config.egg-info/entry_points.txt
[0.871s] writing requirements to ../../build/robot_config/robot_config.egg-info/requires.txt
[0.871s] writing top-level names to ../../build/robot_config/robot_config.egg-info/top_level.txt
[0.872s] reading manifest file '../../build/robot_config/robot_config.egg-info/SOURCES.txt'
[0.873s] writing manifest file '../../build/robot_config/robot_config.egg-info/SOURCES.txt'
[0.873s] running build
[0.873s] running build_py
[0.873s] running install
[0.873s] running install_lib
[0.874s] running install_data
[0.874s] copying launch/nav2_launch.py -> /home/vihaan/ros2_ws/install/robot_config/share/robot_config/launch
[0.874s] running install_egg_info
[0.875s] removing '/home/vihaan/ros2_ws/install/robot_config/lib/python3.10/site-packages/robot_config-0.0.0-py3.10.egg-info' (and everything under it)
[0.876s] Copying ../../build/robot_config/robot_config.egg-info to /home/vihaan/ros2_ws/install/robot_config/lib/python3.10/site-packages/robot_config-0.0.0-py3.10.egg-info
[0.876s] running install_scripts
[0.892s] writing list of installed files to '/home/vihaan/ros2_ws/build/robot_config/install.log'
[0.922s] Invoked command in '/home/vihaan/ros2_ws/src/robot_config' returned '0': PYTHONPATH=/home/vihaan/ros2_ws/build/robot_config/prefix_override:/usr/lib/python3/dist-packages/colcon_core/task/python/colcon_distutils_commands:/home/vihaan/ros2_ws/install/robot_config/lib/python3.10/site-packages:${PYTHONPATH} /usr/bin/python3 -W ignore:setup.py install is deprecated -W ignore:easy_install command is deprecated setup.py egg_info --egg-base ../../build/robot_config build --build-base /home/vihaan/ros2_ws/build/robot_config/build install --record /home/vihaan/ros2_ws/build/robot_config/install.log --single-version-externally-managed install_data
