[1.440s] Invoking command in '/home/vihaan/ros2_ws/src/custom_explorer': PYTHONPATH=/home/vihaan/ros2_ws/build/custom_explorer/prefix_override:/usr/lib/python3/dist-packages/colcon_core/task/python/colcon_distutils_commands:/home/vihaan/ros2_ws/install/custom_explorer/lib/python3.10/site-packages:${PYTHONPATH} /usr/bin/python3 -W ignore:setup.py install is deprecated -W ignore:easy_install command is deprecated setup.py egg_info --egg-base ../../build/custom_explorer build --build-base /home/vihaan/ros2_ws/build/custom_explorer/build install --record /home/vihaan/ros2_ws/build/custom_explorer/install.log --single-version-externally-managed install_data
[1.728s] running egg_info
[1.729s] writing ../../build/custom_explorer/custom_explorer.egg-info/PKG-INFO
[1.729s] writing dependency_links to ../../build/custom_explorer/custom_explorer.egg-info/dependency_links.txt
[1.730s] writing entry points to ../../build/custom_explorer/custom_explorer.egg-info/entry_points.txt
[1.730s] writing requirements to ../../build/custom_explorer/custom_explorer.egg-info/requires.txt
[1.730s] writing top-level names to ../../build/custom_explorer/custom_explorer.egg-info/top_level.txt
[1.732s] reading manifest file '../../build/custom_explorer/custom_explorer.egg-info/SOURCES.txt'
[1.733s] writing manifest file '../../build/custom_explorer/custom_explorer.egg-info/SOURCES.txt'
[1.733s] running build
[1.733s] running build_py
[1.734s] copying custom_explorer/explorer.py -> /home/vihaan/ros2_ws/build/custom_explorer/build/lib/custom_explorer
[1.734s] running install
[1.734s] running install_lib
[1.735s] copying /home/vihaan/ros2_ws/build/custom_explorer/build/lib/custom_explorer/explorer.py -> /home/vihaan/ros2_ws/install/custom_explorer/lib/python3.10/site-packages/custom_explorer
[1.736s] byte-compiling /home/vihaan/ros2_ws/install/custom_explorer/lib/python3.10/site-packages/custom_explorer/explorer.py to explorer.cpython-310.pyc
[1.738s] running install_data
[1.738s] running install_egg_info
[1.740s] removing '/home/vihaan/ros2_ws/install/custom_explorer/lib/python3.10/site-packages/custom_explorer-0.0.0-py3.10.egg-info' (and everything under it)
[1.740s] Copying ../../build/custom_explorer/custom_explorer.egg-info to /home/vihaan/ros2_ws/install/custom_explorer/lib/python3.10/site-packages/custom_explorer-0.0.0-py3.10.egg-info
[1.742s] running install_scripts
[1.766s] Installing explorer script to /home/vihaan/ros2_ws/install/custom_explorer/lib/custom_explorer
[1.767s] writing list of installed files to '/home/vihaan/ros2_ws/build/custom_explorer/install.log'
[1.812s] Invoked command in '/home/vihaan/ros2_ws/src/custom_explorer' returned '0': PYTHONPATH=/home/vihaan/ros2_ws/build/custom_explorer/prefix_override:/usr/lib/python3/dist-packages/colcon_core/task/python/colcon_distutils_commands:/home/vihaan/ros2_ws/install/custom_explorer/lib/python3.10/site-packages:${PYTHONPATH} /usr/bin/python3 -W ignore:setup.py install is deprecated -W ignore:easy_install command is deprecated setup.py egg_info --egg-base ../../build/custom_explorer build --build-base /home/vihaan/ros2_ws/build/custom_explorer/build install --record /home/vihaan/ros2_ws/build/custom_explorer/install.log --single-version-externally-managed install_data
