[1.860s] Invoking command in '/home/vihaan/ros2_ws/src/custom_explorer': PYTHONPATH=/home/vihaan/ros2_ws/src/build/custom_explorer/prefix_override:/usr/lib/python3/dist-packages/colcon_core/task/python/colcon_distutils_commands:/home/vihaan/ros2_ws/src/install/custom_explorer/lib/python3.10/site-packages:${PYTHONPATH} /usr/bin/python3 -W ignore:setup.py install is deprecated -W ignore:easy_install command is deprecated setup.py egg_info --egg-base ../build/custom_explorer build --build-base /home/vihaan/ros2_ws/src/build/custom_explorer/build install --record /home/vihaan/ros2_ws/src/build/custom_explorer/install.log --single-version-externally-managed install_data
[2.157s] running egg_info
[2.158s] writing ../build/custom_explorer/custom_explorer.egg-info/PKG-INFO
[2.158s] writing dependency_links to ../build/custom_explorer/custom_explorer.egg-info/dependency_links.txt
[2.158s] writing entry points to ../build/custom_explorer/custom_explorer.egg-info/entry_points.txt
[2.159s] writing requirements to ../build/custom_explorer/custom_explorer.egg-info/requires.txt
[2.159s] writing top-level names to ../build/custom_explorer/custom_explorer.egg-info/top_level.txt
[2.160s] reading manifest file '../build/custom_explorer/custom_explorer.egg-info/SOURCES.txt'
[2.161s] writing manifest file '../build/custom_explorer/custom_explorer.egg-info/SOURCES.txt'
[2.161s] running build
[2.162s] running build_py
[2.162s] running install
[2.162s] running install_lib
[2.164s] running install_data
[2.164s] running install_egg_info
[2.166s] removing '/home/vihaan/ros2_ws/src/install/custom_explorer/lib/python3.10/site-packages/custom_explorer-0.0.0-py3.10.egg-info' (and everything under it)
[2.166s] Copying ../build/custom_explorer/custom_explorer.egg-info to /home/vihaan/ros2_ws/src/install/custom_explorer/lib/python3.10/site-packages/custom_explorer-0.0.0-py3.10.egg-info
[2.167s] running install_scripts
[2.192s] Installing explorer script to /home/vihaan/ros2_ws/src/install/custom_explorer/lib/custom_explorer
[2.193s] writing list of installed files to '/home/vihaan/ros2_ws/src/build/custom_explorer/install.log'
[2.228s] Invoked command in '/home/vihaan/ros2_ws/src/custom_explorer' returned '0': PYTHONPATH=/home/vihaan/ros2_ws/src/build/custom_explorer/prefix_override:/usr/lib/python3/dist-packages/colcon_core/task/python/colcon_distutils_commands:/home/vihaan/ros2_ws/src/install/custom_explorer/lib/python3.10/site-packages:${PYTHONPATH} /usr/bin/python3 -W ignore:setup.py install is deprecated -W ignore:easy_install command is deprecated setup.py egg_info --egg-base ../build/custom_explorer build --build-base /home/vihaan/ros2_ws/src/build/custom_explorer/build install --record /home/vihaan/ros2_ws/src/build/custom_explorer/install.log --single-version-externally-managed install_data
