[2.486s] Invoking command in '/home/vihaan/ros2_ws/src/pure_pursuit': PYTHONPATH=/home/vihaan/ros2_ws/build/pure_pursuit/prefix_override:/usr/lib/python3/dist-packages/colcon_core/task/python/colcon_distutils_commands:/home/vihaan/ros2_ws/install/pure_pursuit/lib/python3.10/site-packages:${PYTHONPATH} /usr/bin/python3 -W ignore:setup.py install is deprecated -W ignore:easy_install command is deprecated setup.py egg_info --egg-base ../../build/pure_pursuit build --build-base /home/vihaan/ros2_ws/build/pure_pursuit/build install --record /home/vihaan/ros2_ws/build/pure_pursuit/install.log --single-version-externally-managed install_data
[2.816s] running egg_info
[2.816s] writing ../../build/pure_pursuit/pure_pursuit.egg-info/PKG-INFO
[2.817s] writing dependency_links to ../../build/pure_pursuit/pure_pursuit.egg-info/dependency_links.txt
[2.817s] writing entry points to ../../build/pure_pursuit/pure_pursuit.egg-info/entry_points.txt
[2.817s] writing requirements to ../../build/pure_pursuit/pure_pursuit.egg-info/requires.txt
[2.817s] writing top-level names to ../../build/pure_pursuit/pure_pursuit.egg-info/top_level.txt
[2.819s] reading manifest file '../../build/pure_pursuit/pure_pursuit.egg-info/SOURCES.txt'
[2.820s] writing manifest file '../../build/pure_pursuit/pure_pursuit.egg-info/SOURCES.txt'
[2.820s] running build
[2.821s] running build_py
[2.821s] copying pure_pursuit/pursuit.py -> /home/vihaan/ros2_ws/build/pure_pursuit/build/lib/pure_pursuit
[2.821s] running install
[2.821s] running install_lib
[2.822s] copying /home/vihaan/ros2_ws/build/pure_pursuit/build/lib/pure_pursuit/pursuit.py -> /home/vihaan/ros2_ws/install/pure_pursuit/lib/python3.10/site-packages/pure_pursuit
[2.824s] byte-compiling /home/vihaan/ros2_ws/install/pure_pursuit/lib/python3.10/site-packages/pure_pursuit/pursuit.py to pursuit.cpython-310.pyc
[2.829s] running install_data
[2.829s] running install_egg_info
[2.832s] removing '/home/vihaan/ros2_ws/install/pure_pursuit/lib/python3.10/site-packages/pure_pursuit-0.0.0-py3.10.egg-info' (and everything under it)
[2.833s] Copying ../../build/pure_pursuit/pure_pursuit.egg-info to /home/vihaan/ros2_ws/install/pure_pursuit/lib/python3.10/site-packages/pure_pursuit-0.0.0-py3.10.egg-info
[2.834s] running install_scripts
[2.866s] Installing pursuit_node script to /home/vihaan/ros2_ws/install/pure_pursuit/lib/pure_pursuit
[2.867s] writing list of installed files to '/home/vihaan/ros2_ws/build/pure_pursuit/install.log'
[2.978s] Invoked command in '/home/vihaan/ros2_ws/src/pure_pursuit' returned '0': PYTHONPATH=/home/vihaan/ros2_ws/build/pure_pursuit/prefix_override:/usr/lib/python3/dist-packages/colcon_core/task/python/colcon_distutils_commands:/home/vihaan/ros2_ws/install/pure_pursuit/lib/python3.10/site-packages:${PYTHONPATH} /usr/bin/python3 -W ignore:setup.py install is deprecated -W ignore:easy_install command is deprecated setup.py egg_info --egg-base ../../build/pure_pursuit build --build-base /home/vihaan/ros2_ws/build/pure_pursuit/build install --record /home/vihaan/ros2_ws/build/pure_pursuit/install.log --single-version-externally-managed install_data
