running egg_info
creating ../../build/fire_flare/fire_flare.egg-info
writing ../../build/fire_flare/fire_flare.egg-info/PKG-INFO
writing dependency_links to ../../build/fire_flare/fire_flare.egg-info/dependency_links.txt
writing entry points to ../../build/fire_flare/fire_flare.egg-info/entry_points.txt
writing requirements to ../../build/fire_flare/fire_flare.egg-info/requires.txt
writing top-level names to ../../build/fire_flare/fire_flare.egg-info/top_level.txt
writing manifest file '../../build/fire_flare/fire_flare.egg-info/SOURCES.txt'
reading manifest file '../../build/fire_flare/fire_flare.egg-info/SOURCES.txt'
writing manifest file '../../build/fire_flare/fire_flare.egg-info/SOURCES.txt'
running build
running build_py
creating /home/vihaan/ros2_ws/build/fire_flare/build
creating /home/vihaan/ros2_ws/build/fire_flare/build/lib
creating /home/vihaan/ros2_ws/build/fire_flare/build/lib/fire_flare
copying fire_flare/__init__.py -> /home/vihaan/ros2_ws/build/fire_flare/build/lib/fire_flare
running install
running install_lib
creating /home/vihaan/ros2_ws/install/fire_flare/lib/python3.10/site-packages/fire_flare
copying /home/vihaan/ros2_ws/build/fire_flare/build/lib/fire_flare/__init__.py -> /home/vihaan/ros2_ws/install/fire_flare/lib/python3.10/site-packages/fire_flare
byte-compiling /home/vihaan/ros2_ws/install/fire_flare/lib/python3.10/site-packages/fire_flare/__init__.py to __init__.cpython-310.pyc
running install_data
creating /home/vihaan/ros2_ws/install/fire_flare/share/ament_index
creating /home/vihaan/ros2_ws/install/fire_flare/share/ament_index/resource_index
creating /home/vihaan/ros2_ws/install/fire_flare/share/ament_index/resource_index/packages
copying resource/fire_flare -> /home/vihaan/ros2_ws/install/fire_flare/share/ament_index/resource_index/packages
copying package.xml -> /home/vihaan/ros2_ws/install/fire_flare/share/fire_flare
running install_egg_info
Copying ../../build/fire_flare/fire_flare.egg-info to /home/vihaan/ros2_ws/install/fire_flare/lib/python3.10/site-packages/fire_flare-0.0.0-py3.10.egg-info
running install_scripts
writing list of installed files to '/home/vihaan/ros2_ws/build/fire_flare/install.log'
