[2.881s] Invoking command in '/home/vihaan/ros2_ws/src/custom_explorer': PYTHONPATH=/home/vihaan/ros2_ws/build/custom_explorer/prefix_override:/usr/lib/python3/dist-packages/colcon_core/task/python/colcon_distutils_commands:/home/vihaan/ros2_ws/install/custom_explorer/lib/python3.10/site-packages:${PYTHONPATH} /usr/bin/python3 -W ignore:setup.py install is deprecated -W ignore:easy_install command is deprecated setup.py egg_info --egg-base ../../build/custom_explorer build --build-base /home/vihaan/ros2_ws/build/custom_explorer/build install --record /home/vihaan/ros2_ws/build/custom_explorer/install.log --single-version-externally-managed install_data
[3.225s] running egg_info
[3.226s] writing ../../build/custom_explorer/custom_explorer.egg-info/PKG-INFO
[3.226s] writing dependency_links to ../../build/custom_explorer/custom_explorer.egg-info/dependency_links.txt
[3.227s] writing entry points to ../../build/custom_explorer/custom_explorer.egg-info/entry_points.txt
[3.227s] writing requirements to ../../build/custom_explorer/custom_explorer.egg-info/requires.txt
[3.227s] writing top-level names to ../../build/custom_explorer/custom_explorer.egg-info/top_level.txt
[3.229s] reading manifest file '../../build/custom_explorer/custom_explorer.egg-info/SOURCES.txt'
[3.230s] writing manifest file '../../build/custom_explorer/custom_explorer.egg-info/SOURCES.txt'
[3.231s] running build
[3.231s] running build_py
[3.231s] running install
[3.232s] running install_lib
[3.234s] running install_data
[3.234s] running install_egg_info
[3.237s] removing '/home/vihaan/ros2_ws/install/custom_explorer/lib/python3.10/site-packages/custom_explorer-0.0.0-py3.10.egg-info' (and everything under it)
[3.237s] Copying ../../build/custom_explorer/custom_explorer.egg-info to /home/vihaan/ros2_ws/install/custom_explorer/lib/python3.10/site-packages/custom_explorer-0.0.0-py3.10.egg-info
[3.239s] running install_scripts
[3.273s] Installing explorer script to /home/vihaan/ros2_ws/install/custom_explorer/lib/custom_explorer
[3.274s] writing list of installed files to '/home/vihaan/ros2_ws/build/custom_explorer/install.log'
[3.346s] Invoked command in '/home/vihaan/ros2_ws/src/custom_explorer' returned '0': PYTHONPATH=/home/vihaan/ros2_ws/build/custom_explorer/prefix_override:/usr/lib/python3/dist-packages/colcon_core/task/python/colcon_distutils_commands:/home/vihaan/ros2_ws/install/custom_explorer/lib/python3.10/site-packages:${PYTHONPATH} /usr/bin/python3 -W ignore:setup.py install is deprecated -W ignore:easy_install command is deprecated setup.py egg_info --egg-base ../../build/custom_explorer build --build-base /home/vihaan/ros2_ws/build/custom_explorer/build install --record /home/vihaan/ros2_ws/build/custom_explorer/install.log --single-version-externally-managed install_data
