[1.204s] Invoking command in '/home/vihaan/ros2_ws/src/custom_explorer': PYTHONPATH=/home/vihaan/ros2_ws/src/build/custom_explorer/prefix_override:/usr/lib/python3/dist-packages/colcon_core/task/python/colcon_distutils_commands:/home/vihaan/ros2_ws/src/install/custom_explorer/lib/python3.10/site-packages:${PYTHONPATH} /usr/bin/python3 -W ignore:setup.py install is deprecated -W ignore:easy_install command is deprecated setup.py egg_info --egg-base ../build/custom_explorer build --build-base /home/vihaan/ros2_ws/src/build/custom_explorer/build install --record /home/vihaan/ros2_ws/src/build/custom_explorer/install.log --single-version-externally-managed install_data
[1.418s] running egg_info
[1.419s] writing ../build/custom_explorer/custom_explorer.egg-info/PKG-INFO
[1.420s] writing dependency_links to ../build/custom_explorer/custom_explorer.egg-info/dependency_links.txt
[1.420s] writing entry points to ../build/custom_explorer/custom_explorer.egg-info/entry_points.txt
[1.420s] writing requirements to ../build/custom_explorer/custom_explorer.egg-info/requires.txt
[1.420s] writing top-level names to ../build/custom_explorer/custom_explorer.egg-info/top_level.txt
[1.421s] reading manifest file '../build/custom_explorer/custom_explorer.egg-info/SOURCES.txt'
[1.421s] writing manifest file '../build/custom_explorer/custom_explorer.egg-info/SOURCES.txt'
[1.421s] running build
[1.421s] running build_py
[1.422s] copying custom_explorer/explorer.py -> /home/vihaan/ros2_ws/src/build/custom_explorer/build/lib/custom_explorer
[1.422s] running install
[1.422s] running install_lib
[1.423s] copying /home/vihaan/ros2_ws/src/build/custom_explorer/build/lib/custom_explorer/explorer.py -> /home/vihaan/ros2_ws/src/install/custom_explorer/lib/python3.10/site-packages/custom_explorer
[1.423s] byte-compiling /home/vihaan/ros2_ws/src/install/custom_explorer/lib/python3.10/site-packages/custom_explorer/explorer.py to explorer.cpython-310.pyc
[1.426s] running install_data
[1.426s] copying package.xml -> /home/vihaan/ros2_ws/src/install/custom_explorer/share/custom_explorer
[1.427s] running install_egg_info
[1.428s] removing '/home/vihaan/ros2_ws/src/install/custom_explorer/lib/python3.10/site-packages/custom_explorer-0.0.0-py3.10.egg-info' (and everything under it)
[1.429s] Copying ../build/custom_explorer/custom_explorer.egg-info to /home/vihaan/ros2_ws/src/install/custom_explorer/lib/python3.10/site-packages/custom_explorer-0.0.0-py3.10.egg-info
[1.429s] running install_scripts
[1.450s] Installing explorer script to /home/vihaan/ros2_ws/src/install/custom_explorer/lib/custom_explorer
[1.450s] writing list of installed files to '/home/vihaan/ros2_ws/src/build/custom_explorer/install.log'
[1.495s] Invoked command in '/home/vihaan/ros2_ws/src/custom_explorer' returned '0': PYTHONPATH=/home/vihaan/ros2_ws/src/build/custom_explorer/prefix_override:/usr/lib/python3/dist-packages/colcon_core/task/python/colcon_distutils_commands:/home/vihaan/ros2_ws/src/install/custom_explorer/lib/python3.10/site-packages:${PYTHONPATH} /usr/bin/python3 -W ignore:setup.py install is deprecated -W ignore:easy_install command is deprecated setup.py egg_info --egg-base ../build/custom_explorer build --build-base /home/vihaan/ros2_ws/src/build/custom_explorer/build install --record /home/vihaan/ros2_ws/src/build/custom_explorer/install.log --single-version-externally-managed install_data
