[0.499s] Invoking command in '/home/vihaan/ros2_ws/src/custom_explorer': PYTHONPATH=/home/vihaan/ros2_ws/src/build/custom_explorer/prefix_override:/usr/lib/python3/dist-packages/colcon_core/task/python/colcon_distutils_commands:/home/vihaan/ros2_ws/src/install/custom_explorer/lib/python3.10/site-packages:${PYTHONPATH} /usr/bin/python3 -W ignore:setup.py install is deprecated -W ignore:easy_install command is deprecated setup.py egg_info --egg-base ../build/custom_explorer build --build-base /home/vihaan/ros2_ws/src/build/custom_explorer/build install --record /home/vihaan/ros2_ws/src/build/custom_explorer/install.log --single-version-externally-managed install_data
[0.695s] running egg_info
[0.695s] writing ../build/custom_explorer/custom_explorer.egg-info/PKG-INFO
[0.695s] writing dependency_links to ../build/custom_explorer/custom_explorer.egg-info/dependency_links.txt
[0.695s] writing entry points to ../build/custom_explorer/custom_explorer.egg-info/entry_points.txt
[0.695s] writing requirements to ../build/custom_explorer/custom_explorer.egg-info/requires.txt
[0.695s] writing top-level names to ../build/custom_explorer/custom_explorer.egg-info/top_level.txt
[0.696s] reading manifest file '../build/custom_explorer/custom_explorer.egg-info/SOURCES.txt'
[0.697s] writing manifest file '../build/custom_explorer/custom_explorer.egg-info/SOURCES.txt'
[0.697s] running build
[0.697s] running build_py
[0.697s] copying custom_explorer/explorer.py -> /home/vihaan/ros2_ws/src/build/custom_explorer/build/lib/custom_explorer
[0.697s] running install
[0.698s] running install_lib
[0.698s] copying /home/vihaan/ros2_ws/src/build/custom_explorer/build/lib/custom_explorer/explorer.py -> /home/vihaan/ros2_ws/src/install/custom_explorer/lib/python3.10/site-packages/custom_explorer
[0.699s] byte-compiling /home/vihaan/ros2_ws/src/install/custom_explorer/lib/python3.10/site-packages/custom_explorer/explorer.py to explorer.cpython-310.pyc
[0.700s] running install_data
[0.700s] running install_egg_info
[0.701s] removing '/home/vihaan/ros2_ws/src/install/custom_explorer/lib/python3.10/site-packages/custom_explorer-0.0.0-py3.10.egg-info' (and everything under it)
[0.701s] Copying ../build/custom_explorer/custom_explorer.egg-info to /home/vihaan/ros2_ws/src/install/custom_explorer/lib/python3.10/site-packages/custom_explorer-0.0.0-py3.10.egg-info
[0.702s] running install_scripts
[0.718s] Installing explorer script to /home/vihaan/ros2_ws/src/install/custom_explorer/lib/custom_explorer
[0.718s] writing list of installed files to '/home/vihaan/ros2_ws/src/build/custom_explorer/install.log'
[0.739s] Invoked command in '/home/vihaan/ros2_ws/src/custom_explorer' returned '0': PYTHONPATH=/home/vihaan/ros2_ws/src/build/custom_explorer/prefix_override:/usr/lib/python3/dist-packages/colcon_core/task/python/colcon_distutils_commands:/home/vihaan/ros2_ws/src/install/custom_explorer/lib/python3.10/site-packages:${PYTHONPATH} /usr/bin/python3 -W ignore:setup.py install is deprecated -W ignore:easy_install command is deprecated setup.py egg_info --egg-base ../build/custom_explorer build --build-base /home/vihaan/ros2_ws/src/build/custom_explorer/build install --record /home/vihaan/ros2_ws/src/build/custom_explorer/install.log --single-version-externally-managed install_data
