running egg_info
writing ../build/thermal_explorer/thermal_explorer.egg-info/PKG-INFO
writing dependency_links to ../build/thermal_explorer/thermal_explorer.egg-info/dependency_links.txt
writing entry points to ../build/thermal_explorer/thermal_explorer.egg-info/entry_points.txt
writing requirements to ../build/thermal_explorer/thermal_explorer.egg-info/requires.txt
writing top-level names to ../build/thermal_explorer/thermal_explorer.egg-info/top_level.txt
reading manifest file '../build/thermal_explorer/thermal_explorer.egg-info/SOURCES.txt'
writing manifest file '../build/thermal_explorer/thermal_explorer.egg-info/SOURCES.txt'
running build
running build_py
copying thermal_explorer/thermal_scan.py -> /home/vihaan/ros2_ws/src/build/thermal_explorer/build/lib/thermal_explorer
running install
running install_lib
copying /home/vihaan/ros2_ws/src/build/thermal_explorer/build/lib/thermal_explorer/thermal_scan.py -> /home/vihaan/ros2_ws/src/install/thermal_explorer/lib/python3.10/site-packages/thermal_explorer
byte-compiling /home/vihaan/ros2_ws/src/install/thermal_explorer/lib/python3.10/site-packages/thermal_explorer/thermal_scan.py to thermal_scan.cpython-310.pyc
running install_data
running install_egg_info
removing '/home/vihaan/ros2_ws/src/install/thermal_explorer/lib/python3.10/site-packages/thermal_explorer-0.0.0-py3.10.egg-info' (and everything under it)
Copying ../build/thermal_explorer/thermal_explorer.egg-info to /home/vihaan/ros2_ws/src/install/thermal_explorer/lib/python3.10/site-packages/thermal_explorer-0.0.0-py3.10.egg-info
running install_scripts
Installing thermal script to /home/vihaan/ros2_ws/src/install/thermal_explorer/lib/thermal_explorer
writing list of installed files to '/home/vihaan/ros2_ws/src/build/thermal_explorer/install.log'
